[2024-11-29 13:57:54] This is codeql database create databasePy --language=python
[2024-11-29 13:57:54] Log file was started late.
[2024-11-29 13:57:54] [PROGRESS] database create> Initializing database at H:\Desktop\Codeql\databasePy.
[2024-11-29 13:57:54] Running plumbing command: codeql database init --language=python --extractor-options-verbosity=1 --qlconfig-file=H:\Desktop\Codeql\qlconfig.yml --source-root=H:\Desktop\Codeql --allow-missing-source-root=false --allow-already-existing -- H:\Desktop\Codeql\databasePy
[2024-11-29 13:57:54] Calling plumbing command: codeql resolve languages --extractor-options-verbosity=1 --format=betterjson
[2024-11-29 13:57:54] [DETAILS] resolve languages> Scanning for [codeql-extractor.yml] from h:\Desktop\codeql-win64\codeql\.codeqlmanifest.json
[2024-11-29 13:57:54] [DETAILS] resolve languages> Parsing h:\Desktop\codeql-win64\codeql\cpp\codeql-extractor.yml.
[2024-11-29 13:57:54] [DETAILS] resolve languages> Parsing h:\Desktop\codeql-win64\codeql\csharp\codeql-extractor.yml.
[2024-11-29 13:57:54] [DETAILS] resolve languages> Parsing h:\Desktop\codeql-win64\codeql\csv\codeql-extractor.yml.
[2024-11-29 13:57:54] [DETAILS] resolve languages> Parsing h:\Desktop\codeql-win64\codeql\go\codeql-extractor.yml.
[2024-11-29 13:57:54] [DETAILS] resolve languages> Parsing h:\Desktop\codeql-win64\codeql\html\codeql-extractor.yml.
[2024-11-29 13:57:54] [DETAILS] resolve languages> Parsing h:\Desktop\codeql-win64\codeql\java\codeql-extractor.yml.
[2024-11-29 13:57:54] [DETAILS] resolve languages> Parsing h:\Desktop\codeql-win64\codeql\javascript\codeql-extractor.yml.
[2024-11-29 13:57:54] [DETAILS] resolve languages> Parsing h:\Desktop\codeql-win64\codeql\properties\codeql-extractor.yml.
[2024-11-29 13:57:54] [DETAILS] resolve languages> Parsing h:\Desktop\codeql-win64\codeql\python\codeql-extractor.yml.
[2024-11-29 13:57:54] [DETAILS] resolve languages> Parsing h:\Desktop\codeql-win64\codeql\ruby\codeql-extractor.yml.
[2024-11-29 13:57:54] [DETAILS] resolve languages> Parsing h:\Desktop\codeql-win64\codeql\swift\codeql-extractor.yml.
[2024-11-29 13:57:54] [DETAILS] resolve languages> Parsing h:\Desktop\codeql-win64\codeql\xml\codeql-extractor.yml.
[2024-11-29 13:57:54] [DETAILS] resolve languages> Parsing h:\Desktop\codeql-win64\codeql\yaml\codeql-extractor.yml.
[2024-11-29 13:57:54] Plumbing command codeql resolve languages completed:
                      {
                        "aliases" : {
                          "c" : "cpp",
                          "c++" : "cpp",
                          "c-c++" : "cpp",
                          "c-cpp" : "cpp",
                          "c#" : "csharp",
                          "java-kotlin" : "java",
                          "kotlin" : "java",
                          "javascript-typescript" : "javascript",
                          "typescript" : "javascript"
                        },
                        "extractors" : {
                          "cpp" : [
                            {
                              "extractor_root" : "h:\\Desktop\\codeql-win64\\codeql\\cpp",
                              "extractor_options" : {
                                "scale_timeouts" : {
                                  "title" : "Value to scale compiler introspection timeouts with",
                                  "description" : "The extractor attempts to determine what compiler the source code being extracted is compiled with. To this end the extractor makes additional calls to the compiler, some of which are expected to return within a certain fixed time (either 10s or 15s). On some systems that are under high load this time might be too short, and can be scaled up using this option.\n",
                                  "type" : "string",
                                  "pattern" : "[0-9]+"
                                },
                                "log_verbosity" : {
                                  "title" : "Verbosity of the extractor logging",
                                  "description" : "Set the verbosity of the extractor logging to 'quiet' (0), 'normal' (1), 'chatty' (2), or 'noisy' (3). The default is 'normal'.\n",
                                  "type" : "string",
                                  "pattern" : "[0-3]"
                                }
                              }
                            }
                          ],
                          "csharp" : [
                            {
                              "extractor_root" : "h:\\Desktop\\codeql-win64\\codeql\\csharp",
                              "extractor_options" : {
                                "trap" : {
                                  "title" : "Options pertaining to TRAP.",
                                  "description" : "Options pertaining to TRAP.",
                                  "type" : "object",
                                  "properties" : {
                                    "compression" : {
                                      "title" : "Controls compression for the TRAP files written by the extractor.",
                                      "description" : "This option is only intended for use in debugging the extractor. Accepted values are 'brotli' (the default, to write brotli-compressed TRAP), 'gzip', and 'none' (to write uncompressed TRAP).\n",
                                      "type" : "string",
                                      "pattern" : "^(none|gzip|brotli)$"
                                    }
                                  }
                                },
                                "buildless" : {
                                  "title" : "DEPRECATED - Whether to use buildless (standalone) extraction.",
                                  "description" : "DEPRECATED: Use `--build-mode none` instead.\nA value indicating, which type of extraction the autobuilder should perform. If 'true', then the standalone extractor will be used, otherwise tracing extraction will be performed. The default is 'false'. Note that buildless extraction will generally yield less accurate analysis results, and should only be used in cases where it is not possible to build the code (for example if it uses inaccessible dependencies).\n",
                                  "type" : "string",
                                  "pattern" : "^(false|true)$"
                                },
                                "logging" : {
                                  "title" : "Options pertaining to logging.",
                                  "description" : "Options pertaining to logging.",
                                  "type" : "object",
                                  "properties" : {
                                    "verbosity" : {
                                      "title" : "Extractor logging verbosity level.",
                                      "description" : "Controls the level of verbosity of the extractor. The supported levels are (in order of increasing verbosity):\n  - off\n  - errors\n  - warnings\n  - info or progress\n  - debug or progress+\n  - trace or progress++\n  - progress+++\n",
                                      "type" : "string",
                                      "pattern" : "^(off|errors|warnings|(info|progress)|(debug|progress\\+)|(trace|progress\\+\\+)|progress\\+\\+\\+)$"
                                    }
                                  }
                                },
                                "binlog" : {
                                  "title" : "Binlog",
                                  "description" : "[EXPERIMENTAL] The value is a path to the MsBuild binary log file that should be extracted. This option only works when `--build-mode none` is also specified.\n",
                                  "type" : "string"
                                }
                              }
                            }
                          ],
                          "csv" : [
                            {
                              "extractor_root" : "h:\\Desktop\\codeql-win64\\codeql\\csv"
                            }
                          ],
                          "go" : [
                            {
                              "extractor_root" : "h:\\Desktop\\codeql-win64\\codeql\\go",
                              "extractor_options" : {
                                "extract_tests" : {
                                  "title" : "Whether to include Go test files in the CodeQL database.",
                                  "description" : "A value indicating whether Go test files should be included in the CodeQL database. The default is 'false'.\n",
                                  "type" : "string",
                                  "pattern" : "^(false|true)$"
                                },
                                "extract_vendor_dirs" : {
                                  "title" : "Whether to include Go vendor directories in the CodeQL database.",
                                  "description" : "A value indicating whether Go vendor directories should be included in the CodeQL database. The default is 'false'.\n",
                                  "type" : "string",
                                  "pattern" : "^(false|true)$"
                                }
                              }
                            }
                          ],
                          "html" : [
                            {
                              "extractor_root" : "h:\\Desktop\\codeql-win64\\codeql\\html"
                            }
                          ],
                          "java" : [
                            {
                              "extractor_root" : "h:\\Desktop\\codeql-win64\\codeql\\java",
                              "extractor_options" : {
                                "exclude" : {
                                  "title" : "A glob excluding files from analysis.",
                                  "description" : "A glob indicating what files to exclude from the analysis.\n",
                                  "type" : "string"
                                },
                                "add_prefer_source" : {
                                  "title" : "Whether to always prefer source files over class files.",
                                  "description" : "A value indicating whether source files should be preferred over class files. If set to 'true', the extraction adds '-Xprefer:source' to the javac command line. If set to 'false', the extraction uses the default javac behavior ('-Xprefer:newer'). The default is 'true'.\n",
                                  "type" : "string",
                                  "pattern" : "^(false|true)$"
                                },
                                "buildless" : {
                                  "title" : "Whether to use buildless (standalone) extraction (experimental).",
                                  "description" : "A value indicating, which type of extraction the autobuilder should perform. If 'true', then the standalone extractor will be used, otherwise tracing extraction will be performed. The default is 'false'. Note that buildless extraction will generally yield less accurate analysis results, and should only be used in cases where it is not possible to build the code (for example if it uses inaccessible dependencies).\n",
                                  "type" : "string",
                                  "pattern" : "^(false|true)$"
                                }
                              }
                            }
                          ],
                          "javascript" : [
                            {
                              "extractor_root" : "h:\\Desktop\\codeql-win64\\codeql\\javascript",
                              "extractor_options" : {
                                "skip_types" : {
                                  "title" : "Skip type extraction for TypeScript",
                                  "description" : "Whether to skip the extraction of types in a TypeScript application",
                                  "type" : "string",
                                  "pattern" : "^(false|true)$"
                                }
                              }
                            }
                          ],
                          "properties" : [
                            {
                              "extractor_root" : "h:\\Desktop\\codeql-win64\\codeql\\properties"
                            }
                          ],
                          "python" : [
                            {
                              "extractor_root" : "h:\\Desktop\\codeql-win64\\codeql\\python",
                              "extractor_options" : {
                                "logging" : {
                                  "title" : "Options pertaining to logging.",
                                  "description" : "Options pertaining to logging.",
                                  "type" : "object",
                                  "properties" : {
                                    "verbosity" : {
                                      "title" : "Python extractor logging verbosity level.",
                                      "description" : "Controls the level of verbosity of the CodeQL Python extractor.\nThe supported levels are (in order of increasing verbosity):\n\n  - off\n  - errors\n  - warnings\n  - info or progress\n  - debug or progress+\n  - trace or progress++\n  - progress+++\n",
                                      "type" : "string",
                                      "pattern" : "^(off|errors|warnings|(info|progress)|(debug|progress\\+)|(trace|progress\\+\\+)|progress\\+\\+\\+)$"
                                    }
                                  }
                                },
                                "python_executable_name" : {
                                  "title" : "Controls the name of the Python executable used by the Python extractor.",
                                  "description" : "The Python extractor uses platform-dependent heuristics to determine the name of the Python executable to use. Specifying a value for this option overrides the name of the Python executable used by the extractor. Accepted values are py, python and python3. Use this setting with caution, the Python extractor requires Python 3 to run.\n",
                                  "type" : "string",
                                  "pattern" : "^(py|python|python3)$"
                                }
                              }
                            }
                          ],
                          "ruby" : [
                            {
                              "extractor_root" : "h:\\Desktop\\codeql-win64\\codeql\\ruby",
                              "extractor_options" : {
                                "trap" : {
                                  "title" : "Options pertaining to TRAP.",
                                  "description" : "Options pertaining to TRAP.",
                                  "type" : "object",
                                  "properties" : {
                                    "compression" : {
                                      "title" : "Controls compression for the TRAP files written by the extractor.",
                                      "description" : "This option is only intended for use in debugging the extractor. Accepted values are 'gzip' (the default, to write gzip-compressed TRAP) and 'none' (to write uncompressed TRAP).\n",
                                      "type" : "string",
                                      "pattern" : "^(none|gzip)$"
                                    }
                                  }
                                }
                              }
                            }
                          ],
                          "swift" : [
                            {
                              "extractor_root" : "h:\\Desktop\\codeql-win64\\codeql\\swift"
                            }
                          ],
                          "xml" : [
                            {
                              "extractor_root" : "h:\\Desktop\\codeql-win64\\codeql\\xml"
                            }
                          ],
                          "yaml" : [
                            {
                              "extractor_root" : "h:\\Desktop\\codeql-win64\\codeql\\yaml"
                            }
                          ]
                        }
                      }
[2024-11-29 13:57:54] [PROGRESS] database init> Calculating baseline information in H:\Desktop\Codeql
[2024-11-29 13:57:54] [SPAMMY] database init> Ignoring the following directories when processing baseline information: .git, .hg, .svn.
[2024-11-29 13:57:54] [DETAILS] database init> Running command in H:\Desktop\Codeql: h:\Desktop\codeql-win64\codeql\tools\win64\scc.exe --by-file --exclude-dir .git,.hg,.svn --format json --no-large --no-min .
[2024-11-29 13:57:55] [SPAMMY] database init> Found 1 baseline files for java.
[2024-11-29 13:57:55] [SPAMMY] database init> Found 1 baseline files for python.
[2024-11-29 13:57:55] [PROGRESS] database init> Calculated baseline information for languages: java, python (906ms).
[2024-11-29 13:57:55] [PROGRESS] database init> Resolving extractor python.
[2024-11-29 13:57:55] [DETAILS] database init> Found candidate extractor root for python: h:\Desktop\codeql-win64\codeql\python.
[2024-11-29 13:57:55] [PROGRESS] database init> Successfully loaded extractor Python (python) from h:\Desktop\codeql-win64\codeql\python.
[2024-11-29 13:57:55] [PROGRESS] database init> Created skeleton CodeQL database at H:\Desktop\Codeql\databasePy. This in-progress database is ready to be populated by an extractor.
[2024-11-29 13:57:55] Plumbing command codeql database init completed.
[2024-11-29 13:57:55] [PROGRESS] database create> Running build command: []
[2024-11-29 13:57:55] Running plumbing command: codeql database trace-command --working-dir=H:\Desktop\Codeql --index-traceless-dbs --no-db-cluster -- H:\Desktop\Codeql\databasePy
[2024-11-29 13:57:55] Using autobuild script H:\Desktop\codeql-win64\codeql\python\tools\autobuild.cmd.
[2024-11-29 13:57:55] [PROGRESS] database trace-command> Running command in H:\Desktop\Codeql: [H:\Desktop\codeql-win64\codeql\python\tools\autobuild.cmd]
[2024-11-29 13:57:56] [build-stdout] Python 3.13.0
[2024-11-29 13:57:56] [build-stderr] No suitable Python runtime found
[2024-11-29 13:57:56] [build-stderr] Pass --list (-0) to see all detected environments on your machine
[2024-11-29 13:57:56] [build-stderr] or set environment variable PYLAUNCHER_ALLOW_INSTALL to use winget
[2024-11-29 13:57:56] [build-stderr] or open the Microsoft Store to the requested version.
[2024-11-29 13:57:56] [build-stdout] No directories containing root identifiers were found. Returning working directory as root.
[2024-11-29 13:57:56] [build-stdout] Will try to guess Python version, as it was not specified in `lgtm.yml`
[2024-11-29 13:57:56] [build-stdout] Trying to guess Python version based on Trove classifiers in setup.py
[2024-11-29 13:57:56] [build-stdout] Did not find setup.py (expected it to be at H:\Desktop\Codeql\setup.py)
[2024-11-29 13:57:56] [build-stdout] Trying to guess Python version based on travis file
[2024-11-29 13:57:56] [build-stdout] Did not find any travis files (expected them at either ['H:\\Desktop\\Codeql\\.travis.yml', 'H:\\Desktop\\Codeql\\travis.yml'])
[2024-11-29 13:57:56] [build-stdout] Trying to guess Python version based on installed versions
[2024-11-29 13:57:56] [build-stdout] Wanted to run Python 2, but it is not available. Using Python 3 instead
[2024-11-29 13:57:56] [build-stdout] This script is running Python 3, but Python 2 is also available (as 'py -3')
[2024-11-29 13:57:56] [build-stdout] Could not guess Python version, will use default: Python 3
[2024-11-29 13:57:56] [build-stdout] Calling py -3 -S H:\Desktop\codeql-win64\codeql\python\tools\python_tracer.py --verbosity 3 -z all -c H:\Desktop\Codeql\databasePy\working\trap_cache -R H:\Desktop\Codeql
[2024-11-29 13:57:57] [build-stdout] Python 3.13.0
[2024-11-29 13:57:57] [build-stdout] INFO: The Python extractor has recently stopped extracting the standard library by default. If you encounter problems, please let us know by submitting an issue to https://github.com/github/codeql. It is possible to re-enable extraction of the standard library by setting the environment variable CODEQL_EXTRACTOR_PYTHON_EXTRACT_STDLIB.
[2024-11-29 13:57:57] [build-stdout] [INFO] Extraction will use the Python 3 standard library.
[2024-11-29 13:57:57] [build-stdout] [INFO] sys_path is: ['H:\\Desktop\\codeql-win64\\codeql\\python\\tools', 'C:\\Users\\CYTech Student\\AppData\\Local\\Programs\\Python\\Python313\\python313.zip', 'C:\\Users\\CYTech Student\\AppData\\Local\\Programs\\Python\\Python313\\DLLs', 'C:\\Users\\CYTech Student\\AppData\\Local\\Programs\\Python\\Python313\\Lib', 'C:\\Users\\CYTech Student\\AppData\\Local\\Programs\\Python\\Python313']
[2024-11-29 13:57:57] [build-stdout] [INFO] Python version 3.13.0
[2024-11-29 13:57:57] [build-stdout] [INFO] Python extractor version 7.1.1
[2024-11-29 13:57:58] [build-stdout] [INFO] [2] Extracted folder H:\Desktop\Codeql\database in 3ms
[2024-11-29 13:57:58] [build-stdout] [INFO] [1] Extracted file H:\Desktop\Codeql\database\hello.py in 16ms
[2024-11-29 13:57:58] [build-stdout] [INFO] Processed 2 modules in 1.37s
[2024-11-29 13:57:59] Plumbing command codeql database trace-command completed.
[2024-11-29 13:57:59] [PROGRESS] database create> Finalizing database at H:\Desktop\Codeql\databasePy.
[2024-11-29 13:57:59] Running plumbing command: codeql database finalize --no-db-cluster -- H:\Desktop\Codeql\databasePy
[2024-11-29 13:57:59] Using pre-finalize script H:\Desktop\codeql-win64\codeql\python\tools\pre-finalize.cmd.
[2024-11-29 13:57:59] [PROGRESS] database finalize> Running pre-finalize script H:\Desktop\codeql-win64\codeql\python\tools\pre-finalize.cmd in H:\Desktop\Codeql.
[2024-11-29 13:57:59] Running plumbing command: codeql database trace-command --working-dir=H:\Desktop\Codeql --no-tracing -- H:\Desktop\Codeql\databasePy H:\Desktop\codeql-win64\codeql\python\tools\pre-finalize.cmd
[2024-11-29 13:57:59] [PROGRESS] database trace-command> Running command in H:\Desktop\Codeql: [H:\Desktop\codeql-win64\codeql\python\tools\pre-finalize.cmd]
[2024-11-29 13:58:00] [build-stderr] Scanning for files in H:\Desktop\Codeql...
[2024-11-29 13:58:00] [build-stderr] H:\Desktop\Codeql\databasePy: Indexing files in in H:\Desktop\Codeql...
[2024-11-29 13:58:00] [build-stderr] Running command in H:\Desktop\Codeql: [H:\Desktop\codeql-win64\codeql\yaml\tools\index-files.cmd, H:\Desktop\Codeql\databasePy\working\files-to-index11100685678432897909.list]
[2024-11-29 13:58:01] Plumbing command codeql database trace-command completed.
[2024-11-29 13:58:01] [PROGRESS] database finalize> Running TRAP import for CodeQL database at H:\Desktop\Codeql\databasePy...
[2024-11-29 13:58:01] Running plumbing command: codeql dataset import --dbscheme=H:\Desktop\codeql-win64\codeql\python\semmlecode.python.dbscheme -- H:\Desktop\Codeql\databasePy\db-python H:\Desktop\Codeql\databasePy\trap\python
[2024-11-29 13:58:01] Clearing disk cache since the version file H:\Desktop\Codeql\databasePy\db-python\default\cache\version does not exist
[2024-11-29 13:58:01] Tuple pool not found. Clearing relations with cached strings
[2024-11-29 13:58:01] Trimming disk cache at H:\Desktop\Codeql\databasePy\db-python\default\cache in mode clear.
[2024-11-29 13:58:01] Sequence stamp origin is -6111201241990148658
[2024-11-29 13:58:01] Pausing evaluation to hard-clear memory at sequence stamp o+0
[2024-11-29 13:58:01] Unpausing evaluation
[2024-11-29 13:58:01] Pausing evaluation to quickly trim disk at sequence stamp o+1
[2024-11-29 13:58:01] Unpausing evaluation
[2024-11-29 13:58:01] Pausing evaluation to zealously trim disk at sequence stamp o+2
[2024-11-29 13:58:01] Unpausing evaluation
[2024-11-29 13:58:01] Trimming completed (25ms): Purged everything.
[2024-11-29 13:58:01] Scanning for files in H:\Desktop\Codeql\databasePy\trap\python
[2024-11-29 13:58:01] Found 16 TRAP files (459.02 KiB)
[2024-11-29 13:58:01] [PROGRESS] dataset import> Importing TRAP files
[2024-11-29 13:58:02] Importing $files.48BO1PxzcaJQjX15dvH_RxyYYpI=.trap.gz (1 of 16)
[2024-11-29 13:58:02] Importing $flags.dFFz7IZiNfyugP819yMxp-rzPYs=.trap.gz (2 of 16)
[2024-11-29 13:58:02] Importing $interpreter3.IQyVlCzLkZlWTUxUPdwoQPBGVAY=.trap.gz (3 of 16)
[2024-11-29 13:58:02] Importing $stdlib_33.PjIfsIofKgOnzSiiqPd7sa6WKEg=.trap (4 of 16)
[2024-11-29 13:58:02] Importing codeql-pack.lock.yml.trap.gz (5 of 16)
[2024-11-29 13:58:02] Importing codeql-pack.yml.trap.gz (6 of 16)
[2024-11-29 13:58:02] Importing codeql-pack.lock.yml.trap.gz (7 of 16)
[2024-11-29 13:58:02] Importing codeql-pack.yml.trap.gz (8 of 16)
[2024-11-29 13:58:02] Importing codeql-database.yml.trap.gz (9 of 16)
[2024-11-29 13:58:02] Importing codeql-database.yml.trap.gz (10 of 16)
[2024-11-29 13:58:02] Importing codeql-database.yml.trap.gz (11 of 16)
[2024-11-29 13:58:02] Importing codeql-database.yml.trap.gz (12 of 16)
[2024-11-29 13:58:02] Importing qlpack.yml.trap.gz (13 of 16)
[2024-11-29 13:58:02] Importing database.HiA-gKe_bqH8w6LVKlcBvNekTEo=.trap.gz (14 of 16)
[2024-11-29 13:58:02] Importing hello.py.85KL0nYwuXGg9jvJSjbOK3hNAH8=.trap.gz (15 of 16)
[2024-11-29 13:58:02] Importing sourceLocationPrefix.trap.gz (16 of 16)
[2024-11-29 13:58:02] [PROGRESS] dataset import> Merging relations
[2024-11-29 13:58:02] Merging 1 fragment for 'files'.
[2024-11-29 13:58:02] Merged 80 bytes for 'files'.
[2024-11-29 13:58:02] Merging 1 fragment for 'folders'.
[2024-11-29 13:58:02] Merged 72 bytes for 'folders'.
[2024-11-29 13:58:02] Merging 1 fragment for 'containerparent'.
[2024-11-29 13:58:03] Merged 144 bytes for 'containerparent'.
[2024-11-29 13:58:03] Merging 1 fragment for 'py_flags_versioned'.
[2024-11-29 13:58:03] Merged 852 bytes for 'py_flags_versioned'.
[2024-11-29 13:58:03] Merging 1 fragment for 'py_cobjects'.
[2024-11-29 13:58:03] Merged 17648 bytes (17.23 KiB) for 'py_cobjects'.
[2024-11-29 13:58:03] Merging 1 fragment for 'py_cobjecttypes'.
[2024-11-29 13:58:03] Merged 19304 bytes (18.85 KiB) for 'py_cobjecttypes'.
[2024-11-29 13:58:03] Merging 1 fragment for 'py_cobject_sources'.
[2024-11-29 13:58:03] Merged 38688 bytes (37.78 KiB) for 'py_cobject_sources'.
[2024-11-29 13:58:03] Merging 1 fragment for 'py_cobjectnames'.
[2024-11-29 13:58:03] Merged 19304 bytes (18.85 KiB) for 'py_cobjectnames'.
[2024-11-29 13:58:03] Merging 1 fragment for 'py_cmembers_versioned'.
[2024-11-29 13:58:03] Merged 40864 bytes (39.91 KiB) for 'py_cmembers_versioned'.
[2024-11-29 13:58:03] Merging 1 fragment for 'py_special_objects'.
[2024-11-29 13:58:03] Merged 336 bytes for 'py_special_objects'.
[2024-11-29 13:58:03] Merging 1 fragment for 'py_citems'.
[2024-11-29 13:58:03] Merged 2472 bytes (2.41 KiB) for 'py_citems'.
[2024-11-29 13:58:03] Merging 1 fragment for 'ext_rettype'.
[2024-11-29 13:58:03] Merged 12712 bytes (12.41 KiB) for 'ext_rettype'.
[2024-11-29 13:58:03] Merging 1 fragment for 'ext_argtype'.
[2024-11-29 13:58:03] Merged 25536 bytes (24.94 KiB) for 'ext_argtype'.
[2024-11-29 13:58:03] Merging 1 fragment for 'ext_argreturn'.
[2024-11-29 13:58:03] Merged 72 bytes for 'ext_argreturn'.
[2024-11-29 13:58:03] Merging 1 fragment for 'ext_proptype'.
[2024-11-29 13:58:03] Merged 1072 bytes (1.05 KiB) for 'ext_proptype'.
[2024-11-29 13:58:03] Merging 1 fragment for 'yaml_scalars'.
[2024-11-29 13:58:03] Merged 2712 bytes (2.65 KiB) for 'yaml_scalars'.
[2024-11-29 13:58:03] Merging 1 fragment for 'yaml'.
[2024-11-29 13:58:03] Merged 7032 bytes (6.87 KiB) for 'yaml'.
[2024-11-29 13:58:03] Merging 1 fragment for 'locations_default'.
[2024-11-29 13:58:03] Merged 7032 bytes (6.87 KiB) for 'locations_default'.
[2024-11-29 13:58:03] Merging 1 fragment for 'yaml_locations'.
[2024-11-29 13:58:03] Merged 2344 bytes (2.29 KiB) for 'yaml_locations'.
[2024-11-29 13:58:03] Merging 1 fragment for 'py_Modules'.
[2024-11-29 13:58:03] Merged 8 bytes for 'py_Modules'.
[2024-11-29 13:58:03] Merging 1 fragment for 'py_module_path'.
[2024-11-29 13:58:03] Merged 16 bytes for 'py_module_path'.
[2024-11-29 13:58:03] Merging 1 fragment for 'py_flow_bb_node'.
[2024-11-29 13:58:03] Merged 96 bytes for 'py_flow_bb_node'.
[2024-11-29 13:58:03] Merging 1 fragment for 'py_scope_flow'.
[2024-11-29 13:58:03] Merged 48 bytes for 'py_scope_flow'.
[2024-11-29 13:58:03] Merging 1 fragment for 'locations_ast'.
[2024-11-29 13:58:03] Merged 144 bytes for 'locations_ast'.
[2024-11-29 13:58:03] Merging 1 fragment for 'variable'.
[2024-11-29 13:58:03] Merged 48 bytes for 'variable'.
[2024-11-29 13:58:03] Merging 1 fragment for 'py_extracted_version'.
[2024-11-29 13:58:03] Merged 8 bytes for 'py_extracted_version'.
[2024-11-29 13:58:03] Merging 1 fragment for 'py_stmt_lists'.
[2024-11-29 13:58:03] Merged 12 bytes for 'py_stmt_lists'.
[2024-11-29 13:58:03] Merging 1 fragment for 'py_stmts'.
[2024-11-29 13:58:03] Merged 16 bytes for 'py_stmts'.
[2024-11-29 13:58:03] Merging 1 fragment for 'py_scopes'.
[2024-11-29 13:58:04] Merged 32 bytes for 'py_scopes'.
[2024-11-29 13:58:04] Merging 1 fragment for 'py_exprs'.
[2024-11-29 13:58:04] Merged 48 bytes for 'py_exprs'.
[2024-11-29 13:58:04] Merging 1 fragment for 'py_variables'.
[2024-11-29 13:58:04] Merged 8 bytes for 'py_variables'.
[2024-11-29 13:58:04] Merging 1 fragment for 'py_expr_contexts'.
[2024-11-29 13:58:04] Merged 12 bytes for 'py_expr_contexts'.
[2024-11-29 13:58:04] Merging 1 fragment for 'py_expr_lists'.
[2024-11-29 13:58:04] Merged 12 bytes for 'py_expr_lists'.
[2024-11-29 13:58:04] Merging 1 fragment for 'py_strs'.
[2024-11-29 13:58:04] Merged 24 bytes for 'py_strs'.
[2024-11-29 13:58:04] Merging 1 fragment for 'py_successors'.
[2024-11-29 13:58:04] Merged 32 bytes for 'py_successors'.
[2024-11-29 13:58:04] Merging 1 fragment for 'py_idoms'.
[2024-11-29 13:58:04] Merged 32 bytes for 'py_idoms'.
[2024-11-29 13:58:04] Merging 1 fragment for 'py_ssa_var'.
[2024-11-29 13:58:04] Merged 8 bytes for 'py_ssa_var'.
[2024-11-29 13:58:04] Merging 1 fragment for 'py_ssa_use'.
[2024-11-29 13:58:04] Merged 8 bytes for 'py_ssa_use'.
[2024-11-29 13:58:04] Merging 1 fragment for 'py_scope_location'.
[2024-11-29 13:58:04] Merged 8 bytes for 'py_scope_location'.
[2024-11-29 13:58:04] Merging 1 fragment for 'py_codelines'.
[2024-11-29 13:58:04] Merged 8 bytes for 'py_codelines'.
[2024-11-29 13:58:04] Merging 1 fragment for 'py_commentlines'.
[2024-11-29 13:58:04] Merged 8 bytes for 'py_commentlines'.
[2024-11-29 13:58:04] Merging 1 fragment for 'py_docstringlines'.
[2024-11-29 13:58:04] Merged 8 bytes for 'py_docstringlines'.
[2024-11-29 13:58:04] Merging 1 fragment for 'py_alllines'.
[2024-11-29 13:58:04] Merged 8 bytes for 'py_alllines'.
[2024-11-29 13:58:04] Merging 1 fragment for 'numlines'.
[2024-11-29 13:58:04] Merged 16 bytes for 'numlines'.
[2024-11-29 13:58:04] Merging 1 fragment for 'py_locations'.
[2024-11-29 13:58:04] Merged 32 bytes for 'py_locations'.
[2024-11-29 13:58:04] Merging 1 fragment for 'sourceLocationPrefix'.
[2024-11-29 13:58:04] Merged 4 bytes for 'sourceLocationPrefix'.
[2024-11-29 13:58:04] Saving string and id pools to disk.
[2024-11-29 13:58:04] Finished importing TRAP files.
[2024-11-29 13:58:04] Read 980.19 KiB of uncompressed TRAP data.
[2024-11-29 13:58:04] Relation data size: 194.32 KiB (merge rate: 124.73 KiB/s)
[2024-11-29 13:58:04] String pool size: 2.08 MiB
[2024-11-29 13:58:04] ID pool size: 1.09 MiB
[2024-11-29 13:58:04] [PROGRESS] dataset import> Finished writing database (relations: 194.32 KiB; string pool: 2.08 MiB).
[2024-11-29 13:58:04] Pausing evaluation to close the cache at sequence stamp o+95
[2024-11-29 13:58:04] The disk cache is freshly trimmed; leave it be.
[2024-11-29 13:58:04] Unpausing evaluation
[2024-11-29 13:58:04] Plumbing command codeql dataset import completed.
[2024-11-29 13:58:04] [PROGRESS] database finalize> TRAP import complete (3.7s).
[2024-11-29 13:58:04] Running plumbing command: codeql database cleanup -- H:\Desktop\Codeql\databasePy
[2024-11-29 13:58:04] [PROGRESS] database cleanup> Cleaning up existing TRAP files after import...
[2024-11-29 13:58:05] [PROGRESS] database cleanup> TRAP files cleaned up (9ms).
[2024-11-29 13:58:05] [PROGRESS] database cleanup> Cleaning up scratch directory...
[2024-11-29 13:58:05] [PROGRESS] database cleanup> Scratch directory cleaned up (2ms).
[2024-11-29 13:58:05] Running plumbing command: codeql dataset cleanup -- H:\Desktop\Codeql\databasePy\db-python
[2024-11-29 13:58:05] [PROGRESS] dataset cleanup> Cleaning up dataset in H:\Desktop\Codeql\databasePy\db-python.
[2024-11-29 13:58:05] Trimming disk cache at H:\Desktop\Codeql\databasePy\db-python\default\cache in mode trim.
[2024-11-29 13:58:05] Sequence stamp origin is -6111201225851981701
[2024-11-29 13:58:05] Pausing evaluation to quickly trim memory at sequence stamp o+0
[2024-11-29 13:58:05] Unpausing evaluation
[2024-11-29 13:58:05] Pausing evaluation to zealously trim disk at sequence stamp o+1
[2024-11-29 13:58:05] Unpausing evaluation
[2024-11-29 13:58:05] Trimming completed (10ms): Trimmed disposable data from cache.
[2024-11-29 13:58:05] Pausing evaluation to close the cache at sequence stamp o+2
[2024-11-29 13:58:05] The disk cache is freshly trimmed; leave it be.
[2024-11-29 13:58:05] Unpausing evaluation
[2024-11-29 13:58:05] [PROGRESS] dataset cleanup> Trimmed disposable data from cache.
[2024-11-29 13:58:05] [PROGRESS] dataset cleanup> Finalizing dataset in H:\Desktop\Codeql\databasePy\db-python
[2024-11-29 13:58:05] [DETAILS] dataset cleanup> Finished deleting ID pool from H:\Desktop\Codeql\databasePy\db-python (7ms).
[2024-11-29 13:58:05] Plumbing command codeql dataset cleanup completed.
[2024-11-29 13:58:05] Plumbing command codeql database cleanup completed with status 0.
[2024-11-29 13:58:05] [PROGRESS] database finalize> Finished zipping source archive (3.56 KiB).
[2024-11-29 13:58:05] Plumbing command codeql database finalize completed.
[2024-11-29 13:58:05] [PROGRESS] database create> Successfully created database at H:\Desktop\Codeql\databasePy.
[2024-11-29 13:58:05] Terminating normally.
