[2024-11-30 11:46:31] This is codeql execute queries -J-Xmx1430M --verbosity=progress --logdir=H:\Desktop\Codeql\databasePy\log --evaluator-log-level=5 --warnings=show --dynamic-join-order-mode=none --qlconfig-file=H:\Desktop\Codeql\qlconfig.yml -- H:\Desktop\Codeql\databasePy\db-python path:H:\Desktop\Codeql\codeql-custom-queries-python\example3.ql
[2024-11-30 11:46:31] Calling plumbing command: codeql resolve queries --qlconfig-file=H:\Desktop\Codeql\qlconfig.yml --format=json -- path:H:\Desktop\Codeql\codeql-custom-queries-python\example3.ql
[2024-11-30 11:46:32] [PROGRESS] resolve queries> Recording pack reference getting-started/codeql-extra-queries-python at H:\Desktop\Codeql\codeql-custom-queries-python.
[2024-11-30 11:46:32] Plumbing command codeql resolve queries completed:
                      [
                        "H:\\Desktop\\Codeql\\codeql-custom-queries-python\\example3.ql"
                      ]
[2024-11-30 11:46:32] Refusing fancy output: The terminal is not an xterm: 
[2024-11-30 11:46:32] Creating executor with 1 threads.
[2024-11-30 11:46:32] Calling plumbing command: codeql resolve extensions --qlconfig-file=H:\Desktop\Codeql\qlconfig.yml --include-extension-row-locations path:H:\Desktop\Codeql\codeql-custom-queries-python\example3.ql
[2024-11-30 11:46:32] Calling plumbing command: codeql resolve queries --qlconfig-file=H:\Desktop\Codeql\qlconfig.yml --allow-library-packs --format startingpacks -- path:H:\Desktop\Codeql\codeql-custom-queries-python\example3.ql
[2024-11-30 11:46:32] [PROGRESS] resolve queries> Recording pack reference getting-started/codeql-extra-queries-python at H:\Desktop\Codeql\codeql-custom-queries-python.
[2024-11-30 11:46:32] Plumbing command codeql resolve queries completed:
                      [
                        "H:\\Desktop\\Codeql\\codeql-custom-queries-python"
                      ]
[2024-11-30 11:46:32] Calling plumbing command: codeql resolve extensions-by-pack --qlconfig-file=H:\Desktop\Codeql\qlconfig.yml --include-extension-row-locations -- H:\Desktop\Codeql\codeql-custom-queries-python
[2024-11-30 11:46:32] [SPAMMY] resolve extensions-by-pack> [INCOMPATIBILITY] getting-started/codeql-extra-queries-python: not 1.0.0 {root: getting-started/codeql-extra-queries-python@1.0.0}
[2024-11-30 11:46:32] [SPAMMY] resolve extensions-by-pack> [DERIVATION] getting-started/codeql-extra-queries-python: 1.0.0 {getting-started/codeql-extra-queries-python: not 1.0.0 {root: getting-started/codeql-extra-queries-python@1.0.0}}
[2024-11-30 11:46:32] [SPAMMY] resolve extensions-by-pack> [INCOMPATIBILITY] getting-started/codeql-extra-queries-python: * [*], codeql/python-all: not * [*] {dependency: getting-started/codeql-extra-queries-python@* [*] requires codeql/python-all@^2.1.2}
[2024-11-30 11:46:32] [SPAMMY] resolve extensions-by-pack> [DECISION 1] getting-started/codeql-extra-queries-python: 1.0.0
[2024-11-30 11:46:32] [SPAMMY] resolve extensions-by-pack> [DERIVATION] codeql/python-all: * [*] {getting-started/codeql-extra-queries-python: * [*], codeql/python-all: not * [*] {dependency: getting-started/codeql-extra-queries-python@* [*] requires codeql/python-all@^2.1.2}}
[2024-11-30 11:46:32] [SPAMMY] resolve extensions-by-pack> [INCOMPATIBILITY] codeql/python-all: * [*], codeql/dataflow: not * [*] {dependency: codeql/python-all@* [*] requires codeql/dataflow@1.1.5}
[2024-11-30 11:46:32] [SPAMMY] resolve extensions-by-pack> [INCOMPATIBILITY] codeql/python-all: * [*], codeql/mad: not * [*] {dependency: codeql/python-all@* [*] requires codeql/mad@1.0.11}
[2024-11-30 11:46:32] [SPAMMY] resolve extensions-by-pack> [INCOMPATIBILITY] codeql/python-all: * [*], codeql/regex: not * [*] {dependency: codeql/python-all@* [*] requires codeql/regex@1.0.11}
[2024-11-30 11:46:32] [SPAMMY] resolve extensions-by-pack> [INCOMPATIBILITY] codeql/python-all: * [*], codeql/threat-models: not * [*] {dependency: codeql/python-all@* [*] requires codeql/threat-models@1.0.11}
[2024-11-30 11:46:32] [SPAMMY] resolve extensions-by-pack> [INCOMPATIBILITY] codeql/python-all: * [*], codeql/tutorial: not * [*] {dependency: codeql/python-all@* [*] requires codeql/tutorial@1.0.11}
[2024-11-30 11:46:32] [SPAMMY] resolve extensions-by-pack> [INCOMPATIBILITY] codeql/python-all: * [*], codeql/util: not * [*] {dependency: codeql/python-all@* [*] requires codeql/util@1.0.11}
[2024-11-30 11:46:32] [SPAMMY] resolve extensions-by-pack> [INCOMPATIBILITY] codeql/python-all: * [*], codeql/xml: not * [*] {dependency: codeql/python-all@* [*] requires codeql/xml@1.0.11}
[2024-11-30 11:46:32] [SPAMMY] resolve extensions-by-pack> [INCOMPATIBILITY] codeql/python-all: * [*], codeql/yaml: not * [*] {dependency: codeql/python-all@* [*] requires codeql/yaml@1.0.11}
[2024-11-30 11:46:32] [SPAMMY] resolve extensions-by-pack> [DECISION 2] codeql/python-all: 2.1.2
[2024-11-30 11:46:32] [SPAMMY] resolve extensions-by-pack> [DERIVATION] codeql/yaml: * [*] {codeql/python-all: * [*], codeql/yaml: not * [*] {dependency: codeql/python-all@* [*] requires codeql/yaml@1.0.11}}
[2024-11-30 11:46:32] [SPAMMY] resolve extensions-by-pack> [DERIVATION] codeql/xml: * [*] {codeql/python-all: * [*], codeql/xml: not * [*] {dependency: codeql/python-all@* [*] requires codeql/xml@1.0.11}}
[2024-11-30 11:46:32] [SPAMMY] resolve extensions-by-pack> [DERIVATION] codeql/util: * [*] {codeql/python-all: * [*], codeql/util: not * [*] {dependency: codeql/python-all@* [*] requires codeql/util@1.0.11}}
[2024-11-30 11:46:32] [SPAMMY] resolve extensions-by-pack> [DERIVATION] codeql/tutorial: * [*] {codeql/python-all: * [*], codeql/tutorial: not * [*] {dependency: codeql/python-all@* [*] requires codeql/tutorial@1.0.11}}
[2024-11-30 11:46:32] [SPAMMY] resolve extensions-by-pack> [DERIVATION] codeql/threat-models: * [*] {codeql/python-all: * [*], codeql/threat-models: not * [*] {dependency: codeql/python-all@* [*] requires codeql/threat-models@1.0.11}}
[2024-11-30 11:46:32] [SPAMMY] resolve extensions-by-pack> [DERIVATION] codeql/regex: * [*] {codeql/python-all: * [*], codeql/regex: not * [*] {dependency: codeql/python-all@* [*] requires codeql/regex@1.0.11}}
[2024-11-30 11:46:32] [SPAMMY] resolve extensions-by-pack> [DERIVATION] codeql/mad: * [*] {codeql/python-all: * [*], codeql/mad: not * [*] {dependency: codeql/python-all@* [*] requires codeql/mad@1.0.11}}
[2024-11-30 11:46:32] [SPAMMY] resolve extensions-by-pack> [DERIVATION] codeql/dataflow: * [*] {codeql/python-all: * [*], codeql/dataflow: not * [*] {dependency: codeql/python-all@* [*] requires codeql/dataflow@1.1.5}}
[2024-11-30 11:46:32] [SPAMMY] resolve extensions-by-pack> [INCOMPATIBILITY] codeql/dataflow: * [*], codeql/ssa: not * [*] {dependency: codeql/dataflow@* [*] requires codeql/ssa@1.0.11}
[2024-11-30 11:46:32] [SPAMMY] resolve extensions-by-pack> [INCOMPATIBILITY] codeql/dataflow: * [*], codeql/typetracking: not * [*] {dependency: codeql/dataflow@* [*] requires codeql/typetracking@1.0.11}
[2024-11-30 11:46:32] [SPAMMY] resolve extensions-by-pack> [INCOMPATIBILITY] codeql/dataflow: * [*], codeql/util: not * [*] {dependency: codeql/dataflow@* [*] requires codeql/util@1.0.11}
[2024-11-30 11:46:32] [SPAMMY] resolve extensions-by-pack> [DECISION 3] codeql/dataflow: 1.1.5
[2024-11-30 11:46:32] [SPAMMY] resolve extensions-by-pack> [DERIVATION] codeql/typetracking: * [*] {codeql/dataflow: * [*], codeql/typetracking: not * [*] {dependency: codeql/dataflow@* [*] requires codeql/typetracking@1.0.11}}
[2024-11-30 11:46:32] [SPAMMY] resolve extensions-by-pack> [DERIVATION] codeql/ssa: * [*] {codeql/dataflow: * [*], codeql/ssa: not * [*] {dependency: codeql/dataflow@* [*] requires codeql/ssa@1.0.11}}
[2024-11-30 11:46:32] [SPAMMY] resolve extensions-by-pack> [INCOMPATIBILITY] codeql/mad: * [*], codeql/dataflow: not * [*] {dependency: codeql/mad@* [*] requires codeql/dataflow@1.1.5}
[2024-11-30 11:46:32] [SPAMMY] resolve extensions-by-pack> [INCOMPATIBILITY] codeql/mad: * [*], codeql/util: not * [*] {dependency: codeql/mad@* [*] requires codeql/util@1.0.11}
[2024-11-30 11:46:32] [SPAMMY] resolve extensions-by-pack> [DECISION 4] codeql/mad: 1.0.11
[2024-11-30 11:46:32] [SPAMMY] resolve extensions-by-pack> [INCOMPATIBILITY] codeql/regex: * [*], codeql/util: not * [*] {dependency: codeql/regex@* [*] requires codeql/util@1.0.11}
[2024-11-30 11:46:32] [SPAMMY] resolve extensions-by-pack> [DECISION 5] codeql/regex: 1.0.11
[2024-11-30 11:46:32] [SPAMMY] resolve extensions-by-pack> [INCOMPATIBILITY] codeql/ssa: * [*], codeql/util: not * [*] {dependency: codeql/ssa@* [*] requires codeql/util@1.0.11}
[2024-11-30 11:46:32] [SPAMMY] resolve extensions-by-pack> [DECISION 6] codeql/ssa: 1.0.11
[2024-11-30 11:46:32] [SPAMMY] resolve extensions-by-pack> [DECISION 7] codeql/threat-models: 1.0.11
[2024-11-30 11:46:32] [SPAMMY] resolve extensions-by-pack> [DECISION 8] codeql/tutorial: 1.0.11
[2024-11-30 11:46:32] [SPAMMY] resolve extensions-by-pack> [INCOMPATIBILITY] codeql/typetracking: * [*], codeql/util: not * [*] {dependency: codeql/typetracking@* [*] requires codeql/util@1.0.11}
[2024-11-30 11:46:32] [SPAMMY] resolve extensions-by-pack> [DECISION 9] codeql/typetracking: 1.0.11
[2024-11-30 11:46:32] [SPAMMY] resolve extensions-by-pack> [DECISION 10] codeql/util: 1.0.11
[2024-11-30 11:46:32] [SPAMMY] resolve extensions-by-pack> [INCOMPATIBILITY] codeql/xml: * [*], codeql/util: not * [*] {dependency: codeql/xml@* [*] requires codeql/util@1.0.11}
[2024-11-30 11:46:32] [SPAMMY] resolve extensions-by-pack> [DECISION 11] codeql/xml: 1.0.11
[2024-11-30 11:46:32] [SPAMMY] resolve extensions-by-pack> [DECISION 12] codeql/yaml: 1.0.11
[2024-11-30 11:46:32] [PROGRESS] resolve extensions-by-pack> Loading data extensions in C:\Users\CYTech Student\.codeql\packages\codeql\python-all\2.1.2\ext\default-threat-models-fixup.model.yml.
[2024-11-30 11:46:32] [DETAILS] resolve extensions-by-pack>   Found extension targeting codeql/threat-models:threatModelConfiguration: 1 tuples.
[2024-11-30 11:46:32] [PROGRESS] resolve extensions-by-pack> Loading data extensions in C:\Users\CYTech Student\.codeql\packages\codeql\python-all\2.1.2\semmle\python\frameworks\Asyncpg.model.yml.
[2024-11-30 11:46:32] [DETAILS] resolve extensions-by-pack>   Found extension targeting codeql/python-all:sinkModel: 5 tuples.
[2024-11-30 11:46:32] [DETAILS] resolve extensions-by-pack>   Found extension targeting codeql/python-all:typeModel: 6 tuples.
[2024-11-30 11:46:32] [PROGRESS] resolve extensions-by-pack> Loading data extensions in C:\Users\CYTech Student\.codeql\packages\codeql\python-all\2.1.2\semmle\python\frameworks\Stdlib.model.yml.
[2024-11-30 11:46:32] [DETAILS] resolve extensions-by-pack>   Found extension targeting codeql/python-all:sourceModel: 12 tuples.
[2024-11-30 11:46:32] [DETAILS] resolve extensions-by-pack>   Found extension targeting codeql/python-all:sinkModel: 1 tuples.
[2024-11-30 11:46:32] [DETAILS] resolve extensions-by-pack>   Found extension targeting codeql/python-all:summaryModel: 66 tuples.
[2024-11-30 11:46:32] [DETAILS] resolve extensions-by-pack>   Found extension targeting codeql/python-all:neutralModel: 0 tuples.
[2024-11-30 11:46:32] [DETAILS] resolve extensions-by-pack>   Found extension targeting codeql/python-all:typeModel: 0 tuples.
[2024-11-30 11:46:32] [DETAILS] resolve extensions-by-pack>   Found extension targeting codeql/python-all:typeVariableModel: 0 tuples.
[2024-11-30 11:46:32] [PROGRESS] resolve extensions-by-pack> Loading data extensions in C:\Users\CYTech Student\.codeql\packages\codeql\python-all\2.1.2\semmle\python\frameworks\data\internal\empty.model.yml.
[2024-11-30 11:46:32] [DETAILS] resolve extensions-by-pack>   Found extension targeting codeql/python-all:sourceModel: 0 tuples.
[2024-11-30 11:46:32] [DETAILS] resolve extensions-by-pack>   Found extension targeting codeql/python-all:sinkModel: 0 tuples.
[2024-11-30 11:46:32] [DETAILS] resolve extensions-by-pack>   Found extension targeting codeql/python-all:summaryModel: 0 tuples.
[2024-11-30 11:46:32] [DETAILS] resolve extensions-by-pack>   Found extension targeting codeql/python-all:neutralModel: 0 tuples.
[2024-11-30 11:46:32] [DETAILS] resolve extensions-by-pack>   Found extension targeting codeql/python-all:typeModel: 0 tuples.
[2024-11-30 11:46:32] [DETAILS] resolve extensions-by-pack>   Found extension targeting codeql/python-all:typeVariableModel: 0 tuples.
[2024-11-30 11:46:33] [PROGRESS] resolve extensions-by-pack> Loading data extensions in C:\Users\CYTech Student\.codeql\packages\codeql\python-all\2.1.2\semmle\python\frameworks\data\internal\subclass-capture\ALL.model.yml.
[2024-11-30 11:46:33] [DETAILS] resolve extensions-by-pack>   Found extension targeting codeql/python-all:typeModel: 58275 tuples.
[2024-11-30 11:46:33] [PROGRESS] resolve extensions-by-pack> Loading data extensions in C:\Users\CYTech Student\.codeql\packages\codeql\threat-models\1.0.11\ext\supported-threat-models.model.yml.
[2024-11-30 11:46:33] [DETAILS] resolve extensions-by-pack>   Found extension targeting codeql/threat-models:threatModelConfiguration: 1 tuples.
[2024-11-30 11:46:33] [PROGRESS] resolve extensions-by-pack> Loading data extensions in C:\Users\CYTech Student\.codeql\packages\codeql\threat-models\1.0.11\ext\threat-model-grouping.model.yml.
[2024-11-30 11:46:33] [DETAILS] resolve extensions-by-pack>   Found extension targeting codeql/threat-models:threatModelGrouping: 14 tuples.
[2024-11-30 11:46:33] [PROGRESS] resolve extensions-by-pack> Loading data extensions in C:\Users\CYTech Student\.codeql\packages\codeql\util\1.0.11\ext\default-alert-filter.yml.
[2024-11-30 11:46:33] [DETAILS] resolve extensions-by-pack>   Found extension targeting codeql/util:restrictAlertsTo: 0 tuples.
[2024-11-30 11:46:33] Plumbing command codeql resolve extensions-by-pack completed:
                      {
                        "models" : [ ],
                        "data" : {
                          "H:\\Desktop\\Codeql\\codeql-custom-queries-python" : [
                            {
                              "predicate" : "threatModelConfiguration",
                              "file" : "C:\\Users\\CYTech Student\\.codeql\\packages\\codeql\\python-all\\2.1.2\\ext\\default-threat-models-fixup.model.yml",
                              "index" : 0,
                              "firstRowId" : 0,
                              "rowCount" : 1,
                              "predicateHasOrigin" : false,
                              "locations" : {
                                "lineNumbers" : "A=8",
                                "columnNumbers" : "A=9"
                              }
                            },
                            {
                              "predicate" : "sinkModel",
                              "file" : "C:\\Users\\CYTech Student\\.codeql\\packages\\codeql\\python-all\\2.1.2\\semmle\\python\\frameworks\\Asyncpg.model.yml",
                              "index" : 0,
                              "firstRowId" : 1,
                              "rowCount" : 5,
                              "predicateHasOrigin" : true,
                              "locations" : {
                                "lineNumbers" : "A=7+1+2+1+2",
                                "columnNumbers" : "A=9*5"
                              }
                            },
                            {
                              "predicate" : "typeModel",
                              "file" : "C:\\Users\\CYTech Student\\.codeql\\packages\\codeql\\python-all\\2.1.2\\semmle\\python\\frameworks\\Asyncpg.model.yml",
                              "index" : 1,
                              "firstRowId" : 6,
                              "rowCount" : 6,
                              "predicateHasOrigin" : false,
                              "locations" : {
                                "lineNumbers" : "A=20+4+1*2+2+1",
                                "columnNumbers" : "A=9*6"
                              }
                            },
                            {
                              "predicate" : "sourceModel",
                              "file" : "C:\\Users\\CYTech Student\\.codeql\\packages\\codeql\\python-all\\2.1.2\\semmle\\python\\frameworks\\Stdlib.model.yml",
                              "index" : 0,
                              "firstRowId" : 12,
                              "rowCount" : 12,
                              "predicateHasOrigin" : true,
                              "locations" : {
                                "lineNumbers" : "A=6+1*4+2+1+2+1*2+4+2",
                                "columnNumbers" : "A=9*12"
                              }
                            },
                            {
                              "predicate" : "sinkModel",
                              "file" : "C:\\Users\\CYTech Student\\.codeql\\packages\\codeql\\python-all\\2.1.2\\semmle\\python\\frameworks\\Stdlib.model.yml",
                              "index" : 1,
                              "firstRowId" : 24,
                              "rowCount" : 1,
                              "predicateHasOrigin" : true,
                              "locations" : {
                                "lineNumbers" : "A=29",
                                "columnNumbers" : "A=9"
                              }
                            },
                            {
                              "predicate" : "summaryModel",
                              "file" : "C:\\Users\\CYTech Student\\.codeql\\packages\\codeql\\python-all\\2.1.2\\semmle\\python\\frameworks\\Stdlib.model.yml",
                              "index" : 2,
                              "firstRowId" : 25,
                              "rowCount" : 66,
                              "predicateHasOrigin" : true,
                              "locations" : {
                                "lineNumbers" : "A=37+1+2+4+2*2+4+2*3+1+2+1+2+1+2+4+2+4+2*2+3+2*2+3+1+2*4+4+1+4+1+4+1*5+2*4+4+1+2*11+3+2+3+4+1+2*2+1+2",
                                "columnNumbers" : "A=9*66"
                              }
                            },
                            {
                              "predicate" : "neutralModel",
                              "file" : "C:\\Users\\CYTech Student\\.codeql\\packages\\codeql\\python-all\\2.1.2\\semmle\\python\\frameworks\\Stdlib.model.yml",
                              "index" : 3,
                              "firstRowId" : 91,
                              "rowCount" : 0,
                              "predicateHasOrigin" : false,
                              "locations" : {
                                "lineNumbers" : "A",
                                "columnNumbers" : "A"
                              }
                            },
                            {
                              "predicate" : "typeModel",
                              "file" : "C:\\Users\\CYTech Student\\.codeql\\packages\\codeql\\python-all\\2.1.2\\semmle\\python\\frameworks\\Stdlib.model.yml",
                              "index" : 4,
                              "firstRowId" : 91,
                              "rowCount" : 0,
                              "predicateHasOrigin" : false,
                              "locations" : {
                                "lineNumbers" : "A",
                                "columnNumbers" : "A"
                              }
                            },
                            {
                              "predicate" : "typeVariableModel",
                              "file" : "C:\\Users\\CYTech Student\\.codeql\\packages\\codeql\\python-all\\2.1.2\\semmle\\python\\frameworks\\Stdlib.model.yml",
                              "index" : 5,
                              "firstRowId" : 91,
                              "rowCount" : 0,
                              "predicateHasOrigin" : false,
                              "locations" : {
                                "lineNumbers" : "A",
                                "columnNumbers" : "A"
                              }
                            },
                            {
                              "predicate" : "sourceModel",
                              "file" : "C:\\Users\\CYTech Student\\.codeql\\packages\\codeql\\python-all\\2.1.2\\semmle\\python\\frameworks\\data\\internal\\empty.model.yml",
                              "index" : 0,
                              "firstRowId" : 91,
                              "rowCount" : 0,
                              "predicateHasOrigin" : true,
                              "locations" : {
                                "lineNumbers" : "A",
                                "columnNumbers" : "A"
                              }
                            },
                            {
                              "predicate" : "sinkModel",
                              "file" : "C:\\Users\\CYTech Student\\.codeql\\packages\\codeql\\python-all\\2.1.2\\semmle\\python\\frameworks\\data\\internal\\empty.model.yml",
                              "index" : 1,
                              "firstRowId" : 91,
                              "rowCount" : 0,
                              "predicateHasOrigin" : true,
                              "locations" : {
                                "lineNumbers" : "A",
                                "columnNumbers" : "A"
                              }
                            },
                            {
                              "predicate" : "summaryModel",
                              "file" : "C:\\Users\\CYTech Student\\.codeql\\packages\\codeql\\python-all\\2.1.2\\semmle\\python\\frameworks\\data\\internal\\empty.model.yml",
                              "index" : 2,
                              "firstRowId" : 91,
                              "rowCount" : 0,
                              "predicateHasOrigin" : true,
                              "locations" : {
                                "lineNumbers" : "A",
                                "columnNumbers" : "A"
                              }
                            },
                            {
                              "predicate" : "neutralModel",
                              "file" : "C:\\Users\\CYTech Student\\.codeql\\packages\\codeql\\python-all\\2.1.2\\semmle\\python\\frameworks\\data\\internal\\empty.model.yml",
                              "index" : 3,
                              "firstRowId" : 91,
                              "rowCount" : 0,
                              "predicateHasOrigin" : false,
                              "locations" : {
                                "lineNumbers" : "A",
                                "columnNumbers" : "A"
                              }
                            },
                            {
                              "predicate" : "typeModel",
                              "file" : "C:\\Users\\CYTech Student\\.codeql\\packages\\codeql\\python-all\\2.1.2\\semmle\\python\\frameworks\\data\\internal\\empty.model.yml",
                              "index" : 4,
                              "firstRowId" : 91,
                              "rowCount" : 0,
                              "predicateHasOrigin" : false,
                              "locations" : {
                                "lineNumbers" : "A",
                                "columnNumbers" : "A"
                              }
                            },
                            {
                              "predicate" : "typeVariableModel",
                              "file" : "C:\\Users\\CYTech Student\\.codeql\\packages\\codeql\\python-all\\2.1.2\\semmle\\python\\frameworks\\data\\internal\\empty.model.yml",
                              "index" : 5,
                              "firstRowId" : 91,
                              "rowCount" : 0,
                              "predicateHasOrigin" : false,
                              "locations" : {
                                "lineNumbers" : "A",
                                "columnNumbers" : "A"
                              }
                            },
                            {
                              "predicate" : "typeModel",
                              "file" : "C:\\Users\\CYTech Student\\.codeql\\packages\\codeql\\python-all\\2.1.2\\semmle\\python\\frameworks\\data\\internal\\subclass-capture\\ALL.model.yml",
                              "index" : 0,
                              "firstRowId" : 91,
                              "rowCount" : 58275,
                              "predicateHasOrigin" : false,
                              "locations" : {
                                "lineNumbers" : "A=7+3*58274",
                                "columnNumbers" : "A=5*58275"
                              }
                            },
                            {
                              "predicate" : "threatModelConfiguration",
                              "file" : "C:\\Users\\CYTech Student\\.codeql\\packages\\codeql\\threat-models\\1.0.11\\ext\\supported-threat-models.model.yml",
                              "index" : 0,
                              "firstRowId" : 58366,
                              "rowCount" : 1,
                              "predicateHasOrigin" : false,
                              "locations" : {
                                "lineNumbers" : "A=6",
                                "columnNumbers" : "A=9"
                              }
                            },
                            {
                              "predicate" : "threatModelGrouping",
                              "file" : "C:\\Users\\CYTech Student\\.codeql\\packages\\codeql\\threat-models\\1.0.11\\ext\\threat-model-grouping.model.yml",
                              "index" : 0,
                              "firstRowId" : 58367,
                              "rowCount" : 14,
                              "predicateHasOrigin" : false,
                              "locations" : {
                                "lineNumbers" : "A=8+3+1+3+1*5+3+1+5+1*2",
                                "columnNumbers" : "A=9*14"
                              }
                            },
                            {
                              "predicate" : "restrictAlertsTo",
                              "file" : "C:\\Users\\CYTech Student\\.codeql\\packages\\codeql\\util\\1.0.11\\ext\\default-alert-filter.yml",
                              "index" : 0,
                              "firstRowId" : 58381,
                              "rowCount" : 0,
                              "predicateHasOrigin" : false,
                              "locations" : {
                                "lineNumbers" : "A",
                                "columnNumbers" : "A"
                              }
                            }
                          ]
                        },
                        "threatModels" : {
                          "H:\\Desktop\\Codeql\\codeql-custom-queries-python" : {
                            "extensions" : [
                              {
                                "data" : [ ],
                                "addsTo" : {
                                  "extensible" : "threatModelConfiguration",
                                  "packName" : "codeql/threat-models"
                                }
                              }
                            ]
                          }
                        },
                        "extensionPacks" : [ ]
                      }
[2024-11-30 11:46:33] Plumbing command codeql resolve extensions completed:
                      {
                        "models" : [ ],
                        "data" : {
                          "H:\\Desktop\\Codeql\\codeql-custom-queries-python" : [
                            {
                              "predicate" : "threatModelConfiguration",
                              "file" : "C:\\Users\\CYTech Student\\.codeql\\packages\\codeql\\python-all\\2.1.2\\ext\\default-threat-models-fixup.model.yml",
                              "index" : 0,
                              "firstRowId" : 0,
                              "rowCount" : 1,
                              "predicateHasOrigin" : false,
                              "locations" : {
                                "lineNumbers" : "A=8",
                                "columnNumbers" : "A=9"
                              }
                            },
                            {
                              "predicate" : "sinkModel",
                              "file" : "C:\\Users\\CYTech Student\\.codeql\\packages\\codeql\\python-all\\2.1.2\\semmle\\python\\frameworks\\Asyncpg.model.yml",
                              "index" : 0,
                              "firstRowId" : 1,
                              "rowCount" : 5,
                              "predicateHasOrigin" : true,
                              "locations" : {
                                "lineNumbers" : "A=7+1+2+1+2",
                                "columnNumbers" : "A=9*5"
                              }
                            },
                            {
                              "predicate" : "typeModel",
                              "file" : "C:\\Users\\CYTech Student\\.codeql\\packages\\codeql\\python-all\\2.1.2\\semmle\\python\\frameworks\\Asyncpg.model.yml",
                              "index" : 1,
                              "firstRowId" : 6,
                              "rowCount" : 6,
                              "predicateHasOrigin" : false,
                              "locations" : {
                                "lineNumbers" : "A=20+4+1*2+2+1",
                                "columnNumbers" : "A=9*6"
                              }
                            },
                            {
                              "predicate" : "sourceModel",
                              "file" : "C:\\Users\\CYTech Student\\.codeql\\packages\\codeql\\python-all\\2.1.2\\semmle\\python\\frameworks\\Stdlib.model.yml",
                              "index" : 0,
                              "firstRowId" : 12,
                              "rowCount" : 12,
                              "predicateHasOrigin" : true,
                              "locations" : {
                                "lineNumbers" : "A=6+1*4+2+1+2+1*2+4+2",
                                "columnNumbers" : "A=9*12"
                              }
                            },
                            {
                              "predicate" : "sinkModel",
                              "file" : "C:\\Users\\CYTech Student\\.codeql\\packages\\codeql\\python-all\\2.1.2\\semmle\\python\\frameworks\\Stdlib.model.yml",
                              "index" : 1,
                              "firstRowId" : 24,
                              "rowCount" : 1,
                              "predicateHasOrigin" : true,
                              "locations" : {
                                "lineNumbers" : "A=29",
                                "columnNumbers" : "A=9"
                              }
                            },
                            {
                              "predicate" : "summaryModel",
                              "file" : "C:\\Users\\CYTech Student\\.codeql\\packages\\codeql\\python-all\\2.1.2\\semmle\\python\\frameworks\\Stdlib.model.yml",
                              "index" : 2,
                              "firstRowId" : 25,
                              "rowCount" : 66,
                              "predicateHasOrigin" : true,
                              "locations" : {
                                "lineNumbers" : "A=37+1+2+4+2*2+4+2*3+1+2+1+2+1+2+4+2+4+2*2+3+2*2+3+1+2*4+4+1+4+1+4+1*5+2*4+4+1+2*11+3+2+3+4+1+2*2+1+2",
                                "columnNumbers" : "A=9*66"
                              }
                            },
                            {
                              "predicate" : "neutralModel",
                              "file" : "C:\\Users\\CYTech Student\\.codeql\\packages\\codeql\\python-all\\2.1.2\\semmle\\python\\frameworks\\Stdlib.model.yml",
                              "index" : 3,
                              "firstRowId" : 91,
                              "rowCount" : 0,
                              "predicateHasOrigin" : false,
                              "locations" : {
                                "lineNumbers" : "A",
                                "columnNumbers" : "A"
                              }
                            },
                            {
                              "predicate" : "typeModel",
                              "file" : "C:\\Users\\CYTech Student\\.codeql\\packages\\codeql\\python-all\\2.1.2\\semmle\\python\\frameworks\\Stdlib.model.yml",
                              "index" : 4,
                              "firstRowId" : 91,
                              "rowCount" : 0,
                              "predicateHasOrigin" : false,
                              "locations" : {
                                "lineNumbers" : "A",
                                "columnNumbers" : "A"
                              }
                            },
                            {
                              "predicate" : "typeVariableModel",
                              "file" : "C:\\Users\\CYTech Student\\.codeql\\packages\\codeql\\python-all\\2.1.2\\semmle\\python\\frameworks\\Stdlib.model.yml",
                              "index" : 5,
                              "firstRowId" : 91,
                              "rowCount" : 0,
                              "predicateHasOrigin" : false,
                              "locations" : {
                                "lineNumbers" : "A",
                                "columnNumbers" : "A"
                              }
                            },
                            {
                              "predicate" : "sourceModel",
                              "file" : "C:\\Users\\CYTech Student\\.codeql\\packages\\codeql\\python-all\\2.1.2\\semmle\\python\\frameworks\\data\\internal\\empty.model.yml",
                              "index" : 0,
                              "firstRowId" : 91,
                              "rowCount" : 0,
                              "predicateHasOrigin" : true,
                              "locations" : {
                                "lineNumbers" : "A",
                                "columnNumbers" : "A"
                              }
                            },
                            {
                              "predicate" : "sinkModel",
                              "file" : "C:\\Users\\CYTech Student\\.codeql\\packages\\codeql\\python-all\\2.1.2\\semmle\\python\\frameworks\\data\\internal\\empty.model.yml",
                              "index" : 1,
                              "firstRowId" : 91,
                              "rowCount" : 0,
                              "predicateHasOrigin" : true,
                              "locations" : {
                                "lineNumbers" : "A",
                                "columnNumbers" : "A"
                              }
                            },
                            {
                              "predicate" : "summaryModel",
                              "file" : "C:\\Users\\CYTech Student\\.codeql\\packages\\codeql\\python-all\\2.1.2\\semmle\\python\\frameworks\\data\\internal\\empty.model.yml",
                              "index" : 2,
                              "firstRowId" : 91,
                              "rowCount" : 0,
                              "predicateHasOrigin" : true,
                              "locations" : {
                                "lineNumbers" : "A",
                                "columnNumbers" : "A"
                              }
                            },
                            {
                              "predicate" : "neutralModel",
                              "file" : "C:\\Users\\CYTech Student\\.codeql\\packages\\codeql\\python-all\\2.1.2\\semmle\\python\\frameworks\\data\\internal\\empty.model.yml",
                              "index" : 3,
                              "firstRowId" : 91,
                              "rowCount" : 0,
                              "predicateHasOrigin" : false,
                              "locations" : {
                                "lineNumbers" : "A",
                                "columnNumbers" : "A"
                              }
                            },
                            {
                              "predicate" : "typeModel",
                              "file" : "C:\\Users\\CYTech Student\\.codeql\\packages\\codeql\\python-all\\2.1.2\\semmle\\python\\frameworks\\data\\internal\\empty.model.yml",
                              "index" : 4,
                              "firstRowId" : 91,
                              "rowCount" : 0,
                              "predicateHasOrigin" : false,
                              "locations" : {
                                "lineNumbers" : "A",
                                "columnNumbers" : "A"
                              }
                            },
                            {
                              "predicate" : "typeVariableModel",
                              "file" : "C:\\Users\\CYTech Student\\.codeql\\packages\\codeql\\python-all\\2.1.2\\semmle\\python\\frameworks\\data\\internal\\empty.model.yml",
                              "index" : 5,
                              "firstRowId" : 91,
                              "rowCount" : 0,
                              "predicateHasOrigin" : false,
                              "locations" : {
                                "lineNumbers" : "A",
                                "columnNumbers" : "A"
                              }
                            },
                            {
                              "predicate" : "typeModel",
                              "file" : "C:\\Users\\CYTech Student\\.codeql\\packages\\codeql\\python-all\\2.1.2\\semmle\\python\\frameworks\\data\\internal\\subclass-capture\\ALL.model.yml",
                              "index" : 0,
                              "firstRowId" : 91,
                              "rowCount" : 58275,
                              "predicateHasOrigin" : false,
                              "locations" : {
                                "lineNumbers" : "A=7+3*58274",
                                "columnNumbers" : "A=5*58275"
                              }
                            },
                            {
                              "predicate" : "threatModelConfiguration",
                              "file" : "C:\\Users\\CYTech Student\\.codeql\\packages\\codeql\\threat-models\\1.0.11\\ext\\supported-threat-models.model.yml",
                              "index" : 0,
                              "firstRowId" : 58366,
                              "rowCount" : 1,
                              "predicateHasOrigin" : false,
                              "locations" : {
                                "lineNumbers" : "A=6",
                                "columnNumbers" : "A=9"
                              }
                            },
                            {
                              "predicate" : "threatModelGrouping",
                              "file" : "C:\\Users\\CYTech Student\\.codeql\\packages\\codeql\\threat-models\\1.0.11\\ext\\threat-model-grouping.model.yml",
                              "index" : 0,
                              "firstRowId" : 58367,
                              "rowCount" : 14,
                              "predicateHasOrigin" : false,
                              "locations" : {
                                "lineNumbers" : "A=8+3+1+3+1*5+3+1+5+1*2",
                                "columnNumbers" : "A=9*14"
                              }
                            },
                            {
                              "predicate" : "restrictAlertsTo",
                              "file" : "C:\\Users\\CYTech Student\\.codeql\\packages\\codeql\\util\\1.0.11\\ext\\default-alert-filter.yml",
                              "index" : 0,
                              "firstRowId" : 58381,
                              "rowCount" : 0,
                              "predicateHasOrigin" : false,
                              "locations" : {
                                "lineNumbers" : "A",
                                "columnNumbers" : "A"
                              }
                            }
                          ]
                        },
                        "threatModels" : {
                          "H:\\Desktop\\Codeql\\codeql-custom-queries-python" : {
                            "extensions" : [
                              {
                                "data" : [ ],
                                "addsTo" : {
                                  "extensible" : "threatModelConfiguration",
                                  "packName" : "codeql/threat-models"
                                }
                              }
                            ]
                          }
                        },
                        "extensionPacks" : [ ]
                      }
[2024-11-30 11:46:34] Calling plumbing command: codeql resolve library-path --qlconfig-file=H:\Desktop\Codeql\qlconfig.yml --query=H:\Desktop\Codeql\codeql-custom-queries-python\example3.ql --format=json
[2024-11-30 11:46:34] [DETAILS] resolve library-path> Resolving query at normalized path H:\Desktop\Codeql\codeql-custom-queries-python\example3.ql.
[2024-11-30 11:46:34] [DETAILS] resolve library-path> Found enclosing pack 'getting-started/codeql-extra-queries-python' at H:\Desktop\Codeql\codeql-custom-queries-python.
[2024-11-30 11:46:34] [DETAILS] resolve library-path> Adding compilation cache at C:\Users\CYTech Student\.codeql\compile-cache.
[2024-11-30 11:46:34] [DETAILS] resolve library-path> Resolving library dependencies from H:\Desktop\Codeql\codeql-custom-queries-python\codeql-pack.yml.
[2024-11-30 11:46:34] [SPAMMY] resolve library-path> [INCOMPATIBILITY] getting-started/codeql-extra-queries-python: not 1.0.0 {root: getting-started/codeql-extra-queries-python@1.0.0}
[2024-11-30 11:46:34] [SPAMMY] resolve library-path> [DERIVATION] getting-started/codeql-extra-queries-python: 1.0.0 {getting-started/codeql-extra-queries-python: not 1.0.0 {root: getting-started/codeql-extra-queries-python@1.0.0}}
[2024-11-30 11:46:34] [SPAMMY] resolve library-path> [INCOMPATIBILITY] getting-started/codeql-extra-queries-python: * [*], codeql/python-all: not * [*] {dependency: getting-started/codeql-extra-queries-python@* [*] requires codeql/python-all@^2.1.2}
[2024-11-30 11:46:34] [SPAMMY] resolve library-path> [DECISION 1] getting-started/codeql-extra-queries-python: 1.0.0
[2024-11-30 11:46:34] [SPAMMY] resolve library-path> [DERIVATION] codeql/python-all: * [*] {getting-started/codeql-extra-queries-python: * [*], codeql/python-all: not * [*] {dependency: getting-started/codeql-extra-queries-python@* [*] requires codeql/python-all@^2.1.2}}
[2024-11-30 11:46:34] [SPAMMY] resolve library-path> [INCOMPATIBILITY] codeql/python-all: * [*], codeql/dataflow: not * [*] {dependency: codeql/python-all@* [*] requires codeql/dataflow@1.1.5}
[2024-11-30 11:46:34] [SPAMMY] resolve library-path> [INCOMPATIBILITY] codeql/python-all: * [*], codeql/mad: not * [*] {dependency: codeql/python-all@* [*] requires codeql/mad@1.0.11}
[2024-11-30 11:46:34] [SPAMMY] resolve library-path> [INCOMPATIBILITY] codeql/python-all: * [*], codeql/regex: not * [*] {dependency: codeql/python-all@* [*] requires codeql/regex@1.0.11}
[2024-11-30 11:46:34] [SPAMMY] resolve library-path> [INCOMPATIBILITY] codeql/python-all: * [*], codeql/threat-models: not * [*] {dependency: codeql/python-all@* [*] requires codeql/threat-models@1.0.11}
[2024-11-30 11:46:34] [SPAMMY] resolve library-path> [INCOMPATIBILITY] codeql/python-all: * [*], codeql/tutorial: not * [*] {dependency: codeql/python-all@* [*] requires codeql/tutorial@1.0.11}
[2024-11-30 11:46:34] [SPAMMY] resolve library-path> [INCOMPATIBILITY] codeql/python-all: * [*], codeql/util: not * [*] {dependency: codeql/python-all@* [*] requires codeql/util@1.0.11}
[2024-11-30 11:46:34] [SPAMMY] resolve library-path> [INCOMPATIBILITY] codeql/python-all: * [*], codeql/xml: not * [*] {dependency: codeql/python-all@* [*] requires codeql/xml@1.0.11}
[2024-11-30 11:46:34] [SPAMMY] resolve library-path> [INCOMPATIBILITY] codeql/python-all: * [*], codeql/yaml: not * [*] {dependency: codeql/python-all@* [*] requires codeql/yaml@1.0.11}
[2024-11-30 11:46:34] [SPAMMY] resolve library-path> [DECISION 2] codeql/python-all: 2.1.2
[2024-11-30 11:46:34] [SPAMMY] resolve library-path> [DERIVATION] codeql/yaml: * [*] {codeql/python-all: * [*], codeql/yaml: not * [*] {dependency: codeql/python-all@* [*] requires codeql/yaml@1.0.11}}
[2024-11-30 11:46:34] [SPAMMY] resolve library-path> [DERIVATION] codeql/xml: * [*] {codeql/python-all: * [*], codeql/xml: not * [*] {dependency: codeql/python-all@* [*] requires codeql/xml@1.0.11}}
[2024-11-30 11:46:34] [SPAMMY] resolve library-path> [DERIVATION] codeql/util: * [*] {codeql/python-all: * [*], codeql/util: not * [*] {dependency: codeql/python-all@* [*] requires codeql/util@1.0.11}}
[2024-11-30 11:46:34] [SPAMMY] resolve library-path> [DERIVATION] codeql/tutorial: * [*] {codeql/python-all: * [*], codeql/tutorial: not * [*] {dependency: codeql/python-all@* [*] requires codeql/tutorial@1.0.11}}
[2024-11-30 11:46:34] [SPAMMY] resolve library-path> [DERIVATION] codeql/threat-models: * [*] {codeql/python-all: * [*], codeql/threat-models: not * [*] {dependency: codeql/python-all@* [*] requires codeql/threat-models@1.0.11}}
[2024-11-30 11:46:34] [SPAMMY] resolve library-path> [DERIVATION] codeql/regex: * [*] {codeql/python-all: * [*], codeql/regex: not * [*] {dependency: codeql/python-all@* [*] requires codeql/regex@1.0.11}}
[2024-11-30 11:46:34] [SPAMMY] resolve library-path> [DERIVATION] codeql/mad: * [*] {codeql/python-all: * [*], codeql/mad: not * [*] {dependency: codeql/python-all@* [*] requires codeql/mad@1.0.11}}
[2024-11-30 11:46:34] [SPAMMY] resolve library-path> [DERIVATION] codeql/dataflow: * [*] {codeql/python-all: * [*], codeql/dataflow: not * [*] {dependency: codeql/python-all@* [*] requires codeql/dataflow@1.1.5}}
[2024-11-30 11:46:34] [SPAMMY] resolve library-path> [INCOMPATIBILITY] codeql/dataflow: * [*], codeql/ssa: not * [*] {dependency: codeql/dataflow@* [*] requires codeql/ssa@1.0.11}
[2024-11-30 11:46:34] [SPAMMY] resolve library-path> [INCOMPATIBILITY] codeql/dataflow: * [*], codeql/typetracking: not * [*] {dependency: codeql/dataflow@* [*] requires codeql/typetracking@1.0.11}
[2024-11-30 11:46:34] [SPAMMY] resolve library-path> [INCOMPATIBILITY] codeql/dataflow: * [*], codeql/util: not * [*] {dependency: codeql/dataflow@* [*] requires codeql/util@1.0.11}
[2024-11-30 11:46:34] [SPAMMY] resolve library-path> [DECISION 3] codeql/dataflow: 1.1.5
[2024-11-30 11:46:34] [SPAMMY] resolve library-path> [DERIVATION] codeql/typetracking: * [*] {codeql/dataflow: * [*], codeql/typetracking: not * [*] {dependency: codeql/dataflow@* [*] requires codeql/typetracking@1.0.11}}
[2024-11-30 11:46:34] [SPAMMY] resolve library-path> [DERIVATION] codeql/ssa: * [*] {codeql/dataflow: * [*], codeql/ssa: not * [*] {dependency: codeql/dataflow@* [*] requires codeql/ssa@1.0.11}}
[2024-11-30 11:46:34] [SPAMMY] resolve library-path> [INCOMPATIBILITY] codeql/mad: * [*], codeql/dataflow: not * [*] {dependency: codeql/mad@* [*] requires codeql/dataflow@1.1.5}
[2024-11-30 11:46:34] [SPAMMY] resolve library-path> [INCOMPATIBILITY] codeql/mad: * [*], codeql/util: not * [*] {dependency: codeql/mad@* [*] requires codeql/util@1.0.11}
[2024-11-30 11:46:34] [SPAMMY] resolve library-path> [DECISION 4] codeql/mad: 1.0.11
[2024-11-30 11:46:34] [SPAMMY] resolve library-path> [INCOMPATIBILITY] codeql/regex: * [*], codeql/util: not * [*] {dependency: codeql/regex@* [*] requires codeql/util@1.0.11}
[2024-11-30 11:46:34] [SPAMMY] resolve library-path> [DECISION 5] codeql/regex: 1.0.11
[2024-11-30 11:46:34] [SPAMMY] resolve library-path> [INCOMPATIBILITY] codeql/ssa: * [*], codeql/util: not * [*] {dependency: codeql/ssa@* [*] requires codeql/util@1.0.11}
[2024-11-30 11:46:34] [SPAMMY] resolve library-path> [DECISION 6] codeql/ssa: 1.0.11
[2024-11-30 11:46:34] [SPAMMY] resolve library-path> [DECISION 7] codeql/threat-models: 1.0.11
[2024-11-30 11:46:34] [SPAMMY] resolve library-path> [DECISION 8] codeql/tutorial: 1.0.11
[2024-11-30 11:46:34] [SPAMMY] resolve library-path> [INCOMPATIBILITY] codeql/typetracking: * [*], codeql/util: not * [*] {dependency: codeql/typetracking@* [*] requires codeql/util@1.0.11}
[2024-11-30 11:46:34] [SPAMMY] resolve library-path> [DECISION 9] codeql/typetracking: 1.0.11
[2024-11-30 11:46:34] [SPAMMY] resolve library-path> [DECISION 10] codeql/util: 1.0.11
[2024-11-30 11:46:34] [SPAMMY] resolve library-path> [INCOMPATIBILITY] codeql/xml: * [*], codeql/util: not * [*] {dependency: codeql/xml@* [*] requires codeql/util@1.0.11}
[2024-11-30 11:46:34] [SPAMMY] resolve library-path> [DECISION 11] codeql/xml: 1.0.11
[2024-11-30 11:46:34] [SPAMMY] resolve library-path> [DECISION 12] codeql/yaml: 1.0.11
[2024-11-30 11:46:34] [DETAILS] resolve library-path> QL pack dependencies for H:\Desktop\Codeql\codeql-custom-queries-python resolved OK.
[2024-11-30 11:46:34] [DETAILS] resolve library-path> Found dbscheme through QL packs: C:\Users\CYTech Student\.codeql\packages\codeql\python-all\2.1.2\semmlecode.python.dbscheme.
[2024-11-30 11:46:34] Plumbing command codeql resolve library-path completed:
                      {
                        "libraryPath" : [
                          "H:\\Desktop\\Codeql\\codeql-custom-queries-python",
                          "C:\\Users\\CYTech Student\\.codeql\\packages\\codeql\\python-all\\2.1.2",
                          "C:\\Users\\CYTech Student\\.codeql\\packages\\codeql\\dataflow\\1.1.5",
                          "C:\\Users\\CYTech Student\\.codeql\\packages\\codeql\\mad\\1.0.11",
                          "C:\\Users\\CYTech Student\\.codeql\\packages\\codeql\\regex\\1.0.11",
                          "C:\\Users\\CYTech Student\\.codeql\\packages\\codeql\\ssa\\1.0.11",
                          "C:\\Users\\CYTech Student\\.codeql\\packages\\codeql\\threat-models\\1.0.11",
                          "C:\\Users\\CYTech Student\\.codeql\\packages\\codeql\\tutorial\\1.0.11",
                          "C:\\Users\\CYTech Student\\.codeql\\packages\\codeql\\typetracking\\1.0.11",
                          "C:\\Users\\CYTech Student\\.codeql\\packages\\codeql\\util\\1.0.11",
                          "C:\\Users\\CYTech Student\\.codeql\\packages\\codeql\\xml\\1.0.11",
                          "C:\\Users\\CYTech Student\\.codeql\\packages\\codeql\\yaml\\1.0.11"
                        ],
                        "dbscheme" : "C:\\Users\\CYTech Student\\.codeql\\packages\\codeql\\python-all\\2.1.2\\semmlecode.python.dbscheme",
                        "compilationCache" : [
                          "C:\\Users\\CYTech Student\\.codeql\\compile-cache"
                        ],
                        "relativeName" : "getting-started\\codeql-extra-queries-python\\example3.ql",
                        "qlPackName" : "getting-started/codeql-extra-queries-python"
                      }
[2024-11-30 11:46:34] [PROGRESS] execute queries> Compiling query plan for H:\Desktop\Codeql\codeql-custom-queries-python\example3.ql.
[2024-11-30 11:46:34] [DETAILS] execute queries> Resolving imports for H:\Desktop\Codeql\codeql-custom-queries-python\example3.ql.
[2024-11-30 11:46:35] Resolved file set for H:\Desktop\Codeql\codeql-custom-queries-python\example3.ql hashes to 5bfa0977e9c24cd2c6a7b6209b5707e1959758fd.
[2024-11-30 11:46:35] [DETAILS] execute queries> Checking QL for H:\Desktop\Codeql\codeql-custom-queries-python\example3.ql.
[2024-11-30 11:46:35] Stale frontend caches are invalidated based on import graph reachability.
[2024-11-30 11:46:36] ExternalModuleBindingPass ...
[2024-11-30 11:46:36] ExternalModuleBindingPass time: 00:00.894
[2024-11-30 11:46:36] CollectInstantiationsPass ...
[2024-11-30 11:46:37] CollectInstantiationsPass time: 00:00.240
[2024-11-30 11:46:37] Ql checks ...
[2024-11-30 11:46:40] Ql checks time: 00:03.622
[2024-11-30 11:46:44] [ERROR] execute queries> ERROR: getName() cannot be resolved for type Exprs::Expr (H:\Desktop\Codeql\codeql-custom-queries-python\example3.ql:13,19-26)
[2024-11-30 11:46:44] [ERROR] execute queries> ERROR: getArgument(int) cannot be resolved for type Exprs::Call (H:\Desktop\Codeql\codeql-custom-queries-python\example3.ql:14,9-20)
[2024-11-30 11:46:44] [ERROR] execute queries> ERROR: asExpr() cannot be resolved for type Exprs::Expr (H:\Desktop\Codeql\codeql-custom-queries-python\example3.ql:15,14-20)
[2024-11-30 11:46:44] Sequence stamp origin is -6110864040487860945
[2024-11-30 11:46:44] Pausing evaluation to close the cache at sequence stamp o+0
[2024-11-30 11:46:44] The disk cache is freshly trimmed; leave it be.
[2024-11-30 11:46:44] Unpausing evaluation
[2024-11-30 11:46:44] Exiting with code 2
