[2024-12-01 12:25:22] This is codeql database create counterdatabase --language=python --source-root=source-folder
[2024-12-01 12:25:22] Log file was started late.
[2024-12-01 12:25:22] [PROGRESS] database create> Initializing database at C:\Users\Saaru\Desktop\CodeQl\CodeQl\counterdatabase.
[2024-12-01 12:25:22] Running plumbing command: codeql database init --language=python --extractor-options-verbosity=1 --qlconfig-file=C:\Users\Saaru\Desktop\CodeQl\CodeQl\qlconfig.yml --source-root=C:\Users\Saaru\Desktop\CodeQl\CodeQl\source-folder --allow-missing-source-root=false --allow-already-existing -- C:\Users\Saaru\Desktop\CodeQl\CodeQl\counterdatabase
[2024-12-01 12:25:22] Exception caught at top level: Invalid source root: C:\Users\Saaru\Desktop\CodeQl\CodeQl\source-folder.
                      com.semmle.cli2.database.InitCommand.executeSubcommand(InitCommand.java:168)
                      com.semmle.cli2.picocli.SubcommandCommon.lambda$executeSubcommandWithMessages$5(SubcommandCommon.java:893)
                      com.semmle.cli2.picocli.SubcommandCommon.withCompilationMessages(SubcommandCommon.java:443)
                      com.semmle.cli2.picocli.SubcommandCommon.executeSubcommandWithMessages(SubcommandCommon.java:891)
                      com.semmle.cli2.picocli.PlumbingRunner.run(PlumbingRunner.java:119)
                      com.semmle.cli2.picocli.SubcommandCommon.runPlumbingInProcess(SubcommandCommon.java:200)
                      com.semmle.cli2.database.CreateCommand.executeSubcommand(CreateCommand.java:113)
                      com.semmle.cli2.picocli.SubcommandCommon.lambda$executeSubcommandWithMessages$5(SubcommandCommon.java:893)
                      com.semmle.cli2.picocli.SubcommandCommon.withCompilationMessages(SubcommandCommon.java:443)
                      com.semmle.cli2.picocli.SubcommandCommon.executeSubcommandWithMessages(SubcommandCommon.java:891)
                      com.semmle.cli2.picocli.SubcommandCommon.toplevelMain(SubcommandCommon.java:775)
                      com.semmle.cli2.picocli.SubcommandCommon.call(SubcommandCommon.java:756)
                      com.semmle.cli2.picocli.SubcommandMaker.runMain(SubcommandMaker.java:238)
                      com.semmle.cli2.picocli.SubcommandMaker.runMain(SubcommandMaker.java:259)
                      com.semmle.cli2.CodeQL.main(CodeQL.java:115)
