[2024-12-01 12:37:29] This is codeql execute queries -J-Xmx3264M --off-heap-ram=4061 --verbosity=progress --logdir=C:\Users\Saaru\Desktop\CodeQl\CodeQl\counterdatabase\log --evaluator-log-level=5 --warnings=show --dynamic-join-order-mode=none --qlconfig-file=C:\Users\Saaru\Desktop\CodeQl\CodeQl\qlconfig.yml -- C:\Users\Saaru\Desktop\CodeQl\CodeQl\counterdatabase\db-python path:C:\Users\Saaru\Desktop\CodeQl\CodeQl\codeql-custom-queries-python\exempls4.ql
[2024-12-01 12:37:29] Calling plumbing command: codeql resolve queries --qlconfig-file=C:\Users\Saaru\Desktop\CodeQl\CodeQl\qlconfig.yml --format=json -- path:C:\Users\Saaru\Desktop\CodeQl\CodeQl\codeql-custom-queries-python\exempls4.ql
[2024-12-01 12:37:29] [PROGRESS] resolve queries> Recording pack reference getting-started/codeql-extra-queries-python at C:\Users\Saaru\Desktop\CodeQl\CodeQl\codeql-custom-queries-python.
[2024-12-01 12:37:29] Plumbing command codeql resolve queries completed:
                      [
                        "C:\\Users\\Saaru\\Desktop\\CodeQl\\CodeQl\\codeql-custom-queries-python\\exempls4.ql"
                      ]
[2024-12-01 12:37:29] Refusing fancy output: The terminal is not an xterm: 
[2024-12-01 12:37:29] Creating executor with 1 threads.
[2024-12-01 12:37:30] Calling plumbing command: codeql resolve extensions --qlconfig-file=C:\Users\Saaru\Desktop\CodeQl\CodeQl\qlconfig.yml --include-extension-row-locations path:C:\Users\Saaru\Desktop\CodeQl\CodeQl\codeql-custom-queries-python\exempls4.ql
[2024-12-01 12:37:30] Calling plumbing command: codeql resolve queries --qlconfig-file=C:\Users\Saaru\Desktop\CodeQl\CodeQl\qlconfig.yml --allow-library-packs --format startingpacks -- path:C:\Users\Saaru\Desktop\CodeQl\CodeQl\codeql-custom-queries-python\exempls4.ql
[2024-12-01 12:37:30] [PROGRESS] resolve queries> Recording pack reference getting-started/codeql-extra-queries-python at C:\Users\Saaru\Desktop\CodeQl\CodeQl\codeql-custom-queries-python.
[2024-12-01 12:37:30] Plumbing command codeql resolve queries completed:
                      [
                        "C:\\Users\\Saaru\\Desktop\\CodeQl\\CodeQl\\codeql-custom-queries-python"
                      ]
[2024-12-01 12:37:30] Calling plumbing command: codeql resolve extensions-by-pack --qlconfig-file=C:\Users\Saaru\Desktop\CodeQl\CodeQl\qlconfig.yml --include-extension-row-locations -- C:\Users\Saaru\Desktop\CodeQl\CodeQl\codeql-custom-queries-python
[2024-12-01 12:37:30] [SPAMMY] resolve extensions-by-pack> [INCOMPATIBILITY] getting-started/codeql-extra-queries-python: not 1.0.0 {root: getting-started/codeql-extra-queries-python@1.0.0}
[2024-12-01 12:37:30] [SPAMMY] resolve extensions-by-pack> [DERIVATION] getting-started/codeql-extra-queries-python: 1.0.0 {getting-started/codeql-extra-queries-python: not 1.0.0 {root: getting-started/codeql-extra-queries-python@1.0.0}}
[2024-12-01 12:37:30] [SPAMMY] resolve extensions-by-pack> [INCOMPATIBILITY] getting-started/codeql-extra-queries-python: * [*], codeql/python-all: not * [*] {dependency: getting-started/codeql-extra-queries-python@* [*] requires codeql/python-all@2.1.2}
[2024-12-01 12:37:30] [SPAMMY] resolve extensions-by-pack> [DECISION 1] getting-started/codeql-extra-queries-python: 1.0.0
[2024-12-01 12:37:30] [SPAMMY] resolve extensions-by-pack> [DERIVATION] codeql/python-all: * [*] {getting-started/codeql-extra-queries-python: * [*], codeql/python-all: not * [*] {dependency: getting-started/codeql-extra-queries-python@* [*] requires codeql/python-all@2.1.2}}
[2024-12-01 12:37:30] [SPAMMY] resolve extensions-by-pack> [INCOMPATIBILITY] codeql/python-all: * [*], codeql/dataflow: not * [*] {dependency: codeql/python-all@* [*] requires codeql/dataflow@1.1.5}
[2024-12-01 12:37:30] [SPAMMY] resolve extensions-by-pack> [INCOMPATIBILITY] codeql/python-all: * [*], codeql/mad: not * [*] {dependency: codeql/python-all@* [*] requires codeql/mad@1.0.11}
[2024-12-01 12:37:30] [SPAMMY] resolve extensions-by-pack> [INCOMPATIBILITY] codeql/python-all: * [*], codeql/regex: not * [*] {dependency: codeql/python-all@* [*] requires codeql/regex@1.0.11}
[2024-12-01 12:37:30] [SPAMMY] resolve extensions-by-pack> [INCOMPATIBILITY] codeql/python-all: * [*], codeql/threat-models: not * [*] {dependency: codeql/python-all@* [*] requires codeql/threat-models@1.0.11}
[2024-12-01 12:37:30] [SPAMMY] resolve extensions-by-pack> [INCOMPATIBILITY] codeql/python-all: * [*], codeql/tutorial: not * [*] {dependency: codeql/python-all@* [*] requires codeql/tutorial@1.0.11}
[2024-12-01 12:37:30] [SPAMMY] resolve extensions-by-pack> [INCOMPATIBILITY] codeql/python-all: * [*], codeql/util: not * [*] {dependency: codeql/python-all@* [*] requires codeql/util@1.0.11}
[2024-12-01 12:37:30] [SPAMMY] resolve extensions-by-pack> [INCOMPATIBILITY] codeql/python-all: * [*], codeql/xml: not * [*] {dependency: codeql/python-all@* [*] requires codeql/xml@1.0.11}
[2024-12-01 12:37:30] [SPAMMY] resolve extensions-by-pack> [INCOMPATIBILITY] codeql/python-all: * [*], codeql/yaml: not * [*] {dependency: codeql/python-all@* [*] requires codeql/yaml@1.0.11}
[2024-12-01 12:37:30] [SPAMMY] resolve extensions-by-pack> [DECISION 2] codeql/python-all: 2.1.2
[2024-12-01 12:37:30] [SPAMMY] resolve extensions-by-pack> [DERIVATION] codeql/yaml: * [*] {codeql/python-all: * [*], codeql/yaml: not * [*] {dependency: codeql/python-all@* [*] requires codeql/yaml@1.0.11}}
[2024-12-01 12:37:30] [SPAMMY] resolve extensions-by-pack> [DERIVATION] codeql/xml: * [*] {codeql/python-all: * [*], codeql/xml: not * [*] {dependency: codeql/python-all@* [*] requires codeql/xml@1.0.11}}
[2024-12-01 12:37:30] [SPAMMY] resolve extensions-by-pack> [DERIVATION] codeql/util: * [*] {codeql/python-all: * [*], codeql/util: not * [*] {dependency: codeql/python-all@* [*] requires codeql/util@1.0.11}}
[2024-12-01 12:37:30] [SPAMMY] resolve extensions-by-pack> [DERIVATION] codeql/tutorial: * [*] {codeql/python-all: * [*], codeql/tutorial: not * [*] {dependency: codeql/python-all@* [*] requires codeql/tutorial@1.0.11}}
[2024-12-01 12:37:30] [SPAMMY] resolve extensions-by-pack> [DERIVATION] codeql/threat-models: * [*] {codeql/python-all: * [*], codeql/threat-models: not * [*] {dependency: codeql/python-all@* [*] requires codeql/threat-models@1.0.11}}
[2024-12-01 12:37:30] [SPAMMY] resolve extensions-by-pack> [DERIVATION] codeql/regex: * [*] {codeql/python-all: * [*], codeql/regex: not * [*] {dependency: codeql/python-all@* [*] requires codeql/regex@1.0.11}}
[2024-12-01 12:37:30] [SPAMMY] resolve extensions-by-pack> [DERIVATION] codeql/mad: * [*] {codeql/python-all: * [*], codeql/mad: not * [*] {dependency: codeql/python-all@* [*] requires codeql/mad@1.0.11}}
[2024-12-01 12:37:30] [SPAMMY] resolve extensions-by-pack> [DERIVATION] codeql/dataflow: * [*] {codeql/python-all: * [*], codeql/dataflow: not * [*] {dependency: codeql/python-all@* [*] requires codeql/dataflow@1.1.5}}
[2024-12-01 12:37:30] [SPAMMY] resolve extensions-by-pack> [INCOMPATIBILITY] codeql/dataflow: * [*], codeql/ssa: not * [*] {dependency: codeql/dataflow@* [*] requires codeql/ssa@1.0.11}
[2024-12-01 12:37:30] [SPAMMY] resolve extensions-by-pack> [INCOMPATIBILITY] codeql/dataflow: * [*], codeql/typetracking: not * [*] {dependency: codeql/dataflow@* [*] requires codeql/typetracking@1.0.11}
[2024-12-01 12:37:30] [SPAMMY] resolve extensions-by-pack> [INCOMPATIBILITY] codeql/dataflow: * [*], codeql/util: not * [*] {dependency: codeql/dataflow@* [*] requires codeql/util@1.0.11}
[2024-12-01 12:37:30] [SPAMMY] resolve extensions-by-pack> [DECISION 3] codeql/dataflow: 1.1.5
[2024-12-01 12:37:30] [SPAMMY] resolve extensions-by-pack> [DERIVATION] codeql/typetracking: * [*] {codeql/dataflow: * [*], codeql/typetracking: not * [*] {dependency: codeql/dataflow@* [*] requires codeql/typetracking@1.0.11}}
[2024-12-01 12:37:30] [SPAMMY] resolve extensions-by-pack> [DERIVATION] codeql/ssa: * [*] {codeql/dataflow: * [*], codeql/ssa: not * [*] {dependency: codeql/dataflow@* [*] requires codeql/ssa@1.0.11}}
[2024-12-01 12:37:30] [SPAMMY] resolve extensions-by-pack> [INCOMPATIBILITY] codeql/mad: * [*], codeql/dataflow: not * [*] {dependency: codeql/mad@* [*] requires codeql/dataflow@1.1.5}
[2024-12-01 12:37:30] [SPAMMY] resolve extensions-by-pack> [INCOMPATIBILITY] codeql/mad: * [*], codeql/util: not * [*] {dependency: codeql/mad@* [*] requires codeql/util@1.0.11}
[2024-12-01 12:37:30] [SPAMMY] resolve extensions-by-pack> [DECISION 4] codeql/mad: 1.0.11
[2024-12-01 12:37:30] [SPAMMY] resolve extensions-by-pack> [INCOMPATIBILITY] codeql/regex: * [*], codeql/util: not * [*] {dependency: codeql/regex@* [*] requires codeql/util@1.0.11}
[2024-12-01 12:37:30] [SPAMMY] resolve extensions-by-pack> [DECISION 5] codeql/regex: 1.0.11
[2024-12-01 12:37:30] [SPAMMY] resolve extensions-by-pack> [INCOMPATIBILITY] codeql/ssa: * [*], codeql/util: not * [*] {dependency: codeql/ssa@* [*] requires codeql/util@1.0.11}
[2024-12-01 12:37:30] [SPAMMY] resolve extensions-by-pack> [DECISION 6] codeql/ssa: 1.0.11
[2024-12-01 12:37:30] [SPAMMY] resolve extensions-by-pack> [DECISION 7] codeql/threat-models: 1.0.11
[2024-12-01 12:37:30] [SPAMMY] resolve extensions-by-pack> [DECISION 8] codeql/tutorial: 1.0.11
[2024-12-01 12:37:30] [SPAMMY] resolve extensions-by-pack> [INCOMPATIBILITY] codeql/typetracking: * [*], codeql/util: not * [*] {dependency: codeql/typetracking@* [*] requires codeql/util@1.0.11}
[2024-12-01 12:37:30] [SPAMMY] resolve extensions-by-pack> [DECISION 9] codeql/typetracking: 1.0.11
[2024-12-01 12:37:30] [SPAMMY] resolve extensions-by-pack> [DECISION 10] codeql/util: 1.0.11
[2024-12-01 12:37:30] [SPAMMY] resolve extensions-by-pack> [INCOMPATIBILITY] codeql/xml: * [*], codeql/util: not * [*] {dependency: codeql/xml@* [*] requires codeql/util@1.0.11}
[2024-12-01 12:37:30] [SPAMMY] resolve extensions-by-pack> [DECISION 11] codeql/xml: 1.0.11
[2024-12-01 12:37:30] [SPAMMY] resolve extensions-by-pack> [DECISION 12] codeql/yaml: 1.0.11
[2024-12-01 12:37:30] [PROGRESS] resolve extensions-by-pack> Loading data extensions in C:\Users\Saaru\.codeql\packages\codeql\python-all\2.1.2\ext\default-threat-models-fixup.model.yml.
[2024-12-01 12:37:30] [DETAILS] resolve extensions-by-pack>   Found extension targeting codeql/threat-models:threatModelConfiguration: 1 tuples.
[2024-12-01 12:37:30] [PROGRESS] resolve extensions-by-pack> Loading data extensions in C:\Users\Saaru\.codeql\packages\codeql\python-all\2.1.2\semmle\python\frameworks\Asyncpg.model.yml.
[2024-12-01 12:37:30] [DETAILS] resolve extensions-by-pack>   Found extension targeting codeql/python-all:sinkModel: 5 tuples.
[2024-12-01 12:37:30] [DETAILS] resolve extensions-by-pack>   Found extension targeting codeql/python-all:typeModel: 6 tuples.
[2024-12-01 12:37:30] [PROGRESS] resolve extensions-by-pack> Loading data extensions in C:\Users\Saaru\.codeql\packages\codeql\python-all\2.1.2\semmle\python\frameworks\Stdlib.model.yml.
[2024-12-01 12:37:30] [DETAILS] resolve extensions-by-pack>   Found extension targeting codeql/python-all:sourceModel: 12 tuples.
[2024-12-01 12:37:30] [DETAILS] resolve extensions-by-pack>   Found extension targeting codeql/python-all:sinkModel: 1 tuples.
[2024-12-01 12:37:30] [DETAILS] resolve extensions-by-pack>   Found extension targeting codeql/python-all:summaryModel: 66 tuples.
[2024-12-01 12:37:30] [DETAILS] resolve extensions-by-pack>   Found extension targeting codeql/python-all:neutralModel: 0 tuples.
[2024-12-01 12:37:30] [DETAILS] resolve extensions-by-pack>   Found extension targeting codeql/python-all:typeModel: 0 tuples.
[2024-12-01 12:37:30] [DETAILS] resolve extensions-by-pack>   Found extension targeting codeql/python-all:typeVariableModel: 0 tuples.
[2024-12-01 12:37:30] [PROGRESS] resolve extensions-by-pack> Loading data extensions in C:\Users\Saaru\.codeql\packages\codeql\python-all\2.1.2\semmle\python\frameworks\data\internal\empty.model.yml.
[2024-12-01 12:37:30] [DETAILS] resolve extensions-by-pack>   Found extension targeting codeql/python-all:sourceModel: 0 tuples.
[2024-12-01 12:37:30] [DETAILS] resolve extensions-by-pack>   Found extension targeting codeql/python-all:sinkModel: 0 tuples.
[2024-12-01 12:37:30] [DETAILS] resolve extensions-by-pack>   Found extension targeting codeql/python-all:summaryModel: 0 tuples.
[2024-12-01 12:37:30] [DETAILS] resolve extensions-by-pack>   Found extension targeting codeql/python-all:neutralModel: 0 tuples.
[2024-12-01 12:37:30] [DETAILS] resolve extensions-by-pack>   Found extension targeting codeql/python-all:typeModel: 0 tuples.
[2024-12-01 12:37:30] [DETAILS] resolve extensions-by-pack>   Found extension targeting codeql/python-all:typeVariableModel: 0 tuples.
[2024-12-01 12:37:30] [PROGRESS] resolve extensions-by-pack> Loading data extensions in C:\Users\Saaru\.codeql\packages\codeql\python-all\2.1.2\semmle\python\frameworks\data\internal\subclass-capture\ALL.model.yml.
[2024-12-01 12:37:30] [DETAILS] resolve extensions-by-pack>   Found extension targeting codeql/python-all:typeModel: 58275 tuples.
[2024-12-01 12:37:30] [PROGRESS] resolve extensions-by-pack> Loading data extensions in C:\Users\Saaru\.codeql\packages\codeql\threat-models\1.0.11\ext\supported-threat-models.model.yml.
[2024-12-01 12:37:30] [DETAILS] resolve extensions-by-pack>   Found extension targeting codeql/threat-models:threatModelConfiguration: 1 tuples.
[2024-12-01 12:37:30] [PROGRESS] resolve extensions-by-pack> Loading data extensions in C:\Users\Saaru\.codeql\packages\codeql\threat-models\1.0.11\ext\threat-model-grouping.model.yml.
[2024-12-01 12:37:30] [DETAILS] resolve extensions-by-pack>   Found extension targeting codeql/threat-models:threatModelGrouping: 14 tuples.
[2024-12-01 12:37:30] [PROGRESS] resolve extensions-by-pack> Loading data extensions in C:\Users\Saaru\.codeql\packages\codeql\util\1.0.11\ext\default-alert-filter.yml.
[2024-12-01 12:37:30] [DETAILS] resolve extensions-by-pack>   Found extension targeting codeql/util:restrictAlertsTo: 0 tuples.
[2024-12-01 12:37:30] Plumbing command codeql resolve extensions-by-pack completed:
                      {
                        "models" : [ ],
                        "data" : {
                          "C:\\Users\\Saaru\\Desktop\\CodeQl\\CodeQl\\codeql-custom-queries-python" : [
                            {
                              "predicate" : "threatModelConfiguration",
                              "file" : "C:\\Users\\Saaru\\.codeql\\packages\\codeql\\python-all\\2.1.2\\ext\\default-threat-models-fixup.model.yml",
                              "index" : 0,
                              "firstRowId" : 0,
                              "rowCount" : 1,
                              "predicateHasOrigin" : false,
                              "locations" : {
                                "lineNumbers" : "A=8",
                                "columnNumbers" : "A=9"
                              }
                            },
                            {
                              "predicate" : "sinkModel",
                              "file" : "C:\\Users\\Saaru\\.codeql\\packages\\codeql\\python-all\\2.1.2\\semmle\\python\\frameworks\\Asyncpg.model.yml",
                              "index" : 0,
                              "firstRowId" : 1,
                              "rowCount" : 5,
                              "predicateHasOrigin" : true,
                              "locations" : {
                                "lineNumbers" : "A=7+1+2+1+2",
                                "columnNumbers" : "A=9*5"
                              }
                            },
                            {
                              "predicate" : "typeModel",
                              "file" : "C:\\Users\\Saaru\\.codeql\\packages\\codeql\\python-all\\2.1.2\\semmle\\python\\frameworks\\Asyncpg.model.yml",
                              "index" : 1,
                              "firstRowId" : 6,
                              "rowCount" : 6,
                              "predicateHasOrigin" : false,
                              "locations" : {
                                "lineNumbers" : "A=20+4+1*2+2+1",
                                "columnNumbers" : "A=9*6"
                              }
                            },
                            {
                              "predicate" : "sourceModel",
                              "file" : "C:\\Users\\Saaru\\.codeql\\packages\\codeql\\python-all\\2.1.2\\semmle\\python\\frameworks\\Stdlib.model.yml",
                              "index" : 0,
                              "firstRowId" : 12,
                              "rowCount" : 12,
                              "predicateHasOrigin" : true,
                              "locations" : {
                                "lineNumbers" : "A=6+1*4+2+1+2+1*2+4+2",
                                "columnNumbers" : "A=9*12"
                              }
                            },
                            {
                              "predicate" : "sinkModel",
                              "file" : "C:\\Users\\Saaru\\.codeql\\packages\\codeql\\python-all\\2.1.2\\semmle\\python\\frameworks\\Stdlib.model.yml",
                              "index" : 1,
                              "firstRowId" : 24,
                              "rowCount" : 1,
                              "predicateHasOrigin" : true,
                              "locations" : {
                                "lineNumbers" : "A=29",
                                "columnNumbers" : "A=9"
                              }
                            },
                            {
                              "predicate" : "summaryModel",
                              "file" : "C:\\Users\\Saaru\\.codeql\\packages\\codeql\\python-all\\2.1.2\\semmle\\python\\frameworks\\Stdlib.model.yml",
                              "index" : 2,
                              "firstRowId" : 25,
                              "rowCount" : 66,
                              "predicateHasOrigin" : true,
                              "locations" : {
                                "lineNumbers" : "A=37+1+2+4+2*2+4+2*3+1+2+1+2+1+2+4+2+4+2*2+3+2*2+3+1+2*4+4+1+4+1+4+1*5+2*4+4+1+2*11+3+2+3+4+1+2*2+1+2",
                                "columnNumbers" : "A=9*66"
                              }
                            },
                            {
                              "predicate" : "neutralModel",
                              "file" : "C:\\Users\\Saaru\\.codeql\\packages\\codeql\\python-all\\2.1.2\\semmle\\python\\frameworks\\Stdlib.model.yml",
                              "index" : 3,
                              "firstRowId" : 91,
                              "rowCount" : 0,
                              "predicateHasOrigin" : false,
                              "locations" : {
                                "lineNumbers" : "A",
                                "columnNumbers" : "A"
                              }
                            },
                            {
                              "predicate" : "typeModel",
                              "file" : "C:\\Users\\Saaru\\.codeql\\packages\\codeql\\python-all\\2.1.2\\semmle\\python\\frameworks\\Stdlib.model.yml",
                              "index" : 4,
                              "firstRowId" : 91,
                              "rowCount" : 0,
                              "predicateHasOrigin" : false,
                              "locations" : {
                                "lineNumbers" : "A",
                                "columnNumbers" : "A"
                              }
                            },
                            {
                              "predicate" : "typeVariableModel",
                              "file" : "C:\\Users\\Saaru\\.codeql\\packages\\codeql\\python-all\\2.1.2\\semmle\\python\\frameworks\\Stdlib.model.yml",
                              "index" : 5,
                              "firstRowId" : 91,
                              "rowCount" : 0,
                              "predicateHasOrigin" : false,
                              "locations" : {
                                "lineNumbers" : "A",
                                "columnNumbers" : "A"
                              }
                            },
                            {
                              "predicate" : "sourceModel",
                              "file" : "C:\\Users\\Saaru\\.codeql\\packages\\codeql\\python-all\\2.1.2\\semmle\\python\\frameworks\\data\\internal\\empty.model.yml",
                              "index" : 0,
                              "firstRowId" : 91,
                              "rowCount" : 0,
                              "predicateHasOrigin" : true,
                              "locations" : {
                                "lineNumbers" : "A",
                                "columnNumbers" : "A"
                              }
                            },
                            {
                              "predicate" : "sinkModel",
                              "file" : "C:\\Users\\Saaru\\.codeql\\packages\\codeql\\python-all\\2.1.2\\semmle\\python\\frameworks\\data\\internal\\empty.model.yml",
                              "index" : 1,
                              "firstRowId" : 91,
                              "rowCount" : 0,
                              "predicateHasOrigin" : true,
                              "locations" : {
                                "lineNumbers" : "A",
                                "columnNumbers" : "A"
                              }
                            },
                            {
                              "predicate" : "summaryModel",
                              "file" : "C:\\Users\\Saaru\\.codeql\\packages\\codeql\\python-all\\2.1.2\\semmle\\python\\frameworks\\data\\internal\\empty.model.yml",
                              "index" : 2,
                              "firstRowId" : 91,
                              "rowCount" : 0,
                              "predicateHasOrigin" : true,
                              "locations" : {
                                "lineNumbers" : "A",
                                "columnNumbers" : "A"
                              }
                            },
                            {
                              "predicate" : "neutralModel",
                              "file" : "C:\\Users\\Saaru\\.codeql\\packages\\codeql\\python-all\\2.1.2\\semmle\\python\\frameworks\\data\\internal\\empty.model.yml",
                              "index" : 3,
                              "firstRowId" : 91,
                              "rowCount" : 0,
                              "predicateHasOrigin" : false,
                              "locations" : {
                                "lineNumbers" : "A",
                                "columnNumbers" : "A"
                              }
                            },
                            {
                              "predicate" : "typeModel",
                              "file" : "C:\\Users\\Saaru\\.codeql\\packages\\codeql\\python-all\\2.1.2\\semmle\\python\\frameworks\\data\\internal\\empty.model.yml",
                              "index" : 4,
                              "firstRowId" : 91,
                              "rowCount" : 0,
                              "predicateHasOrigin" : false,
                              "locations" : {
                                "lineNumbers" : "A",
                                "columnNumbers" : "A"
                              }
                            },
                            {
                              "predicate" : "typeVariableModel",
                              "file" : "C:\\Users\\Saaru\\.codeql\\packages\\codeql\\python-all\\2.1.2\\semmle\\python\\frameworks\\data\\internal\\empty.model.yml",
                              "index" : 5,
                              "firstRowId" : 91,
                              "rowCount" : 0,
                              "predicateHasOrigin" : false,
                              "locations" : {
                                "lineNumbers" : "A",
                                "columnNumbers" : "A"
                              }
                            },
                            {
                              "predicate" : "typeModel",
                              "file" : "C:\\Users\\Saaru\\.codeql\\packages\\codeql\\python-all\\2.1.2\\semmle\\python\\frameworks\\data\\internal\\subclass-capture\\ALL.model.yml",
                              "index" : 0,
                              "firstRowId" : 91,
                              "rowCount" : 58275,
                              "predicateHasOrigin" : false,
                              "locations" : {
                                "lineNumbers" : "A=7+3*58274",
                                "columnNumbers" : "A=5*58275"
                              }
                            },
                            {
                              "predicate" : "threatModelConfiguration",
                              "file" : "C:\\Users\\Saaru\\.codeql\\packages\\codeql\\threat-models\\1.0.11\\ext\\supported-threat-models.model.yml",
                              "index" : 0,
                              "firstRowId" : 58366,
                              "rowCount" : 1,
                              "predicateHasOrigin" : false,
                              "locations" : {
                                "lineNumbers" : "A=6",
                                "columnNumbers" : "A=9"
                              }
                            },
                            {
                              "predicate" : "threatModelGrouping",
                              "file" : "C:\\Users\\Saaru\\.codeql\\packages\\codeql\\threat-models\\1.0.11\\ext\\threat-model-grouping.model.yml",
                              "index" : 0,
                              "firstRowId" : 58367,
                              "rowCount" : 14,
                              "predicateHasOrigin" : false,
                              "locations" : {
                                "lineNumbers" : "A=8+3+1+3+1*5+3+1+5+1*2",
                                "columnNumbers" : "A=9*14"
                              }
                            },
                            {
                              "predicate" : "restrictAlertsTo",
                              "file" : "C:\\Users\\Saaru\\.codeql\\packages\\codeql\\util\\1.0.11\\ext\\default-alert-filter.yml",
                              "index" : 0,
                              "firstRowId" : 58381,
                              "rowCount" : 0,
                              "predicateHasOrigin" : false,
                              "locations" : {
                                "lineNumbers" : "A",
                                "columnNumbers" : "A"
                              }
                            }
                          ]
                        },
                        "threatModels" : {
                          "C:\\Users\\Saaru\\Desktop\\CodeQl\\CodeQl\\codeql-custom-queries-python" : {
                            "extensions" : [
                              {
                                "data" : [ ],
                                "addsTo" : {
                                  "extensible" : "threatModelConfiguration",
                                  "packName" : "codeql/threat-models"
                                }
                              }
                            ]
                          }
                        },
                        "extensionPacks" : [ ]
                      }
[2024-12-01 12:37:30] Plumbing command codeql resolve extensions completed:
                      {
                        "models" : [ ],
                        "data" : {
                          "C:\\Users\\Saaru\\Desktop\\CodeQl\\CodeQl\\codeql-custom-queries-python" : [
                            {
                              "predicate" : "threatModelConfiguration",
                              "file" : "C:\\Users\\Saaru\\.codeql\\packages\\codeql\\python-all\\2.1.2\\ext\\default-threat-models-fixup.model.yml",
                              "index" : 0,
                              "firstRowId" : 0,
                              "rowCount" : 1,
                              "predicateHasOrigin" : false,
                              "locations" : {
                                "lineNumbers" : "A=8",
                                "columnNumbers" : "A=9"
                              }
                            },
                            {
                              "predicate" : "sinkModel",
                              "file" : "C:\\Users\\Saaru\\.codeql\\packages\\codeql\\python-all\\2.1.2\\semmle\\python\\frameworks\\Asyncpg.model.yml",
                              "index" : 0,
                              "firstRowId" : 1,
                              "rowCount" : 5,
                              "predicateHasOrigin" : true,
                              "locations" : {
                                "lineNumbers" : "A=7+1+2+1+2",
                                "columnNumbers" : "A=9*5"
                              }
                            },
                            {
                              "predicate" : "typeModel",
                              "file" : "C:\\Users\\Saaru\\.codeql\\packages\\codeql\\python-all\\2.1.2\\semmle\\python\\frameworks\\Asyncpg.model.yml",
                              "index" : 1,
                              "firstRowId" : 6,
                              "rowCount" : 6,
                              "predicateHasOrigin" : false,
                              "locations" : {
                                "lineNumbers" : "A=20+4+1*2+2+1",
                                "columnNumbers" : "A=9*6"
                              }
                            },
                            {
                              "predicate" : "sourceModel",
                              "file" : "C:\\Users\\Saaru\\.codeql\\packages\\codeql\\python-all\\2.1.2\\semmle\\python\\frameworks\\Stdlib.model.yml",
                              "index" : 0,
                              "firstRowId" : 12,
                              "rowCount" : 12,
                              "predicateHasOrigin" : true,
                              "locations" : {
                                "lineNumbers" : "A=6+1*4+2+1+2+1*2+4+2",
                                "columnNumbers" : "A=9*12"
                              }
                            },
                            {
                              "predicate" : "sinkModel",
                              "file" : "C:\\Users\\Saaru\\.codeql\\packages\\codeql\\python-all\\2.1.2\\semmle\\python\\frameworks\\Stdlib.model.yml",
                              "index" : 1,
                              "firstRowId" : 24,
                              "rowCount" : 1,
                              "predicateHasOrigin" : true,
                              "locations" : {
                                "lineNumbers" : "A=29",
                                "columnNumbers" : "A=9"
                              }
                            },
                            {
                              "predicate" : "summaryModel",
                              "file" : "C:\\Users\\Saaru\\.codeql\\packages\\codeql\\python-all\\2.1.2\\semmle\\python\\frameworks\\Stdlib.model.yml",
                              "index" : 2,
                              "firstRowId" : 25,
                              "rowCount" : 66,
                              "predicateHasOrigin" : true,
                              "locations" : {
                                "lineNumbers" : "A=37+1+2+4+2*2+4+2*3+1+2+1+2+1+2+4+2+4+2*2+3+2*2+3+1+2*4+4+1+4+1+4+1*5+2*4+4+1+2*11+3+2+3+4+1+2*2+1+2",
                                "columnNumbers" : "A=9*66"
                              }
                            },
                            {
                              "predicate" : "neutralModel",
                              "file" : "C:\\Users\\Saaru\\.codeql\\packages\\codeql\\python-all\\2.1.2\\semmle\\python\\frameworks\\Stdlib.model.yml",
                              "index" : 3,
                              "firstRowId" : 91,
                              "rowCount" : 0,
                              "predicateHasOrigin" : false,
                              "locations" : {
                                "lineNumbers" : "A",
                                "columnNumbers" : "A"
                              }
                            },
                            {
                              "predicate" : "typeModel",
                              "file" : "C:\\Users\\Saaru\\.codeql\\packages\\codeql\\python-all\\2.1.2\\semmle\\python\\frameworks\\Stdlib.model.yml",
                              "index" : 4,
                              "firstRowId" : 91,
                              "rowCount" : 0,
                              "predicateHasOrigin" : false,
                              "locations" : {
                                "lineNumbers" : "A",
                                "columnNumbers" : "A"
                              }
                            },
                            {
                              "predicate" : "typeVariableModel",
                              "file" : "C:\\Users\\Saaru\\.codeql\\packages\\codeql\\python-all\\2.1.2\\semmle\\python\\frameworks\\Stdlib.model.yml",
                              "index" : 5,
                              "firstRowId" : 91,
                              "rowCount" : 0,
                              "predicateHasOrigin" : false,
                              "locations" : {
                                "lineNumbers" : "A",
                                "columnNumbers" : "A"
                              }
                            },
                            {
                              "predicate" : "sourceModel",
                              "file" : "C:\\Users\\Saaru\\.codeql\\packages\\codeql\\python-all\\2.1.2\\semmle\\python\\frameworks\\data\\internal\\empty.model.yml",
                              "index" : 0,
                              "firstRowId" : 91,
                              "rowCount" : 0,
                              "predicateHasOrigin" : true,
                              "locations" : {
                                "lineNumbers" : "A",
                                "columnNumbers" : "A"
                              }
                            },
                            {
                              "predicate" : "sinkModel",
                              "file" : "C:\\Users\\Saaru\\.codeql\\packages\\codeql\\python-all\\2.1.2\\semmle\\python\\frameworks\\data\\internal\\empty.model.yml",
                              "index" : 1,
                              "firstRowId" : 91,
                              "rowCount" : 0,
                              "predicateHasOrigin" : true,
                              "locations" : {
                                "lineNumbers" : "A",
                                "columnNumbers" : "A"
                              }
                            },
                            {
                              "predicate" : "summaryModel",
                              "file" : "C:\\Users\\Saaru\\.codeql\\packages\\codeql\\python-all\\2.1.2\\semmle\\python\\frameworks\\data\\internal\\empty.model.yml",
                              "index" : 2,
                              "firstRowId" : 91,
                              "rowCount" : 0,
                              "predicateHasOrigin" : true,
                              "locations" : {
                                "lineNumbers" : "A",
                                "columnNumbers" : "A"
                              }
                            },
                            {
                              "predicate" : "neutralModel",
                              "file" : "C:\\Users\\Saaru\\.codeql\\packages\\codeql\\python-all\\2.1.2\\semmle\\python\\frameworks\\data\\internal\\empty.model.yml",
                              "index" : 3,
                              "firstRowId" : 91,
                              "rowCount" : 0,
                              "predicateHasOrigin" : false,
                              "locations" : {
                                "lineNumbers" : "A",
                                "columnNumbers" : "A"
                              }
                            },
                            {
                              "predicate" : "typeModel",
                              "file" : "C:\\Users\\Saaru\\.codeql\\packages\\codeql\\python-all\\2.1.2\\semmle\\python\\frameworks\\data\\internal\\empty.model.yml",
                              "index" : 4,
                              "firstRowId" : 91,
                              "rowCount" : 0,
                              "predicateHasOrigin" : false,
                              "locations" : {
                                "lineNumbers" : "A",
                                "columnNumbers" : "A"
                              }
                            },
                            {
                              "predicate" : "typeVariableModel",
                              "file" : "C:\\Users\\Saaru\\.codeql\\packages\\codeql\\python-all\\2.1.2\\semmle\\python\\frameworks\\data\\internal\\empty.model.yml",
                              "index" : 5,
                              "firstRowId" : 91,
                              "rowCount" : 0,
                              "predicateHasOrigin" : false,
                              "locations" : {
                                "lineNumbers" : "A",
                                "columnNumbers" : "A"
                              }
                            },
                            {
                              "predicate" : "typeModel",
                              "file" : "C:\\Users\\Saaru\\.codeql\\packages\\codeql\\python-all\\2.1.2\\semmle\\python\\frameworks\\data\\internal\\subclass-capture\\ALL.model.yml",
                              "index" : 0,
                              "firstRowId" : 91,
                              "rowCount" : 58275,
                              "predicateHasOrigin" : false,
                              "locations" : {
                                "lineNumbers" : "A=7+3*58274",
                                "columnNumbers" : "A=5*58275"
                              }
                            },
                            {
                              "predicate" : "threatModelConfiguration",
                              "file" : "C:\\Users\\Saaru\\.codeql\\packages\\codeql\\threat-models\\1.0.11\\ext\\supported-threat-models.model.yml",
                              "index" : 0,
                              "firstRowId" : 58366,
                              "rowCount" : 1,
                              "predicateHasOrigin" : false,
                              "locations" : {
                                "lineNumbers" : "A=6",
                                "columnNumbers" : "A=9"
                              }
                            },
                            {
                              "predicate" : "threatModelGrouping",
                              "file" : "C:\\Users\\Saaru\\.codeql\\packages\\codeql\\threat-models\\1.0.11\\ext\\threat-model-grouping.model.yml",
                              "index" : 0,
                              "firstRowId" : 58367,
                              "rowCount" : 14,
                              "predicateHasOrigin" : false,
                              "locations" : {
                                "lineNumbers" : "A=8+3+1+3+1*5+3+1+5+1*2",
                                "columnNumbers" : "A=9*14"
                              }
                            },
                            {
                              "predicate" : "restrictAlertsTo",
                              "file" : "C:\\Users\\Saaru\\.codeql\\packages\\codeql\\util\\1.0.11\\ext\\default-alert-filter.yml",
                              "index" : 0,
                              "firstRowId" : 58381,
                              "rowCount" : 0,
                              "predicateHasOrigin" : false,
                              "locations" : {
                                "lineNumbers" : "A",
                                "columnNumbers" : "A"
                              }
                            }
                          ]
                        },
                        "threatModels" : {
                          "C:\\Users\\Saaru\\Desktop\\CodeQl\\CodeQl\\codeql-custom-queries-python" : {
                            "extensions" : [
                              {
                                "data" : [ ],
                                "addsTo" : {
                                  "extensible" : "threatModelConfiguration",
                                  "packName" : "codeql/threat-models"
                                }
                              }
                            ]
                          }
                        },
                        "extensionPacks" : [ ]
                      }
[2024-12-01 12:37:30] Calling plumbing command: codeql resolve library-path --qlconfig-file=C:\Users\Saaru\Desktop\CodeQl\CodeQl\qlconfig.yml --query=C:\Users\Saaru\Desktop\CodeQl\CodeQl\codeql-custom-queries-python\exempls4.ql --format=json
[2024-12-01 12:37:30] [DETAILS] resolve library-path> Resolving query at normalized path C:\Users\Saaru\Desktop\CodeQl\CodeQl\codeql-custom-queries-python\exempls4.ql.
[2024-12-01 12:37:30] [DETAILS] resolve library-path> Found enclosing pack 'getting-started/codeql-extra-queries-python' at C:\Users\Saaru\Desktop\CodeQl\CodeQl\codeql-custom-queries-python.
[2024-12-01 12:37:30] [DETAILS] resolve library-path> Adding compilation cache at C:\Users\Saaru\.codeql\compile-cache.
[2024-12-01 12:37:30] [DETAILS] resolve library-path> Resolving library dependencies from C:\Users\Saaru\Desktop\CodeQl\CodeQl\codeql-custom-queries-python\codeql-pack.yml.
[2024-12-01 12:37:30] [SPAMMY] resolve library-path> [INCOMPATIBILITY] getting-started/codeql-extra-queries-python: not 1.0.0 {root: getting-started/codeql-extra-queries-python@1.0.0}
[2024-12-01 12:37:30] [SPAMMY] resolve library-path> [DERIVATION] getting-started/codeql-extra-queries-python: 1.0.0 {getting-started/codeql-extra-queries-python: not 1.0.0 {root: getting-started/codeql-extra-queries-python@1.0.0}}
[2024-12-01 12:37:30] [SPAMMY] resolve library-path> [INCOMPATIBILITY] getting-started/codeql-extra-queries-python: * [*], codeql/python-all: not * [*] {dependency: getting-started/codeql-extra-queries-python@* [*] requires codeql/python-all@2.1.2}
[2024-12-01 12:37:30] [SPAMMY] resolve library-path> [DECISION 1] getting-started/codeql-extra-queries-python: 1.0.0
[2024-12-01 12:37:30] [SPAMMY] resolve library-path> [DERIVATION] codeql/python-all: * [*] {getting-started/codeql-extra-queries-python: * [*], codeql/python-all: not * [*] {dependency: getting-started/codeql-extra-queries-python@* [*] requires codeql/python-all@2.1.2}}
[2024-12-01 12:37:30] [SPAMMY] resolve library-path> [INCOMPATIBILITY] codeql/python-all: * [*], codeql/dataflow: not * [*] {dependency: codeql/python-all@* [*] requires codeql/dataflow@1.1.5}
[2024-12-01 12:37:30] [SPAMMY] resolve library-path> [INCOMPATIBILITY] codeql/python-all: * [*], codeql/mad: not * [*] {dependency: codeql/python-all@* [*] requires codeql/mad@1.0.11}
[2024-12-01 12:37:30] [SPAMMY] resolve library-path> [INCOMPATIBILITY] codeql/python-all: * [*], codeql/regex: not * [*] {dependency: codeql/python-all@* [*] requires codeql/regex@1.0.11}
[2024-12-01 12:37:30] [SPAMMY] resolve library-path> [INCOMPATIBILITY] codeql/python-all: * [*], codeql/threat-models: not * [*] {dependency: codeql/python-all@* [*] requires codeql/threat-models@1.0.11}
[2024-12-01 12:37:30] [SPAMMY] resolve library-path> [INCOMPATIBILITY] codeql/python-all: * [*], codeql/tutorial: not * [*] {dependency: codeql/python-all@* [*] requires codeql/tutorial@1.0.11}
[2024-12-01 12:37:30] [SPAMMY] resolve library-path> [INCOMPATIBILITY] codeql/python-all: * [*], codeql/util: not * [*] {dependency: codeql/python-all@* [*] requires codeql/util@1.0.11}
[2024-12-01 12:37:30] [SPAMMY] resolve library-path> [INCOMPATIBILITY] codeql/python-all: * [*], codeql/xml: not * [*] {dependency: codeql/python-all@* [*] requires codeql/xml@1.0.11}
[2024-12-01 12:37:30] [SPAMMY] resolve library-path> [INCOMPATIBILITY] codeql/python-all: * [*], codeql/yaml: not * [*] {dependency: codeql/python-all@* [*] requires codeql/yaml@1.0.11}
[2024-12-01 12:37:30] [SPAMMY] resolve library-path> [DECISION 2] codeql/python-all: 2.1.2
[2024-12-01 12:37:30] [SPAMMY] resolve library-path> [DERIVATION] codeql/yaml: * [*] {codeql/python-all: * [*], codeql/yaml: not * [*] {dependency: codeql/python-all@* [*] requires codeql/yaml@1.0.11}}
[2024-12-01 12:37:30] [SPAMMY] resolve library-path> [DERIVATION] codeql/xml: * [*] {codeql/python-all: * [*], codeql/xml: not * [*] {dependency: codeql/python-all@* [*] requires codeql/xml@1.0.11}}
[2024-12-01 12:37:30] [SPAMMY] resolve library-path> [DERIVATION] codeql/util: * [*] {codeql/python-all: * [*], codeql/util: not * [*] {dependency: codeql/python-all@* [*] requires codeql/util@1.0.11}}
[2024-12-01 12:37:30] [SPAMMY] resolve library-path> [DERIVATION] codeql/tutorial: * [*] {codeql/python-all: * [*], codeql/tutorial: not * [*] {dependency: codeql/python-all@* [*] requires codeql/tutorial@1.0.11}}
[2024-12-01 12:37:30] [SPAMMY] resolve library-path> [DERIVATION] codeql/threat-models: * [*] {codeql/python-all: * [*], codeql/threat-models: not * [*] {dependency: codeql/python-all@* [*] requires codeql/threat-models@1.0.11}}
[2024-12-01 12:37:30] [SPAMMY] resolve library-path> [DERIVATION] codeql/regex: * [*] {codeql/python-all: * [*], codeql/regex: not * [*] {dependency: codeql/python-all@* [*] requires codeql/regex@1.0.11}}
[2024-12-01 12:37:30] [SPAMMY] resolve library-path> [DERIVATION] codeql/mad: * [*] {codeql/python-all: * [*], codeql/mad: not * [*] {dependency: codeql/python-all@* [*] requires codeql/mad@1.0.11}}
[2024-12-01 12:37:30] [SPAMMY] resolve library-path> [DERIVATION] codeql/dataflow: * [*] {codeql/python-all: * [*], codeql/dataflow: not * [*] {dependency: codeql/python-all@* [*] requires codeql/dataflow@1.1.5}}
[2024-12-01 12:37:30] [SPAMMY] resolve library-path> [INCOMPATIBILITY] codeql/dataflow: * [*], codeql/ssa: not * [*] {dependency: codeql/dataflow@* [*] requires codeql/ssa@1.0.11}
[2024-12-01 12:37:30] [SPAMMY] resolve library-path> [INCOMPATIBILITY] codeql/dataflow: * [*], codeql/typetracking: not * [*] {dependency: codeql/dataflow@* [*] requires codeql/typetracking@1.0.11}
[2024-12-01 12:37:30] [SPAMMY] resolve library-path> [INCOMPATIBILITY] codeql/dataflow: * [*], codeql/util: not * [*] {dependency: codeql/dataflow@* [*] requires codeql/util@1.0.11}
[2024-12-01 12:37:30] [SPAMMY] resolve library-path> [DECISION 3] codeql/dataflow: 1.1.5
[2024-12-01 12:37:30] [SPAMMY] resolve library-path> [DERIVATION] codeql/typetracking: * [*] {codeql/dataflow: * [*], codeql/typetracking: not * [*] {dependency: codeql/dataflow@* [*] requires codeql/typetracking@1.0.11}}
[2024-12-01 12:37:30] [SPAMMY] resolve library-path> [DERIVATION] codeql/ssa: * [*] {codeql/dataflow: * [*], codeql/ssa: not * [*] {dependency: codeql/dataflow@* [*] requires codeql/ssa@1.0.11}}
[2024-12-01 12:37:30] [SPAMMY] resolve library-path> [INCOMPATIBILITY] codeql/mad: * [*], codeql/dataflow: not * [*] {dependency: codeql/mad@* [*] requires codeql/dataflow@1.1.5}
[2024-12-01 12:37:30] [SPAMMY] resolve library-path> [INCOMPATIBILITY] codeql/mad: * [*], codeql/util: not * [*] {dependency: codeql/mad@* [*] requires codeql/util@1.0.11}
[2024-12-01 12:37:30] [SPAMMY] resolve library-path> [DECISION 4] codeql/mad: 1.0.11
[2024-12-01 12:37:30] [SPAMMY] resolve library-path> [INCOMPATIBILITY] codeql/regex: * [*], codeql/util: not * [*] {dependency: codeql/regex@* [*] requires codeql/util@1.0.11}
[2024-12-01 12:37:30] [SPAMMY] resolve library-path> [DECISION 5] codeql/regex: 1.0.11
[2024-12-01 12:37:30] [SPAMMY] resolve library-path> [INCOMPATIBILITY] codeql/ssa: * [*], codeql/util: not * [*] {dependency: codeql/ssa@* [*] requires codeql/util@1.0.11}
[2024-12-01 12:37:30] [SPAMMY] resolve library-path> [DECISION 6] codeql/ssa: 1.0.11
[2024-12-01 12:37:30] [SPAMMY] resolve library-path> [DECISION 7] codeql/threat-models: 1.0.11
[2024-12-01 12:37:30] [SPAMMY] resolve library-path> [DECISION 8] codeql/tutorial: 1.0.11
[2024-12-01 12:37:30] [SPAMMY] resolve library-path> [INCOMPATIBILITY] codeql/typetracking: * [*], codeql/util: not * [*] {dependency: codeql/typetracking@* [*] requires codeql/util@1.0.11}
[2024-12-01 12:37:30] [SPAMMY] resolve library-path> [DECISION 9] codeql/typetracking: 1.0.11
[2024-12-01 12:37:30] [SPAMMY] resolve library-path> [DECISION 10] codeql/util: 1.0.11
[2024-12-01 12:37:30] [SPAMMY] resolve library-path> [INCOMPATIBILITY] codeql/xml: * [*], codeql/util: not * [*] {dependency: codeql/xml@* [*] requires codeql/util@1.0.11}
[2024-12-01 12:37:30] [SPAMMY] resolve library-path> [DECISION 11] codeql/xml: 1.0.11
[2024-12-01 12:37:30] [SPAMMY] resolve library-path> [DECISION 12] codeql/yaml: 1.0.11
[2024-12-01 12:37:30] [DETAILS] resolve library-path> QL pack dependencies for C:\Users\Saaru\Desktop\CodeQl\CodeQl\codeql-custom-queries-python resolved OK.
[2024-12-01 12:37:30] [DETAILS] resolve library-path> Found dbscheme through QL packs: C:\Users\Saaru\.codeql\packages\codeql\python-all\2.1.2\semmlecode.python.dbscheme.
[2024-12-01 12:37:30] Plumbing command codeql resolve library-path completed:
                      {
                        "libraryPath" : [
                          "C:\\Users\\Saaru\\Desktop\\CodeQl\\CodeQl\\codeql-custom-queries-python",
                          "C:\\Users\\Saaru\\.codeql\\packages\\codeql\\python-all\\2.1.2",
                          "C:\\Users\\Saaru\\.codeql\\packages\\codeql\\dataflow\\1.1.5",
                          "C:\\Users\\Saaru\\.codeql\\packages\\codeql\\mad\\1.0.11",
                          "C:\\Users\\Saaru\\.codeql\\packages\\codeql\\regex\\1.0.11",
                          "C:\\Users\\Saaru\\.codeql\\packages\\codeql\\ssa\\1.0.11",
                          "C:\\Users\\Saaru\\.codeql\\packages\\codeql\\threat-models\\1.0.11",
                          "C:\\Users\\Saaru\\.codeql\\packages\\codeql\\tutorial\\1.0.11",
                          "C:\\Users\\Saaru\\.codeql\\packages\\codeql\\typetracking\\1.0.11",
                          "C:\\Users\\Saaru\\.codeql\\packages\\codeql\\util\\1.0.11",
                          "C:\\Users\\Saaru\\.codeql\\packages\\codeql\\xml\\1.0.11",
                          "C:\\Users\\Saaru\\.codeql\\packages\\codeql\\yaml\\1.0.11"
                        ],
                        "dbscheme" : "C:\\Users\\Saaru\\.codeql\\packages\\codeql\\python-all\\2.1.2\\semmlecode.python.dbscheme",
                        "compilationCache" : [
                          "C:\\Users\\Saaru\\.codeql\\compile-cache"
                        ],
                        "relativeName" : "getting-started\\codeql-extra-queries-python\\exempls4.ql",
                        "qlPackName" : "getting-started/codeql-extra-queries-python"
                      }
[2024-12-01 12:37:30] [PROGRESS] execute queries> Compiling query plan for C:\Users\Saaru\Desktop\CodeQl\CodeQl\codeql-custom-queries-python\exempls4.ql.
[2024-12-01 12:37:30] [DETAILS] execute queries> Resolving imports for C:\Users\Saaru\Desktop\CodeQl\CodeQl\codeql-custom-queries-python\exempls4.ql.
[2024-12-01 12:37:31] Resolved file set for C:\Users\Saaru\Desktop\CodeQl\CodeQl\codeql-custom-queries-python\exempls4.ql hashes to 97633d65eba2b0053720cc541a9a6036e0dd4123.
[2024-12-01 12:37:31] [DETAILS] execute queries> Checking QL for C:\Users\Saaru\Desktop\CodeQl\CodeQl\codeql-custom-queries-python\exempls4.ql.
[2024-12-01 12:37:31] Stale frontend caches are invalidated based on import graph reachability.
[2024-12-01 12:37:31] ExternalModuleBindingPass ...
[2024-12-01 12:37:31] ExternalModuleBindingPass time: 00:00.345
[2024-12-01 12:37:31] CollectInstantiationsPass ...
[2024-12-01 12:37:32] CollectInstantiationsPass time: 00:00.118
[2024-12-01 12:37:32] Ql checks ...
[2024-12-01 12:37:33] Ql checks time: 00:01.145
[2024-12-01 12:37:35] Compilation pipeline
[2024-12-01 12:37:35] Type Inference ...
[2024-12-01 12:37:35] CSV_TYPE_HIERARCHY: Best number of iterations,Maximum number of runs,Number of BDD variables,Size of BDD for typefacts
[2024-12-01 12:37:35] CSV_TYPE_HIERARCHY: 0,0,1,1
[2024-12-01 12:37:35] CSV_TYPE_HIERARCHY: 0,0,0,0
[2024-12-01 12:37:35] CSV_TYPE_HIERARCHY: 0,0,0,0
[2024-12-01 12:37:35] CSV_TYPE_HIERARCHY: 0,0,95,97
[2024-12-01 12:37:35] CSV_TYPE_HIERARCHY: 0,0,4,4
[2024-12-01 12:37:35] CSV_TYPE_HIERARCHY: 0,0,0,0
[2024-12-01 12:37:35] CSV_TYPE_HIERARCHY: 0,0,325,389
[2024-12-01 12:37:35] CSV_TYPE_HIERARCHY: 0,0,0,0
[2024-12-01 12:37:35] CSV_TYPE_HIERARCHY: 0,0,24,24
[2024-12-01 12:37:35] CSV_TYPE_HIERARCHY: 0,0,48,72
[2024-12-01 12:37:35] CSV_TYPE_HIERARCHY: 0,0,5,5
[2024-12-01 12:37:35] CSV_TYPE_HIERARCHY: 0,0,2,2
[2024-12-01 12:37:35] CSV_TYPE_HIERARCHY: 0,0,2,2
[2024-12-01 12:37:35] CSV_TYPE_HIERARCHY: 0,0,7,7
[2024-12-01 12:37:35] CSV_TYPE_HIERARCHY: 0,0,541,15421
[2024-12-01 12:37:35] CSV_TYPE_HIERARCHY: 0,0,2,2
[2024-12-01 12:37:35] CSV_TYPE_HIERARCHY: 0,0,2,2
[2024-12-01 12:37:35] CSV_TYPE_HIERARCHY: 0,0,12,13
[2024-12-01 12:37:35] CSV_TYPE_HIERARCHY: 0,0,2,2
[2024-12-01 12:37:35] CSV_TYPE_HIERARCHY: 0,0,4,4
[2024-12-01 12:37:35] CSV_TYPE_HIERARCHY: 0,0,2,2
[2024-12-01 12:37:35] CSV_TYPE_HIERARCHY: 0,0,2,2
[2024-12-01 12:37:35] CSV_TYPE_HIERARCHY: 0,0,7,7
[2024-12-01 12:37:35] CSV_TYPE_HIERARCHY: 0,0,6,6
[2024-12-01 12:37:35] CSV_TYPE_HIERARCHY: 0,0,9,9
[2024-12-01 12:37:35] CSV_TYPE_HIERARCHY: 0,0,1,1
[2024-12-01 12:37:35] CSV_TYPE_HIERARCHY: 0,0,10,11
[2024-12-01 12:37:35] CSV_TYPE_HIERARCHY: 0,0,10,10
[2024-12-01 12:37:35] CSV_TYPE_HIERARCHY: 0,0,7,8
[2024-12-01 12:37:35] CSV_TYPE_HIERARCHY: 0,0,2,2
[2024-12-01 12:37:35] CSV_TYPE_HIERARCHY: 0,0,2,2
[2024-12-01 12:37:35] CSV_TYPE_HIERARCHY: 0,0,1,1
[2024-12-01 12:37:35] CSV_TYPE_HIERARCHY: 0,0,3,3
[2024-12-01 12:37:35] CSV_TYPE_HIERARCHY: 0,0,1,1
[2024-12-01 12:37:35] CSV_TYPE_HIERARCHY: 0,0,9,9
[2024-12-01 12:37:35] CSV_TYPE_HIERARCHY: 0,0,8,10
[2024-12-01 12:37:35] CSV_TYPE_HIERARCHY: 0,0,2,2
[2024-12-01 12:37:35] CSV_TYPE_HIERARCHY: 0,0,44,54
[2024-12-01 12:37:35] CSV_TYPE_HIERARCHY: 0,0,17,17
[2024-12-01 12:37:35] CSV_TYPE_HIERARCHY: 0,0,4,4
[2024-12-01 12:37:35] CSV_TYPE_HIERARCHY: 0,0,2,2
[2024-12-01 12:37:35] CSV_TYPE_HIERARCHY: 0,0,9,9
[2024-12-01 12:37:35] CSV_TYPE_HIERARCHY: 0,0,2,2
[2024-12-01 12:37:35] CSV_TYPE_HIERARCHY: 0,0,2,2
[2024-12-01 12:37:35] CSV_TYPE_HIERARCHY: 0,0,1,1
[2024-12-01 12:37:35] CSV_TYPE_HIERARCHY: 0,0,1,1
[2024-12-01 12:37:35] CSV_TYPE_HIERARCHY: 0,0,3,3
[2024-12-01 12:37:35] CSV_TYPE_HIERARCHY: 0,0,2,2
[2024-12-01 12:37:35] CSV_TYPE_HIERARCHY: 0,0,3,3
[2024-12-01 12:37:35] CSV_TYPE_HIERARCHY: 0,0,2,2
[2024-12-01 12:37:35] CSV_TYPE_HIERARCHY: 0,0,2,2
[2024-12-01 12:37:35] CSV_TYPE_HIERARCHY: 0,0,3,3
[2024-12-01 12:37:35] CSV_TYPE_HIERARCHY: 0,0,2,2
[2024-12-01 12:37:35] CSV_TYPE_HIERARCHY: 0,0,1,1
[2024-12-01 12:37:35] CSV_TYPE_HIERARCHY: 0,0,3,3
[2024-12-01 12:37:35] CSV_TYPE_HIERARCHY: 0,0,1,1
[2024-12-01 12:37:35] CSV_TYPE_HIERARCHY: 0,0,4,4
[2024-12-01 12:37:35] CSV_TYPE_HIERARCHY: 0,0,2,2
[2024-12-01 12:37:35] CSV_TYPE_HIERARCHY: 0,0,2,2
[2024-12-01 12:37:35] CSV_TYPE_HIERARCHY: 0,0,2,2
[2024-12-01 12:37:35] CSV_TYPE_HIERARCHY: 0,0,1,1
[2024-12-01 12:37:35] CSV_TYPE_HIERARCHY: 0,0,1,1
[2024-12-01 12:37:35] CSV_TYPE_HIERARCHY: 0,0,2,2
[2024-12-01 12:37:35] CSV_TYPE_HIERARCHY: 0,0,2,2
[2024-12-01 12:37:35] CSV_TYPE_HIERARCHY: 0,0,2,2
[2024-12-01 12:37:35] CSV_TYPE_HIERARCHY: 0,0,9,9
[2024-12-01 12:37:35] CSV_TYPE_HIERARCHY: 0,0,6,7
[2024-12-01 12:37:35] CSV_TYPE_HIERARCHY: 0,0,41,52
[2024-12-01 12:37:35] CSV_TYPE_HIERARCHY: 0,0,7,8
[2024-12-01 12:37:35] CSV_TYPE_HIERARCHY: 0,0,1,1
[2024-12-01 12:37:35] CSV_TYPE_HIERARCHY: 0,0,1,1
[2024-12-01 12:37:35] CSV_TYPE_HIERARCHY: 0,0,2,2
[2024-12-01 12:37:35] CSV_TYPE_HIERARCHY: 0,0,2,2
[2024-12-01 12:37:35] CSV_TYPE_HIERARCHY: 0,0,2,2
[2024-12-01 12:37:35] CSV_TYPE_HIERARCHY: 0,0,2,2
[2024-12-01 12:37:35] CSV_TYPE_HIERARCHY: 0,0,2,2
[2024-12-01 12:37:35] CSV_TYPE_HIERARCHY: 0,0,2,2
[2024-12-01 12:37:35] CSV_TYPE_HIERARCHY: 0,0,2,2
[2024-12-01 12:37:35] CSV_TYPE_HIERARCHY: 0,0,3,3
[2024-12-01 12:37:35] CSV_TYPE_HIERARCHY: 0,0,3,3
[2024-12-01 12:37:35] CSV_TYPE_HIERARCHY: 0,0,1,1
[2024-12-01 12:37:35] CSV_TYPE_HIERARCHY: 0,0,1,1
[2024-12-01 12:37:35] CSV_TYPE_HIERARCHY: 0,0,4,4
[2024-12-01 12:37:35] CSV_TYPE_HIERARCHY: 0,0,1,1
[2024-12-01 12:37:35] CSV_TYPE_HIERARCHY: 0,0,1,1
[2024-12-01 12:37:35] CSV_TYPE_HIERARCHY: 0,0,4,4
[2024-12-01 12:37:35] CSV_TYPE_HIERARCHY: 0,0,1,1
[2024-12-01 12:37:35] CSV_TYPE_HIERARCHY: 0,0,1,1
[2024-12-01 12:37:35] CSV_TYPE_HIERARCHY: 0,0,4,4
[2024-12-01 12:37:35] CSV_TYPE_HIERARCHY: 0,0,7,9
[2024-12-01 12:37:35] CSV_TYPE_HIERARCHY: 0,0,2,2
[2024-12-01 12:37:35] CSV_TYPE_HIERARCHY: 0,0,7,7
[2024-12-01 12:37:35] CSV_TYPE_HIERARCHY: 0,0,3,3
[2024-12-01 12:37:35] CSV_TYPE_HIERARCHY: 0,0,3,3
[2024-12-01 12:37:35] CSV_TYPE_HIERARCHY: 0,0,3,3
[2024-12-01 12:37:35] CSV_TYPE_HIERARCHY: 0,0,3,3
[2024-12-01 12:37:35] CSV_TYPE_HIERARCHY: 0,0,3,3
[2024-12-01 12:37:35] CSV_TYPE_HIERARCHY: 0,0,7,7
[2024-12-01 12:37:35] CSV_TYPE_HIERARCHY: 0,0,7,7
[2024-12-01 12:37:35] CSV_TYPE_HIERARCHY: 0,0,7,7
[2024-12-01 12:37:35] CSV_TYPE_HIERARCHY: 0,0,7,7
[2024-12-01 12:37:35] Type Inference time: 00:00.498
[2024-12-01 12:37:36] [WARN] execute queries> WARNING: Selected entity does not provide a location. (C:\Users\Saaru\Desktop\CodeQl\CodeQl\codeql-custom-queries-python\exempls4.ql:11,8-9)
[2024-12-01 12:37:36] [DETAILS] execute queries> Optimizing C:\Users\Saaru\Desktop\CodeQl\CodeQl\codeql-custom-queries-python\exempls4.ql.
[2024-12-01 12:37:36] Processing compilation pipeline
[2024-12-01 12:37:36] Started compiling a query
[2024-12-01 12:37:36] Initialising compiler...
[2024-12-01 12:37:36] 	 ... compiler initialised
[2024-12-01 12:37:36] About to start query optimisation
[2024-12-01 12:37:36] Compilation cache miss for 5d403674fea4c8c22e6b2ecfc95641c033bda8ed.
[2024-12-01 12:37:36] Stored compiled program for 5d403674fea4c8c22e6b2ecfc95641c033bda8ed.
[2024-12-01 12:37:36] CSV_COMPILATION: NONE,MISC,RA_TRANSLATION,OPTIMISATIONS
[2024-12-01 12:37:36] CSV_COMPILATION: 48,26,59,197
[2024-12-01 12:37:36] [SPAMMY] execute queries> No database upgrade/downgrade needed for C:\Users\Saaru\Desktop\CodeQl\CodeQl\codeql-custom-queries-python\exempls4.ql
[2024-12-01 12:37:36] [PROGRESS] execute queries> [1/1 comp 5.5s] Compiled C:\Users\Saaru\Desktop\CodeQl\CodeQl\codeql-custom-queries-python\exempls4.ql.
[2024-12-01 12:37:36] [PROGRESS] execute queries> Starting evaluation of getting-started\codeql-extra-queries-python\exempls4.ql.
[2024-12-01 12:37:36] Starting evaluation of C:\Users\Saaru\Desktop\CodeQl\CodeQl\codeql-custom-queries-python\exempls4.ql
[2024-12-01 12:37:36] (0s) Start query execution
[2024-12-01 12:37:36] (0s) Beginning execution of C:\Users\Saaru\Desktop\CodeQl\CodeQl\codeql-custom-queries-python\exempls4.ql
[2024-12-01 12:37:36] (0s)  >>> Created relation variable/3@fabe4605 with 16 rows and digest e93268gvshlvegs94bc04h7a5t9.
[2024-12-01 12:37:36] (0s)  >>> Created relation py_Modules/1@22f3b32i with 3 rows and digest bdc05a56li39olcu0mdpkctcfu9.
[2024-12-01 12:37:36] (0s) Starting to evaluate predicate Variables::GlobalVariable#28045801/1@b5a67077
[2024-12-01 12:37:36] (0s)  >>> Created relation Variables::GlobalVariable#28045801/1@b5a67077 with 11 rows and digest 0752e4q7c62b5774t1vp384q6m8.
[2024-12-01 12:37:36] (0s) Starting to evaluate predicate _Variables::GlobalVariable#28045801_variable#shared/3@599f53en
[2024-12-01 12:37:36] (0s)  >>> Created relation _Variables::GlobalVariable#28045801_variable#shared/3@599f53en with 11 rows and digest 3c4148psnbnc8l0fk98qevv6usd.
[2024-12-01 12:37:36] (0s) Starting to evaluate predicate Variables::Variable.getId/0#dispred#33796d42#bf/2@ebdc37n5
[2024-12-01 12:37:36] (0s)  >>> Created relation Variables::Variable.getId/0#dispred#33796d42#bf/2@ebdc37n5 with 11 rows and digest eec099csmoobde02c6kctdvkl5a.
[2024-12-01 12:37:36] (0s) Starting to evaluate predicate Variables::Variable.getScope/0#dispred#e3b1c704#bf/2@89e5f3bk
[2024-12-01 12:37:36] (0s)  >>> Created relation Variables::Variable.getScope/0#dispred#e3b1c704#bf/2@89e5f3bk with 11 rows and digest 1ddc1c90qhklsotmf79dea0sns4.
[2024-12-01 12:37:36] (0s)  >>> Created relation py_Functions/2@64f374ja with 2 rows and digest c01472tej8lq5m1265gu53purm6.
[2024-12-01 12:37:36] (0s)  >>> Created relation py_Classes/2@08725b16 with 0 rows and digest THIS-RELATION-HAS-NO-TUPLES.
[2024-12-01 12:37:36] (0s) Starting to evaluate predicate Variables::LocalVariable#4f360e4a#b/1@32965aku
[2024-12-01 12:37:36] (0s)  >>> Created relation Variables::LocalVariable#4f360e4a#b/1@32965aku with 0 rows and digest THIS-RELATION-HAS-NO-TUPLES.
[2024-12-01 12:37:36] (0s) Starting to evaluate predicate Variables::Variable.toString/0#dispred#b3b85c97#bf/2@619bc6ee
[2024-12-01 12:37:36] (0s)  >>> Created relation Variables::Variable.toString/0#dispred#b3b85c97#bf/2@619bc6ee with 11 rows and digest 31cb30odsbm2k69rhh1kj3b6jr3.
[2024-12-01 12:37:36] (0s) Starting to evaluate predicate project#Variables::Variable.toString/0#dispred#b3b85c97#bf/1@27e931sp
[2024-12-01 12:37:36] (0s)  >>> Created relation project#Variables::Variable.toString/0#dispred#b3b85c97#bf/1@27e931sp with 11 rows and digest 0752e4q7c62b5774t1vp384q6m8.
[2024-12-01 12:37:36] (0s) Starting to evaluate predicate #select#query/3@9a0ed813
[2024-12-01 12:37:36] (0s)  >>> Created relation #select#query/3@9a0ed813 with 11 rows and digest ddca70hl58ptr5bctka6nmbbt10.
[2024-12-01 12:37:36] (0s) Query done
[2024-12-01 12:37:36] (0s) Sequence stamp origin is -6110479821801884628
[2024-12-01 12:37:36] (0s) Pausing evaluation to sync to disk at sequence stamp o+0
[2024-12-01 12:37:36] (0s) Unpausing evaluation
[2024-12-01 12:37:36] Evaluation of C:\Users\Saaru\Desktop\CodeQl\CodeQl\codeql-custom-queries-python\exempls4.ql produced BQRS results.
[2024-12-01 12:37:36] [PROGRESS] execute queries> Evaluation completed (46ms).
[2024-12-01 12:37:36] Constructing in-process plumbing: codeql bqrs decode dummy.bqrs
[2024-12-01 12:37:36] [PROGRESS] execute queries> Shutting down query evaluator.
[2024-12-01 12:37:36] Pausing evaluation to close the cache at sequence stamp o+1
[2024-12-01 12:37:36] The disk cache is freshly trimmed; leave it be.
[2024-12-01 12:37:36] Unpausing evaluation
[2024-12-01 12:37:36] This NaiveBuddyAllocator requested 0 eviction rounds.
[2024-12-01 12:37:36] Exiting with code 0
