[2024-11-29 11:08:48] This is codeql database index-files --include-extension=.yaml --include-extension=.yml --size-limit=5m --language yaml -- H:\Desktop\Codeql\database
[2024-11-29 11:08:48] Log file was started late.
[2024-11-29 11:08:48] Using index-files script H:\Desktop\codeql-win64\codeql\yaml\tools\index-files.cmd.
[2024-11-29 11:08:48] [PROGRESS] database index-files> Scanning for files in H:\Desktop\Codeql...
[2024-11-29 11:08:48] Calling plumbing command: codeql resolve files --include-extension=.yaml --include-extension=.yml --size-limit=5m H:\Desktop\Codeql --format=json
[2024-11-29 11:08:48] [PROGRESS] resolve files> Scanning H:\Desktop\Codeql...
[2024-11-29 11:08:48] [PROGRESS] resolve files> Scanning H:\Desktop\Codeql\database...
[2024-11-29 11:08:48] [PROGRESS] resolve files> Scanning H:\Desktop\Codeql\database\diagnostic...
[2024-11-29 11:08:48] [PROGRESS] resolve files> Scanning H:\Desktop\Codeql\database\diagnostic\extractors...
[2024-11-29 11:08:48] [PROGRESS] resolve files> Scanning H:\Desktop\Codeql\database\diagnostic\extractors\python...
[2024-11-29 11:08:48] [PROGRESS] resolve files> Scanning H:\Desktop\Codeql\database\diagnostic\tracer...
[2024-11-29 11:08:48] [PROGRESS] resolve files> Scanning H:\Desktop\Codeql\database\log...
[2024-11-29 11:08:48] [PROGRESS] resolve files> Scanning H:\Desktop\Codeql\database\src...
[2024-11-29 11:08:48] [PROGRESS] resolve files> Scanning H:\Desktop\Codeql\database\src\H_...
[2024-11-29 11:08:48] [PROGRESS] resolve files> Scanning H:\Desktop\Codeql\database\src\H_\Desktop...
[2024-11-29 11:08:48] [PROGRESS] resolve files> Scanning H:\Desktop\Codeql\database\src\H_\Desktop\Codeql...
[2024-11-29 11:08:48] [PROGRESS] resolve files> Scanning H:\Desktop\Codeql\database\trap...
[2024-11-29 11:08:48] [PROGRESS] resolve files> Scanning H:\Desktop\Codeql\database\trap\python...
[2024-11-29 11:08:48] [PROGRESS] resolve files> Scanning H:\Desktop\Codeql\database\working...
[2024-11-29 11:08:48] [PROGRESS] resolve files> Scanning H:\Desktop\Codeql\database\working\trap_cache...
[2024-11-29 11:08:48] [PROGRESS] resolve files> Scanning H:\Desktop\Codeql\database\working\trap_cache\1...
[2024-11-29 11:08:48] Plumbing command codeql resolve files completed:
                      [
                        "H:\\Desktop\\Codeql\\database\\codeql-database.yml"
                      ]
[2024-11-29 11:08:48] [DETAILS] database index-files> Found 1 files.
[2024-11-29 11:08:48] [PROGRESS] database index-files> H:\Desktop\Codeql\database: Indexing files in in H:\Desktop\Codeql...
[2024-11-29 11:08:48] Using index-files script H:\Desktop\codeql-win64\codeql\yaml\tools\index-files.cmd.
[2024-11-29 11:08:48] [PROGRESS] database index-files> Running command in H:\Desktop\Codeql: [H:\Desktop\codeql-win64\codeql\yaml\tools\index-files.cmd, H:\Desktop\Codeql\database\working\files-to-index14904893296400087092.list]
[2024-11-29 11:08:48] Terminating normally.
