[2024-12-01 11:58:32] This is codeql database create database --language=python --overwrite
[2024-12-01 11:58:32] Log file was started late.
[2024-12-01 11:58:32] [PROGRESS] database create> Initializing database at C:\Users\Saaru\Desktop\CodeQl\CodeQl\database.
[2024-12-01 11:58:32] Running plumbing command: codeql database init --overwrite --language=python --extractor-options-verbosity=1 --qlconfig-file=C:\Users\Saaru\Desktop\CodeQl\CodeQl\qlconfig.yml --source-root=C:\Users\Saaru\Desktop\CodeQl\CodeQl --allow-missing-source-root=false --allow-already-existing -- C:\Users\Saaru\Desktop\CodeQl\CodeQl\database
[2024-12-01 11:58:32] Calling plumbing command: codeql resolve languages --extractor-options-verbosity=1 --format=betterjson
[2024-12-01 11:58:32] [DETAILS] resolve languages> Scanning for [codeql-extractor.yml] from C:\Users\Saaru\Downloads\codeql-win64\codeql\.codeqlmanifest.json
[2024-12-01 11:58:32] [DETAILS] resolve languages> Parsing C:\Users\Saaru\Downloads\codeql-win64\codeql\cpp\codeql-extractor.yml.
[2024-12-01 11:58:32] [DETAILS] resolve languages> Parsing C:\Users\Saaru\Downloads\codeql-win64\codeql\csharp\codeql-extractor.yml.
[2024-12-01 11:58:32] [DETAILS] resolve languages> Parsing C:\Users\Saaru\Downloads\codeql-win64\codeql\csv\codeql-extractor.yml.
[2024-12-01 11:58:32] [DETAILS] resolve languages> Parsing C:\Users\Saaru\Downloads\codeql-win64\codeql\go\codeql-extractor.yml.
[2024-12-01 11:58:32] [DETAILS] resolve languages> Parsing C:\Users\Saaru\Downloads\codeql-win64\codeql\html\codeql-extractor.yml.
[2024-12-01 11:58:32] [DETAILS] resolve languages> Parsing C:\Users\Saaru\Downloads\codeql-win64\codeql\java\codeql-extractor.yml.
[2024-12-01 11:58:32] [DETAILS] resolve languages> Parsing C:\Users\Saaru\Downloads\codeql-win64\codeql\javascript\codeql-extractor.yml.
[2024-12-01 11:58:32] [DETAILS] resolve languages> Parsing C:\Users\Saaru\Downloads\codeql-win64\codeql\properties\codeql-extractor.yml.
[2024-12-01 11:58:32] [DETAILS] resolve languages> Parsing C:\Users\Saaru\Downloads\codeql-win64\codeql\python\codeql-extractor.yml.
[2024-12-01 11:58:32] [DETAILS] resolve languages> Parsing C:\Users\Saaru\Downloads\codeql-win64\codeql\ruby\codeql-extractor.yml.
[2024-12-01 11:58:32] [DETAILS] resolve languages> Parsing C:\Users\Saaru\Downloads\codeql-win64\codeql\swift\codeql-extractor.yml.
[2024-12-01 11:58:32] [DETAILS] resolve languages> Parsing C:\Users\Saaru\Downloads\codeql-win64\codeql\xml\codeql-extractor.yml.
[2024-12-01 11:58:32] [DETAILS] resolve languages> Parsing C:\Users\Saaru\Downloads\codeql-win64\codeql\yaml\codeql-extractor.yml.
[2024-12-01 11:58:32] Plumbing command codeql resolve languages completed:
                      {
                        "aliases" : {
                          "c" : "cpp",
                          "c++" : "cpp",
                          "c-c++" : "cpp",
                          "c-cpp" : "cpp",
                          "c#" : "csharp",
                          "java-kotlin" : "java",
                          "kotlin" : "java",
                          "javascript-typescript" : "javascript",
                          "typescript" : "javascript"
                        },
                        "extractors" : {
                          "cpp" : [
                            {
                              "extractor_root" : "C:\\Users\\Saaru\\Downloads\\codeql-win64\\codeql\\cpp",
                              "extractor_options" : {
                                "scale_timeouts" : {
                                  "title" : "Value to scale compiler introspection timeouts with",
                                  "description" : "The extractor attempts to determine what compiler the source code being extracted is compiled with. To this end the extractor makes additional calls to the compiler, some of which are expected to return within a certain fixed time (either 10s or 15s). On some systems that are under high load this time might be too short, and can be scaled up using this option.\n",
                                  "type" : "string",
                                  "pattern" : "[0-9]+"
                                },
                                "log_verbosity" : {
                                  "title" : "Verbosity of the extractor logging",
                                  "description" : "Set the verbosity of the extractor logging to 'quiet' (0), 'normal' (1), 'chatty' (2), or 'noisy' (3). The default is 'normal'.\n",
                                  "type" : "string",
                                  "pattern" : "[0-3]"
                                }
                              }
                            }
                          ],
                          "csharp" : [
                            {
                              "extractor_root" : "C:\\Users\\Saaru\\Downloads\\codeql-win64\\codeql\\csharp",
                              "extractor_options" : {
                                "trap" : {
                                  "title" : "Options pertaining to TRAP.",
                                  "description" : "Options pertaining to TRAP.",
                                  "type" : "object",
                                  "properties" : {
                                    "compression" : {
                                      "title" : "Controls compression for the TRAP files written by the extractor.",
                                      "description" : "This option is only intended for use in debugging the extractor. Accepted values are 'brotli' (the default, to write brotli-compressed TRAP), 'gzip', and 'none' (to write uncompressed TRAP).\n",
                                      "type" : "string",
                                      "pattern" : "^(none|gzip|brotli)$"
                                    }
                                  }
                                },
                                "buildless" : {
                                  "title" : "DEPRECATED - Whether to use buildless (standalone) extraction.",
                                  "description" : "DEPRECATED: Use `--build-mode none` instead.\nA value indicating, which type of extraction the autobuilder should perform. If 'true', then the standalone extractor will be used, otherwise tracing extraction will be performed. The default is 'false'. Note that buildless extraction will generally yield less accurate analysis results, and should only be used in cases where it is not possible to build the code (for example if it uses inaccessible dependencies).\n",
                                  "type" : "string",
                                  "pattern" : "^(false|true)$"
                                },
                                "logging" : {
                                  "title" : "Options pertaining to logging.",
                                  "description" : "Options pertaining to logging.",
                                  "type" : "object",
                                  "properties" : {
                                    "verbosity" : {
                                      "title" : "Extractor logging verbosity level.",
                                      "description" : "Controls the level of verbosity of the extractor. The supported levels are (in order of increasing verbosity):\n  - off\n  - errors\n  - warnings\n  - info or progress\n  - debug or progress+\n  - trace or progress++\n  - progress+++\n",
                                      "type" : "string",
                                      "pattern" : "^(off|errors|warnings|(info|progress)|(debug|progress\\+)|(trace|progress\\+\\+)|progress\\+\\+\\+)$"
                                    }
                                  }
                                },
                                "binlog" : {
                                  "title" : "Binlog",
                                  "description" : "[EXPERIMENTAL] The value is a path to the MsBuild binary log file that should be extracted. This option only works when `--build-mode none` is also specified.\n",
                                  "type" : "string"
                                }
                              }
                            }
                          ],
                          "csv" : [
                            {
                              "extractor_root" : "C:\\Users\\Saaru\\Downloads\\codeql-win64\\codeql\\csv"
                            }
                          ],
                          "go" : [
                            {
                              "extractor_root" : "C:\\Users\\Saaru\\Downloads\\codeql-win64\\codeql\\go",
                              "extractor_options" : {
                                "extract_tests" : {
                                  "title" : "Whether to include Go test files in the CodeQL database.",
                                  "description" : "A value indicating whether Go test files should be included in the CodeQL database. The default is 'false'.\n",
                                  "type" : "string",
                                  "pattern" : "^(false|true)$"
                                },
                                "extract_vendor_dirs" : {
                                  "title" : "Whether to include Go vendor directories in the CodeQL database.",
                                  "description" : "A value indicating whether Go vendor directories should be included in the CodeQL database. The default is 'false'.\n",
                                  "type" : "string",
                                  "pattern" : "^(false|true)$"
                                }
                              }
                            }
                          ],
                          "html" : [
                            {
                              "extractor_root" : "C:\\Users\\Saaru\\Downloads\\codeql-win64\\codeql\\html"
                            }
                          ],
                          "java" : [
                            {
                              "extractor_root" : "C:\\Users\\Saaru\\Downloads\\codeql-win64\\codeql\\java",
                              "extractor_options" : {
                                "exclude" : {
                                  "title" : "A glob excluding files from analysis.",
                                  "description" : "A glob indicating what files to exclude from the analysis.\n",
                                  "type" : "string"
                                },
                                "add_prefer_source" : {
                                  "title" : "Whether to always prefer source files over class files.",
                                  "description" : "A value indicating whether source files should be preferred over class files. If set to 'true', the extraction adds '-Xprefer:source' to the javac command line. If set to 'false', the extraction uses the default javac behavior ('-Xprefer:newer'). The default is 'true'.\n",
                                  "type" : "string",
                                  "pattern" : "^(false|true)$"
                                },
                                "buildless" : {
                                  "title" : "Whether to use buildless (standalone) extraction (experimental).",
                                  "description" : "A value indicating, which type of extraction the autobuilder should perform. If 'true', then the standalone extractor will be used, otherwise tracing extraction will be performed. The default is 'false'. Note that buildless extraction will generally yield less accurate analysis results, and should only be used in cases where it is not possible to build the code (for example if it uses inaccessible dependencies).\n",
                                  "type" : "string",
                                  "pattern" : "^(false|true)$"
                                }
                              }
                            }
                          ],
                          "javascript" : [
                            {
                              "extractor_root" : "C:\\Users\\Saaru\\Downloads\\codeql-win64\\codeql\\javascript",
                              "extractor_options" : {
                                "skip_types" : {
                                  "title" : "Skip type extraction for TypeScript",
                                  "description" : "Whether to skip the extraction of types in a TypeScript application",
                                  "type" : "string",
                                  "pattern" : "^(false|true)$"
                                }
                              }
                            }
                          ],
                          "properties" : [
                            {
                              "extractor_root" : "C:\\Users\\Saaru\\Downloads\\codeql-win64\\codeql\\properties"
                            }
                          ],
                          "python" : [
                            {
                              "extractor_root" : "C:\\Users\\Saaru\\Downloads\\codeql-win64\\codeql\\python",
                              "extractor_options" : {
                                "logging" : {
                                  "title" : "Options pertaining to logging.",
                                  "description" : "Options pertaining to logging.",
                                  "type" : "object",
                                  "properties" : {
                                    "verbosity" : {
                                      "title" : "Python extractor logging verbosity level.",
                                      "description" : "Controls the level of verbosity of the CodeQL Python extractor.\nThe supported levels are (in order of increasing verbosity):\n\n  - off\n  - errors\n  - warnings\n  - info or progress\n  - debug or progress+\n  - trace or progress++\n  - progress+++\n",
                                      "type" : "string",
                                      "pattern" : "^(off|errors|warnings|(info|progress)|(debug|progress\\+)|(trace|progress\\+\\+)|progress\\+\\+\\+)$"
                                    }
                                  }
                                },
                                "python_executable_name" : {
                                  "title" : "Controls the name of the Python executable used by the Python extractor.",
                                  "description" : "The Python extractor uses platform-dependent heuristics to determine the name of the Python executable to use. Specifying a value for this option overrides the name of the Python executable used by the extractor. Accepted values are py, python and python3. Use this setting with caution, the Python extractor requires Python 3 to run.\n",
                                  "type" : "string",
                                  "pattern" : "^(py|python|python3)$"
                                }
                              }
                            }
                          ],
                          "ruby" : [
                            {
                              "extractor_root" : "C:\\Users\\Saaru\\Downloads\\codeql-win64\\codeql\\ruby",
                              "extractor_options" : {
                                "trap" : {
                                  "title" : "Options pertaining to TRAP.",
                                  "description" : "Options pertaining to TRAP.",
                                  "type" : "object",
                                  "properties" : {
                                    "compression" : {
                                      "title" : "Controls compression for the TRAP files written by the extractor.",
                                      "description" : "This option is only intended for use in debugging the extractor. Accepted values are 'gzip' (the default, to write gzip-compressed TRAP) and 'none' (to write uncompressed TRAP).\n",
                                      "type" : "string",
                                      "pattern" : "^(none|gzip)$"
                                    }
                                  }
                                }
                              }
                            }
                          ],
                          "swift" : [
                            {
                              "extractor_root" : "C:\\Users\\Saaru\\Downloads\\codeql-win64\\codeql\\swift"
                            }
                          ],
                          "xml" : [
                            {
                              "extractor_root" : "C:\\Users\\Saaru\\Downloads\\codeql-win64\\codeql\\xml"
                            }
                          ],
                          "yaml" : [
                            {
                              "extractor_root" : "C:\\Users\\Saaru\\Downloads\\codeql-win64\\codeql\\yaml"
                            }
                          ]
                        }
                      }
[2024-12-01 11:58:32] [PROGRESS] database init> Calculating baseline information in C:\Users\Saaru\Desktop\CodeQl\CodeQl
[2024-12-01 11:58:32] [SPAMMY] database init> Ignoring the following directories when processing baseline information: .git, .hg, .svn.
[2024-12-01 11:58:32] [DETAILS] database init> Running command in C:\Users\Saaru\Desktop\CodeQl\CodeQl: C:\Users\Saaru\Downloads\codeql-win64\codeql\tools\win64\scc.exe --by-file --exclude-dir .git,.hg,.svn --format json --no-large --no-min .
[2024-12-01 11:58:32] [SPAMMY] database init> Found 1 baseline files for java.
[2024-12-01 11:58:32] [PROGRESS] database init> Calculated baseline information for languages: java (138ms).
[2024-12-01 11:58:32] [PROGRESS] database init> Resolving extractor python.
[2024-12-01 11:58:32] [DETAILS] database init> Found candidate extractor root for python: C:\Users\Saaru\Downloads\codeql-win64\codeql\python.
[2024-12-01 11:58:32] [PROGRESS] database init> Successfully loaded extractor Python (python) from C:\Users\Saaru\Downloads\codeql-win64\codeql\python.
[2024-12-01 11:58:32] [PROGRESS] database init> Created skeleton CodeQL database at C:\Users\Saaru\Desktop\CodeQl\CodeQl\database. This in-progress database is ready to be populated by an extractor.
[2024-12-01 11:58:32] Plumbing command codeql database init completed.
[2024-12-01 11:58:32] [PROGRESS] database create> Running build command: []
[2024-12-01 11:58:32] Running plumbing command: codeql database trace-command --working-dir=C:\Users\Saaru\Desktop\CodeQl\CodeQl --index-traceless-dbs --no-db-cluster -- C:\Users\Saaru\Desktop\CodeQl\CodeQl\database
[2024-12-01 11:58:32] Using autobuild script C:\Users\Saaru\Downloads\codeql-win64\codeql\python\tools\autobuild.cmd.
[2024-12-01 11:58:32] [PROGRESS] database trace-command> Running command in C:\Users\Saaru\Desktop\CodeQl\CodeQl: [C:\Users\Saaru\Downloads\codeql-win64\codeql\python\tools\autobuild.cmd]
[2024-12-01 11:58:33] [build-stdout] Python 3.12.2
[2024-12-01 11:58:33] [build-stderr] No suitable Python runtime found
[2024-12-01 11:58:33] [build-stderr] Pass --list (-0) to see all detected environments on your machine
[2024-12-01 11:58:33] [build-stderr] or set environment variable PYLAUNCHER_ALLOW_INSTALL to use winget
[2024-12-01 11:58:33] [build-stderr] or open the Microsoft Store to the requested version.
[2024-12-01 11:58:33] [build-stdout] No directories containing root identifiers were found. Returning working directory as root.
[2024-12-01 11:58:33] [build-stdout] Will try to guess Python version, as it was not specified in `lgtm.yml`
[2024-12-01 11:58:33] [build-stdout] Trying to guess Python version based on Trove classifiers in setup.py
[2024-12-01 11:58:33] [build-stdout] Did not find setup.py (expected it to be at C:\Users\Saaru\Desktop\CodeQl\CodeQl\setup.py)
[2024-12-01 11:58:33] [build-stdout] Trying to guess Python version based on travis file
[2024-12-01 11:58:33] [build-stdout] Did not find any travis files (expected them at either ['C:\\Users\\Saaru\\Desktop\\CodeQl\\CodeQl\\.travis.yml', 'C:\\Users\\Saaru\\Desktop\\CodeQl\\CodeQl\\travis.yml'])
[2024-12-01 11:58:33] [build-stdout] Trying to guess Python version based on installed versions
[2024-12-01 11:58:33] [build-stdout] Wanted to run Python 2, but it is not available. Using Python 3 instead
[2024-12-01 11:58:33] [build-stdout] This script is running Python 3, but Python 2 is also available (as 'py -3')
[2024-12-01 11:58:33] [build-stdout] Could not guess Python version, will use default: Python 3
[2024-12-01 11:58:33] [build-stdout] Calling py -3 -S C:\Users\Saaru\Downloads\codeql-win64\codeql\python\tools\python_tracer.py --verbosity 3 -z all -c C:\Users\Saaru\Desktop\CodeQl\CodeQl\database\working\trap_cache -R C:\Users\Saaru\Desktop\CodeQl\CodeQl
[2024-12-01 11:58:33] [build-stdout] Python 3.12.2
[2024-12-01 11:58:33] [build-stdout] INFO: The Python extractor has recently stopped extracting the standard library by default. If you encounter problems, please let us know by submitting an issue to https://github.com/github/codeql. It is possible to re-enable extraction of the standard library by setting the environment variable CODEQL_EXTRACTOR_PYTHON_EXTRACT_STDLIB.
[2024-12-01 11:58:33] [build-stdout] [INFO] Extraction will use the Python 3 standard library.
[2024-12-01 11:58:33] [build-stdout] [INFO] sys_path is: ['C:\\Users\\Saaru\\Downloads\\codeql-win64\\codeql\\python\\tools', 'C:\\Users\\Saaru\\AppData\\Local\\Programs\\Python\\Python312\\python312.zip', 'C:\\Users\\Saaru\\AppData\\Local\\Programs\\Python\\Python312\\DLLs', 'C:\\Users\\Saaru\\AppData\\Local\\Programs\\Python\\Python312\\Lib', 'C:\\Users\\Saaru\\AppData\\Local\\Programs\\Python\\Python312']
[2024-12-01 11:58:33] [build-stdout] [INFO] Python version 3.12.2
[2024-12-01 11:58:33] [build-stdout] [INFO] Python extractor version 7.1.1
[2024-12-01 11:58:34] [build-stdout] [INFO] Processed 0 modules in 0.43s
[2024-12-01 11:58:34] Plumbing command codeql database trace-command completed.
[2024-12-01 11:58:34] [PROGRESS] database create> Finalizing database at C:\Users\Saaru\Desktop\CodeQl\CodeQl\database.
[2024-12-01 11:58:34] Running plumbing command: codeql database finalize --no-db-cluster -- C:\Users\Saaru\Desktop\CodeQl\CodeQl\database
[2024-12-01 11:58:34] Calling plumbing command: codeql resolve languages --format=json
[2024-12-01 11:58:34] [DETAILS] resolve languages> Scanning for [codeql-extractor.yml] from C:\Users\Saaru\Downloads\codeql-win64\codeql\.codeqlmanifest.json
[2024-12-01 11:58:34] [DETAILS] resolve languages> Parsing C:\Users\Saaru\Downloads\codeql-win64\codeql\cpp\codeql-extractor.yml.
[2024-12-01 11:58:34] [DETAILS] resolve languages> Parsing C:\Users\Saaru\Downloads\codeql-win64\codeql\csharp\codeql-extractor.yml.
[2024-12-01 11:58:34] [DETAILS] resolve languages> Parsing C:\Users\Saaru\Downloads\codeql-win64\codeql\csv\codeql-extractor.yml.
[2024-12-01 11:58:34] [DETAILS] resolve languages> Parsing C:\Users\Saaru\Downloads\codeql-win64\codeql\go\codeql-extractor.yml.
[2024-12-01 11:58:34] [DETAILS] resolve languages> Parsing C:\Users\Saaru\Downloads\codeql-win64\codeql\html\codeql-extractor.yml.
[2024-12-01 11:58:34] [DETAILS] resolve languages> Parsing C:\Users\Saaru\Downloads\codeql-win64\codeql\java\codeql-extractor.yml.
[2024-12-01 11:58:34] [DETAILS] resolve languages> Parsing C:\Users\Saaru\Downloads\codeql-win64\codeql\javascript\codeql-extractor.yml.
[2024-12-01 11:58:34] [DETAILS] resolve languages> Parsing C:\Users\Saaru\Downloads\codeql-win64\codeql\properties\codeql-extractor.yml.
[2024-12-01 11:58:34] [DETAILS] resolve languages> Parsing C:\Users\Saaru\Downloads\codeql-win64\codeql\python\codeql-extractor.yml.
[2024-12-01 11:58:34] [DETAILS] resolve languages> Parsing C:\Users\Saaru\Downloads\codeql-win64\codeql\ruby\codeql-extractor.yml.
[2024-12-01 11:58:34] [DETAILS] resolve languages> Parsing C:\Users\Saaru\Downloads\codeql-win64\codeql\swift\codeql-extractor.yml.
[2024-12-01 11:58:34] [DETAILS] resolve languages> Parsing C:\Users\Saaru\Downloads\codeql-win64\codeql\xml\codeql-extractor.yml.
[2024-12-01 11:58:34] [DETAILS] resolve languages> Parsing C:\Users\Saaru\Downloads\codeql-win64\codeql\yaml\codeql-extractor.yml.
[2024-12-01 11:58:34] Plumbing command codeql resolve languages completed:
                      {
                        "aliases" : {
                          "c" : "cpp",
                          "c++" : "cpp",
                          "c-c++" : "cpp",
                          "c-cpp" : "cpp",
                          "c#" : "csharp",
                          "java-kotlin" : "java",
                          "kotlin" : "java",
                          "javascript-typescript" : "javascript",
                          "typescript" : "javascript"
                        },
                        "extractors" : {
                          "cpp" : [
                            {
                              "extractor_root" : "C:\\Users\\Saaru\\Downloads\\codeql-win64\\codeql\\cpp",
                              "extractor_options" : {
                                "scale_timeouts" : {
                                  "title" : "Value to scale compiler introspection timeouts with",
                                  "description" : "The extractor attempts to determine what compiler the source code being extracted is compiled with. To this end the extractor makes additional calls to the compiler, some of which are expected to return within a certain fixed time (either 10s or 15s). On some systems that are under high load this time might be too short, and can be scaled up using this option.\n",
                                  "type" : "string",
                                  "pattern" : "[0-9]+"
                                },
                                "log_verbosity" : {
                                  "title" : "Verbosity of the extractor logging",
                                  "description" : "Set the verbosity of the extractor logging to 'quiet' (0), 'normal' (1), 'chatty' (2), or 'noisy' (3). The default is 'normal'.\n",
                                  "type" : "string",
                                  "pattern" : "[0-3]"
                                }
                              }
                            }
                          ],
                          "csharp" : [
                            {
                              "extractor_root" : "C:\\Users\\Saaru\\Downloads\\codeql-win64\\codeql\\csharp",
                              "extractor_options" : {
                                "trap" : {
                                  "title" : "Options pertaining to TRAP.",
                                  "description" : "Options pertaining to TRAP.",
                                  "type" : "object",
                                  "properties" : {
                                    "compression" : {
                                      "title" : "Controls compression for the TRAP files written by the extractor.",
                                      "description" : "This option is only intended for use in debugging the extractor. Accepted values are 'brotli' (the default, to write brotli-compressed TRAP), 'gzip', and 'none' (to write uncompressed TRAP).\n",
                                      "type" : "string",
                                      "pattern" : "^(none|gzip|brotli)$"
                                    }
                                  }
                                },
                                "buildless" : {
                                  "title" : "DEPRECATED - Whether to use buildless (standalone) extraction.",
                                  "description" : "DEPRECATED: Use `--build-mode none` instead.\nA value indicating, which type of extraction the autobuilder should perform. If 'true', then the standalone extractor will be used, otherwise tracing extraction will be performed. The default is 'false'. Note that buildless extraction will generally yield less accurate analysis results, and should only be used in cases where it is not possible to build the code (for example if it uses inaccessible dependencies).\n",
                                  "type" : "string",
                                  "pattern" : "^(false|true)$"
                                },
                                "logging" : {
                                  "title" : "Options pertaining to logging.",
                                  "description" : "Options pertaining to logging.",
                                  "type" : "object",
                                  "properties" : {
                                    "verbosity" : {
                                      "title" : "Extractor logging verbosity level.",
                                      "description" : "Controls the level of verbosity of the extractor. The supported levels are (in order of increasing verbosity):\n  - off\n  - errors\n  - warnings\n  - info or progress\n  - debug or progress+\n  - trace or progress++\n  - progress+++\n",
                                      "type" : "string",
                                      "pattern" : "^(off|errors|warnings|(info|progress)|(debug|progress\\+)|(trace|progress\\+\\+)|progress\\+\\+\\+)$"
                                    }
                                  }
                                },
                                "binlog" : {
                                  "title" : "Binlog",
                                  "description" : "[EXPERIMENTAL] The value is a path to the MsBuild binary log file that should be extracted. This option only works when `--build-mode none` is also specified.\n",
                                  "type" : "string"
                                }
                              }
                            }
                          ],
                          "csv" : [
                            {
                              "extractor_root" : "C:\\Users\\Saaru\\Downloads\\codeql-win64\\codeql\\csv"
                            }
                          ],
                          "go" : [
                            {
                              "extractor_root" : "C:\\Users\\Saaru\\Downloads\\codeql-win64\\codeql\\go",
                              "extractor_options" : {
                                "extract_tests" : {
                                  "title" : "Whether to include Go test files in the CodeQL database.",
                                  "description" : "A value indicating whether Go test files should be included in the CodeQL database. The default is 'false'.\n",
                                  "type" : "string",
                                  "pattern" : "^(false|true)$"
                                },
                                "extract_vendor_dirs" : {
                                  "title" : "Whether to include Go vendor directories in the CodeQL database.",
                                  "description" : "A value indicating whether Go vendor directories should be included in the CodeQL database. The default is 'false'.\n",
                                  "type" : "string",
                                  "pattern" : "^(false|true)$"
                                }
                              }
                            }
                          ],
                          "html" : [
                            {
                              "extractor_root" : "C:\\Users\\Saaru\\Downloads\\codeql-win64\\codeql\\html"
                            }
                          ],
                          "java" : [
                            {
                              "extractor_root" : "C:\\Users\\Saaru\\Downloads\\codeql-win64\\codeql\\java",
                              "extractor_options" : {
                                "exclude" : {
                                  "title" : "A glob excluding files from analysis.",
                                  "description" : "A glob indicating what files to exclude from the analysis.\n",
                                  "type" : "string"
                                },
                                "add_prefer_source" : {
                                  "title" : "Whether to always prefer source files over class files.",
                                  "description" : "A value indicating whether source files should be preferred over class files. If set to 'true', the extraction adds '-Xprefer:source' to the javac command line. If set to 'false', the extraction uses the default javac behavior ('-Xprefer:newer'). The default is 'true'.\n",
                                  "type" : "string",
                                  "pattern" : "^(false|true)$"
                                },
                                "buildless" : {
                                  "title" : "Whether to use buildless (standalone) extraction (experimental).",
                                  "description" : "A value indicating, which type of extraction the autobuilder should perform. If 'true', then the standalone extractor will be used, otherwise tracing extraction will be performed. The default is 'false'. Note that buildless extraction will generally yield less accurate analysis results, and should only be used in cases where it is not possible to build the code (for example if it uses inaccessible dependencies).\n",
                                  "type" : "string",
                                  "pattern" : "^(false|true)$"
                                }
                              }
                            }
                          ],
                          "javascript" : [
                            {
                              "extractor_root" : "C:\\Users\\Saaru\\Downloads\\codeql-win64\\codeql\\javascript",
                              "extractor_options" : {
                                "skip_types" : {
                                  "title" : "Skip type extraction for TypeScript",
                                  "description" : "Whether to skip the extraction of types in a TypeScript application",
                                  "type" : "string",
                                  "pattern" : "^(false|true)$"
                                }
                              }
                            }
                          ],
                          "properties" : [
                            {
                              "extractor_root" : "C:\\Users\\Saaru\\Downloads\\codeql-win64\\codeql\\properties"
                            }
                          ],
                          "python" : [
                            {
                              "extractor_root" : "C:\\Users\\Saaru\\Downloads\\codeql-win64\\codeql\\python",
                              "extractor_options" : {
                                "logging" : {
                                  "title" : "Options pertaining to logging.",
                                  "description" : "Options pertaining to logging.",
                                  "type" : "object",
                                  "properties" : {
                                    "verbosity" : {
                                      "title" : "Python extractor logging verbosity level.",
                                      "description" : "Controls the level of verbosity of the CodeQL Python extractor.\nThe supported levels are (in order of increasing verbosity):\n\n  - off\n  - errors\n  - warnings\n  - info or progress\n  - debug or progress+\n  - trace or progress++\n  - progress+++\n",
                                      "type" : "string",
                                      "pattern" : "^(off|errors|warnings|(info|progress)|(debug|progress\\+)|(trace|progress\\+\\+)|progress\\+\\+\\+)$"
                                    }
                                  }
                                },
                                "python_executable_name" : {
                                  "title" : "Controls the name of the Python executable used by the Python extractor.",
                                  "description" : "The Python extractor uses platform-dependent heuristics to determine the name of the Python executable to use. Specifying a value for this option overrides the name of the Python executable used by the extractor. Accepted values are py, python and python3. Use this setting with caution, the Python extractor requires Python 3 to run.\n",
                                  "type" : "string",
                                  "pattern" : "^(py|python|python3)$"
                                }
                              }
                            }
                          ],
                          "ruby" : [
                            {
                              "extractor_root" : "C:\\Users\\Saaru\\Downloads\\codeql-win64\\codeql\\ruby",
                              "extractor_options" : {
                                "trap" : {
                                  "title" : "Options pertaining to TRAP.",
                                  "description" : "Options pertaining to TRAP.",
                                  "type" : "object",
                                  "properties" : {
                                    "compression" : {
                                      "title" : "Controls compression for the TRAP files written by the extractor.",
                                      "description" : "This option is only intended for use in debugging the extractor. Accepted values are 'gzip' (the default, to write gzip-compressed TRAP) and 'none' (to write uncompressed TRAP).\n",
                                      "type" : "string",
                                      "pattern" : "^(none|gzip)$"
                                    }
                                  }
                                }
                              }
                            }
                          ],
                          "swift" : [
                            {
                              "extractor_root" : "C:\\Users\\Saaru\\Downloads\\codeql-win64\\codeql\\swift"
                            }
                          ],
                          "xml" : [
                            {
                              "extractor_root" : "C:\\Users\\Saaru\\Downloads\\codeql-win64\\codeql\\xml"
                            }
                          ],
                          "yaml" : [
                            {
                              "extractor_root" : "C:\\Users\\Saaru\\Downloads\\codeql-win64\\codeql\\yaml"
                            }
                          ]
                        }
                      }
[2024-12-01 11:58:34] [SPAMMIER] database finalize> Loaded the following extractors: C/C++, C#, CSV, Go, HTML, Java/Kotlin, JavaScript/TypeScript, Java Properties Files, Python, Ruby, Swift, XML, YAML
[2024-12-01 11:58:34] [ERROR] database finalize> CodeQL detected code written in Java/Kotlin, but not any written in Python. Confirm that there is some source code for Python in the project. For more information, review our troubleshooting guide at https://gh.io/troubleshooting-code-scanning/no-source-code-seen-during-build.
[2024-12-01 11:58:34] Plumbing command codeql database finalize completed with status 32.
[2024-12-01 11:58:34] Exiting with code 32
