[2024-11-29 13:52:32] This is codeql execute queries -J-Xmx1430M --verbosity=progress --logdir=H:\Desktop\Codeql\database\log --evaluator-log-level=5 --warnings=show --dynamic-join-order-mode=none --qlconfig-file=H:\Desktop\Codeql\qlconfig.yml -- H:\Desktop\Codeql\database\db-python path:H:\Desktop\Codeql\codeql-custom-queries-python\example.ql
[2024-11-29 13:52:32] Calling plumbing command: codeql resolve queries --qlconfig-file=H:\Desktop\Codeql\qlconfig.yml --format=json -- path:H:\Desktop\Codeql\codeql-custom-queries-python\example.ql
[2024-11-29 13:52:32] [PROGRESS] resolve queries> Recording pack reference getting-started/codeql-extra-queries-python at H:\Desktop\Codeql\codeql-custom-queries-python.
[2024-11-29 13:52:32] Plumbing command codeql resolve queries completed:
                      [
                        "H:\\Desktop\\Codeql\\codeql-custom-queries-python\\example.ql"
                      ]
[2024-11-29 13:52:32] Refusing fancy output: The terminal is not an xterm: 
[2024-11-29 13:52:32] Creating executor with 1 threads.
[2024-11-29 13:52:33] Calling plumbing command: codeql resolve extensions --qlconfig-file=H:\Desktop\Codeql\qlconfig.yml --include-extension-row-locations path:H:\Desktop\Codeql\codeql-custom-queries-python\example.ql
[2024-11-29 13:52:33] Calling plumbing command: codeql resolve queries --qlconfig-file=H:\Desktop\Codeql\qlconfig.yml --allow-library-packs --format startingpacks -- path:H:\Desktop\Codeql\codeql-custom-queries-python\example.ql
[2024-11-29 13:52:33] [PROGRESS] resolve queries> Recording pack reference getting-started/codeql-extra-queries-python at H:\Desktop\Codeql\codeql-custom-queries-python.
[2024-11-29 13:52:33] Plumbing command codeql resolve queries completed:
                      [
                        "H:\\Desktop\\Codeql\\codeql-custom-queries-python"
                      ]
[2024-11-29 13:52:33] Calling plumbing command: codeql resolve extensions-by-pack --qlconfig-file=H:\Desktop\Codeql\qlconfig.yml --include-extension-row-locations -- H:\Desktop\Codeql\codeql-custom-queries-python
[2024-11-29 13:52:33] [SPAMMY] resolve extensions-by-pack> [INCOMPATIBILITY] getting-started/codeql-extra-queries-python: not 1.0.0 {root: getting-started/codeql-extra-queries-python@1.0.0}
[2024-11-29 13:52:33] [SPAMMY] resolve extensions-by-pack> [DERIVATION] getting-started/codeql-extra-queries-python: 1.0.0 {getting-started/codeql-extra-queries-python: not 1.0.0 {root: getting-started/codeql-extra-queries-python@1.0.0}}
[2024-11-29 13:52:33] [SPAMMY] resolve extensions-by-pack> [INCOMPATIBILITY] getting-started/codeql-extra-queries-python: * [*], codeql/python-all: not * [*] {dependency: getting-started/codeql-extra-queries-python@* [*] requires codeql/python-all@^2.1.2}
[2024-11-29 13:52:33] [SPAMMY] resolve extensions-by-pack> [DECISION 1] getting-started/codeql-extra-queries-python: 1.0.0
[2024-11-29 13:52:33] [SPAMMY] resolve extensions-by-pack> [DERIVATION] codeql/python-all: * [*] {getting-started/codeql-extra-queries-python: * [*], codeql/python-all: not * [*] {dependency: getting-started/codeql-extra-queries-python@* [*] requires codeql/python-all@^2.1.2}}
[2024-11-29 13:52:33] [SPAMMY] resolve extensions-by-pack> [INCOMPATIBILITY] codeql/python-all: * [*], codeql/dataflow: not * [*] {dependency: codeql/python-all@* [*] requires codeql/dataflow@1.1.5}
[2024-11-29 13:52:33] [SPAMMY] resolve extensions-by-pack> [INCOMPATIBILITY] codeql/python-all: * [*], codeql/mad: not * [*] {dependency: codeql/python-all@* [*] requires codeql/mad@1.0.11}
[2024-11-29 13:52:33] [SPAMMY] resolve extensions-by-pack> [INCOMPATIBILITY] codeql/python-all: * [*], codeql/regex: not * [*] {dependency: codeql/python-all@* [*] requires codeql/regex@1.0.11}
[2024-11-29 13:52:33] [SPAMMY] resolve extensions-by-pack> [INCOMPATIBILITY] codeql/python-all: * [*], codeql/threat-models: not * [*] {dependency: codeql/python-all@* [*] requires codeql/threat-models@1.0.11}
[2024-11-29 13:52:33] [SPAMMY] resolve extensions-by-pack> [INCOMPATIBILITY] codeql/python-all: * [*], codeql/tutorial: not * [*] {dependency: codeql/python-all@* [*] requires codeql/tutorial@1.0.11}
[2024-11-29 13:52:33] [SPAMMY] resolve extensions-by-pack> [INCOMPATIBILITY] codeql/python-all: * [*], codeql/util: not * [*] {dependency: codeql/python-all@* [*] requires codeql/util@1.0.11}
[2024-11-29 13:52:33] [SPAMMY] resolve extensions-by-pack> [INCOMPATIBILITY] codeql/python-all: * [*], codeql/xml: not * [*] {dependency: codeql/python-all@* [*] requires codeql/xml@1.0.11}
[2024-11-29 13:52:33] [SPAMMY] resolve extensions-by-pack> [INCOMPATIBILITY] codeql/python-all: * [*], codeql/yaml: not * [*] {dependency: codeql/python-all@* [*] requires codeql/yaml@1.0.11}
[2024-11-29 13:52:33] [SPAMMY] resolve extensions-by-pack> [DECISION 2] codeql/python-all: 2.1.2
[2024-11-29 13:52:33] [SPAMMY] resolve extensions-by-pack> [DERIVATION] codeql/yaml: * [*] {codeql/python-all: * [*], codeql/yaml: not * [*] {dependency: codeql/python-all@* [*] requires codeql/yaml@1.0.11}}
[2024-11-29 13:52:33] [SPAMMY] resolve extensions-by-pack> [DERIVATION] codeql/xml: * [*] {codeql/python-all: * [*], codeql/xml: not * [*] {dependency: codeql/python-all@* [*] requires codeql/xml@1.0.11}}
[2024-11-29 13:52:33] [SPAMMY] resolve extensions-by-pack> [DERIVATION] codeql/util: * [*] {codeql/python-all: * [*], codeql/util: not * [*] {dependency: codeql/python-all@* [*] requires codeql/util@1.0.11}}
[2024-11-29 13:52:33] [SPAMMY] resolve extensions-by-pack> [DERIVATION] codeql/tutorial: * [*] {codeql/python-all: * [*], codeql/tutorial: not * [*] {dependency: codeql/python-all@* [*] requires codeql/tutorial@1.0.11}}
[2024-11-29 13:52:33] [SPAMMY] resolve extensions-by-pack> [DERIVATION] codeql/threat-models: * [*] {codeql/python-all: * [*], codeql/threat-models: not * [*] {dependency: codeql/python-all@* [*] requires codeql/threat-models@1.0.11}}
[2024-11-29 13:52:33] [SPAMMY] resolve extensions-by-pack> [DERIVATION] codeql/regex: * [*] {codeql/python-all: * [*], codeql/regex: not * [*] {dependency: codeql/python-all@* [*] requires codeql/regex@1.0.11}}
[2024-11-29 13:52:33] [SPAMMY] resolve extensions-by-pack> [DERIVATION] codeql/mad: * [*] {codeql/python-all: * [*], codeql/mad: not * [*] {dependency: codeql/python-all@* [*] requires codeql/mad@1.0.11}}
[2024-11-29 13:52:33] [SPAMMY] resolve extensions-by-pack> [DERIVATION] codeql/dataflow: * [*] {codeql/python-all: * [*], codeql/dataflow: not * [*] {dependency: codeql/python-all@* [*] requires codeql/dataflow@1.1.5}}
[2024-11-29 13:52:33] [SPAMMY] resolve extensions-by-pack> [INCOMPATIBILITY] codeql/dataflow: * [*], codeql/ssa: not * [*] {dependency: codeql/dataflow@* [*] requires codeql/ssa@1.0.11}
[2024-11-29 13:52:33] [SPAMMY] resolve extensions-by-pack> [INCOMPATIBILITY] codeql/dataflow: * [*], codeql/typetracking: not * [*] {dependency: codeql/dataflow@* [*] requires codeql/typetracking@1.0.11}
[2024-11-29 13:52:33] [SPAMMY] resolve extensions-by-pack> [INCOMPATIBILITY] codeql/dataflow: * [*], codeql/util: not * [*] {dependency: codeql/dataflow@* [*] requires codeql/util@1.0.11}
[2024-11-29 13:52:33] [SPAMMY] resolve extensions-by-pack> [DECISION 3] codeql/dataflow: 1.1.5
[2024-11-29 13:52:33] [SPAMMY] resolve extensions-by-pack> [DERIVATION] codeql/typetracking: * [*] {codeql/dataflow: * [*], codeql/typetracking: not * [*] {dependency: codeql/dataflow@* [*] requires codeql/typetracking@1.0.11}}
[2024-11-29 13:52:33] [SPAMMY] resolve extensions-by-pack> [DERIVATION] codeql/ssa: * [*] {codeql/dataflow: * [*], codeql/ssa: not * [*] {dependency: codeql/dataflow@* [*] requires codeql/ssa@1.0.11}}
[2024-11-29 13:52:33] [SPAMMY] resolve extensions-by-pack> [INCOMPATIBILITY] codeql/mad: * [*], codeql/dataflow: not * [*] {dependency: codeql/mad@* [*] requires codeql/dataflow@1.1.5}
[2024-11-29 13:52:33] [SPAMMY] resolve extensions-by-pack> [INCOMPATIBILITY] codeql/mad: * [*], codeql/util: not * [*] {dependency: codeql/mad@* [*] requires codeql/util@1.0.11}
[2024-11-29 13:52:33] [SPAMMY] resolve extensions-by-pack> [DECISION 4] codeql/mad: 1.0.11
[2024-11-29 13:52:33] [SPAMMY] resolve extensions-by-pack> [INCOMPATIBILITY] codeql/regex: * [*], codeql/util: not * [*] {dependency: codeql/regex@* [*] requires codeql/util@1.0.11}
[2024-11-29 13:52:33] [SPAMMY] resolve extensions-by-pack> [DECISION 5] codeql/regex: 1.0.11
[2024-11-29 13:52:33] [SPAMMY] resolve extensions-by-pack> [INCOMPATIBILITY] codeql/ssa: * [*], codeql/util: not * [*] {dependency: codeql/ssa@* [*] requires codeql/util@1.0.11}
[2024-11-29 13:52:33] [SPAMMY] resolve extensions-by-pack> [DECISION 6] codeql/ssa: 1.0.11
[2024-11-29 13:52:33] [SPAMMY] resolve extensions-by-pack> [DECISION 7] codeql/threat-models: 1.0.11
[2024-11-29 13:52:33] [SPAMMY] resolve extensions-by-pack> [DECISION 8] codeql/tutorial: 1.0.11
[2024-11-29 13:52:33] [SPAMMY] resolve extensions-by-pack> [INCOMPATIBILITY] codeql/typetracking: * [*], codeql/util: not * [*] {dependency: codeql/typetracking@* [*] requires codeql/util@1.0.11}
[2024-11-29 13:52:33] [SPAMMY] resolve extensions-by-pack> [DECISION 9] codeql/typetracking: 1.0.11
[2024-11-29 13:52:33] [SPAMMY] resolve extensions-by-pack> [DECISION 10] codeql/util: 1.0.11
[2024-11-29 13:52:33] [SPAMMY] resolve extensions-by-pack> [INCOMPATIBILITY] codeql/xml: * [*], codeql/util: not * [*] {dependency: codeql/xml@* [*] requires codeql/util@1.0.11}
[2024-11-29 13:52:33] [SPAMMY] resolve extensions-by-pack> [DECISION 11] codeql/xml: 1.0.11
[2024-11-29 13:52:33] [SPAMMY] resolve extensions-by-pack> [DECISION 12] codeql/yaml: 1.0.11
[2024-11-29 13:52:33] [PROGRESS] resolve extensions-by-pack> Loading data extensions in C:\Users\CYTech Student\.codeql\packages\codeql\python-all\2.1.2\ext\default-threat-models-fixup.model.yml.
[2024-11-29 13:52:33] [DETAILS] resolve extensions-by-pack>   Found extension targeting codeql/threat-models:threatModelConfiguration: 1 tuples.
[2024-11-29 13:52:33] [PROGRESS] resolve extensions-by-pack> Loading data extensions in C:\Users\CYTech Student\.codeql\packages\codeql\python-all\2.1.2\semmle\python\frameworks\Asyncpg.model.yml.
[2024-11-29 13:52:33] [DETAILS] resolve extensions-by-pack>   Found extension targeting codeql/python-all:sinkModel: 5 tuples.
[2024-11-29 13:52:33] [DETAILS] resolve extensions-by-pack>   Found extension targeting codeql/python-all:typeModel: 6 tuples.
[2024-11-29 13:52:33] [PROGRESS] resolve extensions-by-pack> Loading data extensions in C:\Users\CYTech Student\.codeql\packages\codeql\python-all\2.1.2\semmle\python\frameworks\Stdlib.model.yml.
[2024-11-29 13:52:33] [DETAILS] resolve extensions-by-pack>   Found extension targeting codeql/python-all:sourceModel: 12 tuples.
[2024-11-29 13:52:33] [DETAILS] resolve extensions-by-pack>   Found extension targeting codeql/python-all:sinkModel: 1 tuples.
[2024-11-29 13:52:33] [DETAILS] resolve extensions-by-pack>   Found extension targeting codeql/python-all:summaryModel: 66 tuples.
[2024-11-29 13:52:33] [DETAILS] resolve extensions-by-pack>   Found extension targeting codeql/python-all:neutralModel: 0 tuples.
[2024-11-29 13:52:33] [DETAILS] resolve extensions-by-pack>   Found extension targeting codeql/python-all:typeModel: 0 tuples.
[2024-11-29 13:52:33] [DETAILS] resolve extensions-by-pack>   Found extension targeting codeql/python-all:typeVariableModel: 0 tuples.
[2024-11-29 13:52:33] [PROGRESS] resolve extensions-by-pack> Loading data extensions in C:\Users\CYTech Student\.codeql\packages\codeql\python-all\2.1.2\semmle\python\frameworks\data\internal\empty.model.yml.
[2024-11-29 13:52:33] [DETAILS] resolve extensions-by-pack>   Found extension targeting codeql/python-all:sourceModel: 0 tuples.
[2024-11-29 13:52:33] [DETAILS] resolve extensions-by-pack>   Found extension targeting codeql/python-all:sinkModel: 0 tuples.
[2024-11-29 13:52:33] [DETAILS] resolve extensions-by-pack>   Found extension targeting codeql/python-all:summaryModel: 0 tuples.
[2024-11-29 13:52:33] [DETAILS] resolve extensions-by-pack>   Found extension targeting codeql/python-all:neutralModel: 0 tuples.
[2024-11-29 13:52:33] [DETAILS] resolve extensions-by-pack>   Found extension targeting codeql/python-all:typeModel: 0 tuples.
[2024-11-29 13:52:33] [DETAILS] resolve extensions-by-pack>   Found extension targeting codeql/python-all:typeVariableModel: 0 tuples.
[2024-11-29 13:52:34] [PROGRESS] resolve extensions-by-pack> Loading data extensions in C:\Users\CYTech Student\.codeql\packages\codeql\python-all\2.1.2\semmle\python\frameworks\data\internal\subclass-capture\ALL.model.yml.
[2024-11-29 13:52:34] [DETAILS] resolve extensions-by-pack>   Found extension targeting codeql/python-all:typeModel: 58275 tuples.
[2024-11-29 13:52:34] [PROGRESS] resolve extensions-by-pack> Loading data extensions in C:\Users\CYTech Student\.codeql\packages\codeql\threat-models\1.0.11\ext\supported-threat-models.model.yml.
[2024-11-29 13:52:34] [DETAILS] resolve extensions-by-pack>   Found extension targeting codeql/threat-models:threatModelConfiguration: 1 tuples.
[2024-11-29 13:52:34] [PROGRESS] resolve extensions-by-pack> Loading data extensions in C:\Users\CYTech Student\.codeql\packages\codeql\threat-models\1.0.11\ext\threat-model-grouping.model.yml.
[2024-11-29 13:52:34] [DETAILS] resolve extensions-by-pack>   Found extension targeting codeql/threat-models:threatModelGrouping: 14 tuples.
[2024-11-29 13:52:34] [PROGRESS] resolve extensions-by-pack> Loading data extensions in C:\Users\CYTech Student\.codeql\packages\codeql\util\1.0.11\ext\default-alert-filter.yml.
[2024-11-29 13:52:34] [DETAILS] resolve extensions-by-pack>   Found extension targeting codeql/util:restrictAlertsTo: 0 tuples.
[2024-11-29 13:52:34] Plumbing command codeql resolve extensions-by-pack completed:
                      {
                        "models" : [ ],
                        "data" : {
                          "H:\\Desktop\\Codeql\\codeql-custom-queries-python" : [
                            {
                              "predicate" : "threatModelConfiguration",
                              "file" : "C:\\Users\\CYTech Student\\.codeql\\packages\\codeql\\python-all\\2.1.2\\ext\\default-threat-models-fixup.model.yml",
                              "index" : 0,
                              "firstRowId" : 0,
                              "rowCount" : 1,
                              "predicateHasOrigin" : false,
                              "locations" : {
                                "lineNumbers" : "A=8",
                                "columnNumbers" : "A=9"
                              }
                            },
                            {
                              "predicate" : "sinkModel",
                              "file" : "C:\\Users\\CYTech Student\\.codeql\\packages\\codeql\\python-all\\2.1.2\\semmle\\python\\frameworks\\Asyncpg.model.yml",
                              "index" : 0,
                              "firstRowId" : 1,
                              "rowCount" : 5,
                              "predicateHasOrigin" : true,
                              "locations" : {
                                "lineNumbers" : "A=7+1+2+1+2",
                                "columnNumbers" : "A=9*5"
                              }
                            },
                            {
                              "predicate" : "typeModel",
                              "file" : "C:\\Users\\CYTech Student\\.codeql\\packages\\codeql\\python-all\\2.1.2\\semmle\\python\\frameworks\\Asyncpg.model.yml",
                              "index" : 1,
                              "firstRowId" : 6,
                              "rowCount" : 6,
                              "predicateHasOrigin" : false,
                              "locations" : {
                                "lineNumbers" : "A=20+4+1*2+2+1",
                                "columnNumbers" : "A=9*6"
                              }
                            },
                            {
                              "predicate" : "sourceModel",
                              "file" : "C:\\Users\\CYTech Student\\.codeql\\packages\\codeql\\python-all\\2.1.2\\semmle\\python\\frameworks\\Stdlib.model.yml",
                              "index" : 0,
                              "firstRowId" : 12,
                              "rowCount" : 12,
                              "predicateHasOrigin" : true,
                              "locations" : {
                                "lineNumbers" : "A=6+1*4+2+1+2+1*2+4+2",
                                "columnNumbers" : "A=9*12"
                              }
                            },
                            {
                              "predicate" : "sinkModel",
                              "file" : "C:\\Users\\CYTech Student\\.codeql\\packages\\codeql\\python-all\\2.1.2\\semmle\\python\\frameworks\\Stdlib.model.yml",
                              "index" : 1,
                              "firstRowId" : 24,
                              "rowCount" : 1,
                              "predicateHasOrigin" : true,
                              "locations" : {
                                "lineNumbers" : "A=29",
                                "columnNumbers" : "A=9"
                              }
                            },
                            {
                              "predicate" : "summaryModel",
                              "file" : "C:\\Users\\CYTech Student\\.codeql\\packages\\codeql\\python-all\\2.1.2\\semmle\\python\\frameworks\\Stdlib.model.yml",
                              "index" : 2,
                              "firstRowId" : 25,
                              "rowCount" : 66,
                              "predicateHasOrigin" : true,
                              "locations" : {
                                "lineNumbers" : "A=37+1+2+4+2*2+4+2*3+1+2+1+2+1+2+4+2+4+2*2+3+2*2+3+1+2*4+4+1+4+1+4+1*5+2*4+4+1+2*11+3+2+3+4+1+2*2+1+2",
                                "columnNumbers" : "A=9*66"
                              }
                            },
                            {
                              "predicate" : "neutralModel",
                              "file" : "C:\\Users\\CYTech Student\\.codeql\\packages\\codeql\\python-all\\2.1.2\\semmle\\python\\frameworks\\Stdlib.model.yml",
                              "index" : 3,
                              "firstRowId" : 91,
                              "rowCount" : 0,
                              "predicateHasOrigin" : false,
                              "locations" : {
                                "lineNumbers" : "A",
                                "columnNumbers" : "A"
                              }
                            },
                            {
                              "predicate" : "typeModel",
                              "file" : "C:\\Users\\CYTech Student\\.codeql\\packages\\codeql\\python-all\\2.1.2\\semmle\\python\\frameworks\\Stdlib.model.yml",
                              "index" : 4,
                              "firstRowId" : 91,
                              "rowCount" : 0,
                              "predicateHasOrigin" : false,
                              "locations" : {
                                "lineNumbers" : "A",
                                "columnNumbers" : "A"
                              }
                            },
                            {
                              "predicate" : "typeVariableModel",
                              "file" : "C:\\Users\\CYTech Student\\.codeql\\packages\\codeql\\python-all\\2.1.2\\semmle\\python\\frameworks\\Stdlib.model.yml",
                              "index" : 5,
                              "firstRowId" : 91,
                              "rowCount" : 0,
                              "predicateHasOrigin" : false,
                              "locations" : {
                                "lineNumbers" : "A",
                                "columnNumbers" : "A"
                              }
                            },
                            {
                              "predicate" : "sourceModel",
                              "file" : "C:\\Users\\CYTech Student\\.codeql\\packages\\codeql\\python-all\\2.1.2\\semmle\\python\\frameworks\\data\\internal\\empty.model.yml",
                              "index" : 0,
                              "firstRowId" : 91,
                              "rowCount" : 0,
                              "predicateHasOrigin" : true,
                              "locations" : {
                                "lineNumbers" : "A",
                                "columnNumbers" : "A"
                              }
                            },
                            {
                              "predicate" : "sinkModel",
                              "file" : "C:\\Users\\CYTech Student\\.codeql\\packages\\codeql\\python-all\\2.1.2\\semmle\\python\\frameworks\\data\\internal\\empty.model.yml",
                              "index" : 1,
                              "firstRowId" : 91,
                              "rowCount" : 0,
                              "predicateHasOrigin" : true,
                              "locations" : {
                                "lineNumbers" : "A",
                                "columnNumbers" : "A"
                              }
                            },
                            {
                              "predicate" : "summaryModel",
                              "file" : "C:\\Users\\CYTech Student\\.codeql\\packages\\codeql\\python-all\\2.1.2\\semmle\\python\\frameworks\\data\\internal\\empty.model.yml",
                              "index" : 2,
                              "firstRowId" : 91,
                              "rowCount" : 0,
                              "predicateHasOrigin" : true,
                              "locations" : {
                                "lineNumbers" : "A",
                                "columnNumbers" : "A"
                              }
                            },
                            {
                              "predicate" : "neutralModel",
                              "file" : "C:\\Users\\CYTech Student\\.codeql\\packages\\codeql\\python-all\\2.1.2\\semmle\\python\\frameworks\\data\\internal\\empty.model.yml",
                              "index" : 3,
                              "firstRowId" : 91,
                              "rowCount" : 0,
                              "predicateHasOrigin" : false,
                              "locations" : {
                                "lineNumbers" : "A",
                                "columnNumbers" : "A"
                              }
                            },
                            {
                              "predicate" : "typeModel",
                              "file" : "C:\\Users\\CYTech Student\\.codeql\\packages\\codeql\\python-all\\2.1.2\\semmle\\python\\frameworks\\data\\internal\\empty.model.yml",
                              "index" : 4,
                              "firstRowId" : 91,
                              "rowCount" : 0,
                              "predicateHasOrigin" : false,
                              "locations" : {
                                "lineNumbers" : "A",
                                "columnNumbers" : "A"
                              }
                            },
                            {
                              "predicate" : "typeVariableModel",
                              "file" : "C:\\Users\\CYTech Student\\.codeql\\packages\\codeql\\python-all\\2.1.2\\semmle\\python\\frameworks\\data\\internal\\empty.model.yml",
                              "index" : 5,
                              "firstRowId" : 91,
                              "rowCount" : 0,
                              "predicateHasOrigin" : false,
                              "locations" : {
                                "lineNumbers" : "A",
                                "columnNumbers" : "A"
                              }
                            },
                            {
                              "predicate" : "typeModel",
                              "file" : "C:\\Users\\CYTech Student\\.codeql\\packages\\codeql\\python-all\\2.1.2\\semmle\\python\\frameworks\\data\\internal\\subclass-capture\\ALL.model.yml",
                              "index" : 0,
                              "firstRowId" : 91,
                              "rowCount" : 58275,
                              "predicateHasOrigin" : false,
                              "locations" : {
                                "lineNumbers" : "A=7+3*58274",
                                "columnNumbers" : "A=5*58275"
                              }
                            },
                            {
                              "predicate" : "threatModelConfiguration",
                              "file" : "C:\\Users\\CYTech Student\\.codeql\\packages\\codeql\\threat-models\\1.0.11\\ext\\supported-threat-models.model.yml",
                              "index" : 0,
                              "firstRowId" : 58366,
                              "rowCount" : 1,
                              "predicateHasOrigin" : false,
                              "locations" : {
                                "lineNumbers" : "A=6",
                                "columnNumbers" : "A=9"
                              }
                            },
                            {
                              "predicate" : "threatModelGrouping",
                              "file" : "C:\\Users\\CYTech Student\\.codeql\\packages\\codeql\\threat-models\\1.0.11\\ext\\threat-model-grouping.model.yml",
                              "index" : 0,
                              "firstRowId" : 58367,
                              "rowCount" : 14,
                              "predicateHasOrigin" : false,
                              "locations" : {
                                "lineNumbers" : "A=8+3+1+3+1*5+3+1+5+1*2",
                                "columnNumbers" : "A=9*14"
                              }
                            },
                            {
                              "predicate" : "restrictAlertsTo",
                              "file" : "C:\\Users\\CYTech Student\\.codeql\\packages\\codeql\\util\\1.0.11\\ext\\default-alert-filter.yml",
                              "index" : 0,
                              "firstRowId" : 58381,
                              "rowCount" : 0,
                              "predicateHasOrigin" : false,
                              "locations" : {
                                "lineNumbers" : "A",
                                "columnNumbers" : "A"
                              }
                            }
                          ]
                        },
                        "threatModels" : {
                          "H:\\Desktop\\Codeql\\codeql-custom-queries-python" : {
                            "extensions" : [
                              {
                                "data" : [ ],
                                "addsTo" : {
                                  "extensible" : "threatModelConfiguration",
                                  "packName" : "codeql/threat-models"
                                }
                              }
                            ]
                          }
                        },
                        "extensionPacks" : [ ]
                      }
[2024-11-29 13:52:34] Plumbing command codeql resolve extensions completed:
                      {
                        "models" : [ ],
                        "data" : {
                          "H:\\Desktop\\Codeql\\codeql-custom-queries-python" : [
                            {
                              "predicate" : "threatModelConfiguration",
                              "file" : "C:\\Users\\CYTech Student\\.codeql\\packages\\codeql\\python-all\\2.1.2\\ext\\default-threat-models-fixup.model.yml",
                              "index" : 0,
                              "firstRowId" : 0,
                              "rowCount" : 1,
                              "predicateHasOrigin" : false,
                              "locations" : {
                                "lineNumbers" : "A=8",
                                "columnNumbers" : "A=9"
                              }
                            },
                            {
                              "predicate" : "sinkModel",
                              "file" : "C:\\Users\\CYTech Student\\.codeql\\packages\\codeql\\python-all\\2.1.2\\semmle\\python\\frameworks\\Asyncpg.model.yml",
                              "index" : 0,
                              "firstRowId" : 1,
                              "rowCount" : 5,
                              "predicateHasOrigin" : true,
                              "locations" : {
                                "lineNumbers" : "A=7+1+2+1+2",
                                "columnNumbers" : "A=9*5"
                              }
                            },
                            {
                              "predicate" : "typeModel",
                              "file" : "C:\\Users\\CYTech Student\\.codeql\\packages\\codeql\\python-all\\2.1.2\\semmle\\python\\frameworks\\Asyncpg.model.yml",
                              "index" : 1,
                              "firstRowId" : 6,
                              "rowCount" : 6,
                              "predicateHasOrigin" : false,
                              "locations" : {
                                "lineNumbers" : "A=20+4+1*2+2+1",
                                "columnNumbers" : "A=9*6"
                              }
                            },
                            {
                              "predicate" : "sourceModel",
                              "file" : "C:\\Users\\CYTech Student\\.codeql\\packages\\codeql\\python-all\\2.1.2\\semmle\\python\\frameworks\\Stdlib.model.yml",
                              "index" : 0,
                              "firstRowId" : 12,
                              "rowCount" : 12,
                              "predicateHasOrigin" : true,
                              "locations" : {
                                "lineNumbers" : "A=6+1*4+2+1+2+1*2+4+2",
                                "columnNumbers" : "A=9*12"
                              }
                            },
                            {
                              "predicate" : "sinkModel",
                              "file" : "C:\\Users\\CYTech Student\\.codeql\\packages\\codeql\\python-all\\2.1.2\\semmle\\python\\frameworks\\Stdlib.model.yml",
                              "index" : 1,
                              "firstRowId" : 24,
                              "rowCount" : 1,
                              "predicateHasOrigin" : true,
                              "locations" : {
                                "lineNumbers" : "A=29",
                                "columnNumbers" : "A=9"
                              }
                            },
                            {
                              "predicate" : "summaryModel",
                              "file" : "C:\\Users\\CYTech Student\\.codeql\\packages\\codeql\\python-all\\2.1.2\\semmle\\python\\frameworks\\Stdlib.model.yml",
                              "index" : 2,
                              "firstRowId" : 25,
                              "rowCount" : 66,
                              "predicateHasOrigin" : true,
                              "locations" : {
                                "lineNumbers" : "A=37+1+2+4+2*2+4+2*3+1+2+1+2+1+2+4+2+4+2*2+3+2*2+3+1+2*4+4+1+4+1+4+1*5+2*4+4+1+2*11+3+2+3+4+1+2*2+1+2",
                                "columnNumbers" : "A=9*66"
                              }
                            },
                            {
                              "predicate" : "neutralModel",
                              "file" : "C:\\Users\\CYTech Student\\.codeql\\packages\\codeql\\python-all\\2.1.2\\semmle\\python\\frameworks\\Stdlib.model.yml",
                              "index" : 3,
                              "firstRowId" : 91,
                              "rowCount" : 0,
                              "predicateHasOrigin" : false,
                              "locations" : {
                                "lineNumbers" : "A",
                                "columnNumbers" : "A"
                              }
                            },
                            {
                              "predicate" : "typeModel",
                              "file" : "C:\\Users\\CYTech Student\\.codeql\\packages\\codeql\\python-all\\2.1.2\\semmle\\python\\frameworks\\Stdlib.model.yml",
                              "index" : 4,
                              "firstRowId" : 91,
                              "rowCount" : 0,
                              "predicateHasOrigin" : false,
                              "locations" : {
                                "lineNumbers" : "A",
                                "columnNumbers" : "A"
                              }
                            },
                            {
                              "predicate" : "typeVariableModel",
                              "file" : "C:\\Users\\CYTech Student\\.codeql\\packages\\codeql\\python-all\\2.1.2\\semmle\\python\\frameworks\\Stdlib.model.yml",
                              "index" : 5,
                              "firstRowId" : 91,
                              "rowCount" : 0,
                              "predicateHasOrigin" : false,
                              "locations" : {
                                "lineNumbers" : "A",
                                "columnNumbers" : "A"
                              }
                            },
                            {
                              "predicate" : "sourceModel",
                              "file" : "C:\\Users\\CYTech Student\\.codeql\\packages\\codeql\\python-all\\2.1.2\\semmle\\python\\frameworks\\data\\internal\\empty.model.yml",
                              "index" : 0,
                              "firstRowId" : 91,
                              "rowCount" : 0,
                              "predicateHasOrigin" : true,
                              "locations" : {
                                "lineNumbers" : "A",
                                "columnNumbers" : "A"
                              }
                            },
                            {
                              "predicate" : "sinkModel",
                              "file" : "C:\\Users\\CYTech Student\\.codeql\\packages\\codeql\\python-all\\2.1.2\\semmle\\python\\frameworks\\data\\internal\\empty.model.yml",
                              "index" : 1,
                              "firstRowId" : 91,
                              "rowCount" : 0,
                              "predicateHasOrigin" : true,
                              "locations" : {
                                "lineNumbers" : "A",
                                "columnNumbers" : "A"
                              }
                            },
                            {
                              "predicate" : "summaryModel",
                              "file" : "C:\\Users\\CYTech Student\\.codeql\\packages\\codeql\\python-all\\2.1.2\\semmle\\python\\frameworks\\data\\internal\\empty.model.yml",
                              "index" : 2,
                              "firstRowId" : 91,
                              "rowCount" : 0,
                              "predicateHasOrigin" : true,
                              "locations" : {
                                "lineNumbers" : "A",
                                "columnNumbers" : "A"
                              }
                            },
                            {
                              "predicate" : "neutralModel",
                              "file" : "C:\\Users\\CYTech Student\\.codeql\\packages\\codeql\\python-all\\2.1.2\\semmle\\python\\frameworks\\data\\internal\\empty.model.yml",
                              "index" : 3,
                              "firstRowId" : 91,
                              "rowCount" : 0,
                              "predicateHasOrigin" : false,
                              "locations" : {
                                "lineNumbers" : "A",
                                "columnNumbers" : "A"
                              }
                            },
                            {
                              "predicate" : "typeModel",
                              "file" : "C:\\Users\\CYTech Student\\.codeql\\packages\\codeql\\python-all\\2.1.2\\semmle\\python\\frameworks\\data\\internal\\empty.model.yml",
                              "index" : 4,
                              "firstRowId" : 91,
                              "rowCount" : 0,
                              "predicateHasOrigin" : false,
                              "locations" : {
                                "lineNumbers" : "A",
                                "columnNumbers" : "A"
                              }
                            },
                            {
                              "predicate" : "typeVariableModel",
                              "file" : "C:\\Users\\CYTech Student\\.codeql\\packages\\codeql\\python-all\\2.1.2\\semmle\\python\\frameworks\\data\\internal\\empty.model.yml",
                              "index" : 5,
                              "firstRowId" : 91,
                              "rowCount" : 0,
                              "predicateHasOrigin" : false,
                              "locations" : {
                                "lineNumbers" : "A",
                                "columnNumbers" : "A"
                              }
                            },
                            {
                              "predicate" : "typeModel",
                              "file" : "C:\\Users\\CYTech Student\\.codeql\\packages\\codeql\\python-all\\2.1.2\\semmle\\python\\frameworks\\data\\internal\\subclass-capture\\ALL.model.yml",
                              "index" : 0,
                              "firstRowId" : 91,
                              "rowCount" : 58275,
                              "predicateHasOrigin" : false,
                              "locations" : {
                                "lineNumbers" : "A=7+3*58274",
                                "columnNumbers" : "A=5*58275"
                              }
                            },
                            {
                              "predicate" : "threatModelConfiguration",
                              "file" : "C:\\Users\\CYTech Student\\.codeql\\packages\\codeql\\threat-models\\1.0.11\\ext\\supported-threat-models.model.yml",
                              "index" : 0,
                              "firstRowId" : 58366,
                              "rowCount" : 1,
                              "predicateHasOrigin" : false,
                              "locations" : {
                                "lineNumbers" : "A=6",
                                "columnNumbers" : "A=9"
                              }
                            },
                            {
                              "predicate" : "threatModelGrouping",
                              "file" : "C:\\Users\\CYTech Student\\.codeql\\packages\\codeql\\threat-models\\1.0.11\\ext\\threat-model-grouping.model.yml",
                              "index" : 0,
                              "firstRowId" : 58367,
                              "rowCount" : 14,
                              "predicateHasOrigin" : false,
                              "locations" : {
                                "lineNumbers" : "A=8+3+1+3+1*5+3+1+5+1*2",
                                "columnNumbers" : "A=9*14"
                              }
                            },
                            {
                              "predicate" : "restrictAlertsTo",
                              "file" : "C:\\Users\\CYTech Student\\.codeql\\packages\\codeql\\util\\1.0.11\\ext\\default-alert-filter.yml",
                              "index" : 0,
                              "firstRowId" : 58381,
                              "rowCount" : 0,
                              "predicateHasOrigin" : false,
                              "locations" : {
                                "lineNumbers" : "A",
                                "columnNumbers" : "A"
                              }
                            }
                          ]
                        },
                        "threatModels" : {
                          "H:\\Desktop\\Codeql\\codeql-custom-queries-python" : {
                            "extensions" : [
                              {
                                "data" : [ ],
                                "addsTo" : {
                                  "extensible" : "threatModelConfiguration",
                                  "packName" : "codeql/threat-models"
                                }
                              }
                            ]
                          }
                        },
                        "extensionPacks" : [ ]
                      }
[2024-11-29 13:52:35] Calling plumbing command: codeql resolve library-path --qlconfig-file=H:\Desktop\Codeql\qlconfig.yml --query=H:\Desktop\Codeql\codeql-custom-queries-python\example.ql --format=json
[2024-11-29 13:52:35] [DETAILS] resolve library-path> Resolving query at normalized path H:\Desktop\Codeql\codeql-custom-queries-python\example.ql.
[2024-11-29 13:52:35] [DETAILS] resolve library-path> Found enclosing pack 'getting-started/codeql-extra-queries-python' at H:\Desktop\Codeql\codeql-custom-queries-python.
[2024-11-29 13:52:35] [DETAILS] resolve library-path> Adding compilation cache at C:\Users\CYTech Student\.codeql\compile-cache.
[2024-11-29 13:52:35] [DETAILS] resolve library-path> Resolving library dependencies from H:\Desktop\Codeql\codeql-custom-queries-python\codeql-pack.yml.
[2024-11-29 13:52:35] [SPAMMY] resolve library-path> [INCOMPATIBILITY] getting-started/codeql-extra-queries-python: not 1.0.0 {root: getting-started/codeql-extra-queries-python@1.0.0}
[2024-11-29 13:52:35] [SPAMMY] resolve library-path> [DERIVATION] getting-started/codeql-extra-queries-python: 1.0.0 {getting-started/codeql-extra-queries-python: not 1.0.0 {root: getting-started/codeql-extra-queries-python@1.0.0}}
[2024-11-29 13:52:35] [SPAMMY] resolve library-path> [INCOMPATIBILITY] getting-started/codeql-extra-queries-python: * [*], codeql/python-all: not * [*] {dependency: getting-started/codeql-extra-queries-python@* [*] requires codeql/python-all@^2.1.2}
[2024-11-29 13:52:35] [SPAMMY] resolve library-path> [DECISION 1] getting-started/codeql-extra-queries-python: 1.0.0
[2024-11-29 13:52:35] [SPAMMY] resolve library-path> [DERIVATION] codeql/python-all: * [*] {getting-started/codeql-extra-queries-python: * [*], codeql/python-all: not * [*] {dependency: getting-started/codeql-extra-queries-python@* [*] requires codeql/python-all@^2.1.2}}
[2024-11-29 13:52:35] [SPAMMY] resolve library-path> [INCOMPATIBILITY] codeql/python-all: * [*], codeql/dataflow: not * [*] {dependency: codeql/python-all@* [*] requires codeql/dataflow@1.1.5}
[2024-11-29 13:52:35] [SPAMMY] resolve library-path> [INCOMPATIBILITY] codeql/python-all: * [*], codeql/mad: not * [*] {dependency: codeql/python-all@* [*] requires codeql/mad@1.0.11}
[2024-11-29 13:52:35] [SPAMMY] resolve library-path> [INCOMPATIBILITY] codeql/python-all: * [*], codeql/regex: not * [*] {dependency: codeql/python-all@* [*] requires codeql/regex@1.0.11}
[2024-11-29 13:52:35] [SPAMMY] resolve library-path> [INCOMPATIBILITY] codeql/python-all: * [*], codeql/threat-models: not * [*] {dependency: codeql/python-all@* [*] requires codeql/threat-models@1.0.11}
[2024-11-29 13:52:35] [SPAMMY] resolve library-path> [INCOMPATIBILITY] codeql/python-all: * [*], codeql/tutorial: not * [*] {dependency: codeql/python-all@* [*] requires codeql/tutorial@1.0.11}
[2024-11-29 13:52:35] [SPAMMY] resolve library-path> [INCOMPATIBILITY] codeql/python-all: * [*], codeql/util: not * [*] {dependency: codeql/python-all@* [*] requires codeql/util@1.0.11}
[2024-11-29 13:52:35] [SPAMMY] resolve library-path> [INCOMPATIBILITY] codeql/python-all: * [*], codeql/xml: not * [*] {dependency: codeql/python-all@* [*] requires codeql/xml@1.0.11}
[2024-11-29 13:52:35] [SPAMMY] resolve library-path> [INCOMPATIBILITY] codeql/python-all: * [*], codeql/yaml: not * [*] {dependency: codeql/python-all@* [*] requires codeql/yaml@1.0.11}
[2024-11-29 13:52:35] [SPAMMY] resolve library-path> [DECISION 2] codeql/python-all: 2.1.2
[2024-11-29 13:52:35] [SPAMMY] resolve library-path> [DERIVATION] codeql/yaml: * [*] {codeql/python-all: * [*], codeql/yaml: not * [*] {dependency: codeql/python-all@* [*] requires codeql/yaml@1.0.11}}
[2024-11-29 13:52:35] [SPAMMY] resolve library-path> [DERIVATION] codeql/xml: * [*] {codeql/python-all: * [*], codeql/xml: not * [*] {dependency: codeql/python-all@* [*] requires codeql/xml@1.0.11}}
[2024-11-29 13:52:35] [SPAMMY] resolve library-path> [DERIVATION] codeql/util: * [*] {codeql/python-all: * [*], codeql/util: not * [*] {dependency: codeql/python-all@* [*] requires codeql/util@1.0.11}}
[2024-11-29 13:52:35] [SPAMMY] resolve library-path> [DERIVATION] codeql/tutorial: * [*] {codeql/python-all: * [*], codeql/tutorial: not * [*] {dependency: codeql/python-all@* [*] requires codeql/tutorial@1.0.11}}
[2024-11-29 13:52:35] [SPAMMY] resolve library-path> [DERIVATION] codeql/threat-models: * [*] {codeql/python-all: * [*], codeql/threat-models: not * [*] {dependency: codeql/python-all@* [*] requires codeql/threat-models@1.0.11}}
[2024-11-29 13:52:35] [SPAMMY] resolve library-path> [DERIVATION] codeql/regex: * [*] {codeql/python-all: * [*], codeql/regex: not * [*] {dependency: codeql/python-all@* [*] requires codeql/regex@1.0.11}}
[2024-11-29 13:52:35] [SPAMMY] resolve library-path> [DERIVATION] codeql/mad: * [*] {codeql/python-all: * [*], codeql/mad: not * [*] {dependency: codeql/python-all@* [*] requires codeql/mad@1.0.11}}
[2024-11-29 13:52:35] [SPAMMY] resolve library-path> [DERIVATION] codeql/dataflow: * [*] {codeql/python-all: * [*], codeql/dataflow: not * [*] {dependency: codeql/python-all@* [*] requires codeql/dataflow@1.1.5}}
[2024-11-29 13:52:35] [SPAMMY] resolve library-path> [INCOMPATIBILITY] codeql/dataflow: * [*], codeql/ssa: not * [*] {dependency: codeql/dataflow@* [*] requires codeql/ssa@1.0.11}
[2024-11-29 13:52:35] [SPAMMY] resolve library-path> [INCOMPATIBILITY] codeql/dataflow: * [*], codeql/typetracking: not * [*] {dependency: codeql/dataflow@* [*] requires codeql/typetracking@1.0.11}
[2024-11-29 13:52:35] [SPAMMY] resolve library-path> [INCOMPATIBILITY] codeql/dataflow: * [*], codeql/util: not * [*] {dependency: codeql/dataflow@* [*] requires codeql/util@1.0.11}
[2024-11-29 13:52:35] [SPAMMY] resolve library-path> [DECISION 3] codeql/dataflow: 1.1.5
[2024-11-29 13:52:35] [SPAMMY] resolve library-path> [DERIVATION] codeql/typetracking: * [*] {codeql/dataflow: * [*], codeql/typetracking: not * [*] {dependency: codeql/dataflow@* [*] requires codeql/typetracking@1.0.11}}
[2024-11-29 13:52:35] [SPAMMY] resolve library-path> [DERIVATION] codeql/ssa: * [*] {codeql/dataflow: * [*], codeql/ssa: not * [*] {dependency: codeql/dataflow@* [*] requires codeql/ssa@1.0.11}}
[2024-11-29 13:52:35] [SPAMMY] resolve library-path> [INCOMPATIBILITY] codeql/mad: * [*], codeql/dataflow: not * [*] {dependency: codeql/mad@* [*] requires codeql/dataflow@1.1.5}
[2024-11-29 13:52:35] [SPAMMY] resolve library-path> [INCOMPATIBILITY] codeql/mad: * [*], codeql/util: not * [*] {dependency: codeql/mad@* [*] requires codeql/util@1.0.11}
[2024-11-29 13:52:35] [SPAMMY] resolve library-path> [DECISION 4] codeql/mad: 1.0.11
[2024-11-29 13:52:35] [SPAMMY] resolve library-path> [INCOMPATIBILITY] codeql/regex: * [*], codeql/util: not * [*] {dependency: codeql/regex@* [*] requires codeql/util@1.0.11}
[2024-11-29 13:52:35] [SPAMMY] resolve library-path> [DECISION 5] codeql/regex: 1.0.11
[2024-11-29 13:52:35] [SPAMMY] resolve library-path> [INCOMPATIBILITY] codeql/ssa: * [*], codeql/util: not * [*] {dependency: codeql/ssa@* [*] requires codeql/util@1.0.11}
[2024-11-29 13:52:35] [SPAMMY] resolve library-path> [DECISION 6] codeql/ssa: 1.0.11
[2024-11-29 13:52:35] [SPAMMY] resolve library-path> [DECISION 7] codeql/threat-models: 1.0.11
[2024-11-29 13:52:35] [SPAMMY] resolve library-path> [DECISION 8] codeql/tutorial: 1.0.11
[2024-11-29 13:52:35] [SPAMMY] resolve library-path> [INCOMPATIBILITY] codeql/typetracking: * [*], codeql/util: not * [*] {dependency: codeql/typetracking@* [*] requires codeql/util@1.0.11}
[2024-11-29 13:52:35] [SPAMMY] resolve library-path> [DECISION 9] codeql/typetracking: 1.0.11
[2024-11-29 13:52:35] [SPAMMY] resolve library-path> [DECISION 10] codeql/util: 1.0.11
[2024-11-29 13:52:35] [SPAMMY] resolve library-path> [INCOMPATIBILITY] codeql/xml: * [*], codeql/util: not * [*] {dependency: codeql/xml@* [*] requires codeql/util@1.0.11}
[2024-11-29 13:52:35] [SPAMMY] resolve library-path> [DECISION 11] codeql/xml: 1.0.11
[2024-11-29 13:52:35] [SPAMMY] resolve library-path> [DECISION 12] codeql/yaml: 1.0.11
[2024-11-29 13:52:35] [DETAILS] resolve library-path> QL pack dependencies for H:\Desktop\Codeql\codeql-custom-queries-python resolved OK.
[2024-11-29 13:52:35] [DETAILS] resolve library-path> Found dbscheme through QL packs: C:\Users\CYTech Student\.codeql\packages\codeql\python-all\2.1.2\semmlecode.python.dbscheme.
[2024-11-29 13:52:35] Plumbing command codeql resolve library-path completed:
                      {
                        "libraryPath" : [
                          "H:\\Desktop\\Codeql\\codeql-custom-queries-python",
                          "C:\\Users\\CYTech Student\\.codeql\\packages\\codeql\\python-all\\2.1.2",
                          "C:\\Users\\CYTech Student\\.codeql\\packages\\codeql\\dataflow\\1.1.5",
                          "C:\\Users\\CYTech Student\\.codeql\\packages\\codeql\\mad\\1.0.11",
                          "C:\\Users\\CYTech Student\\.codeql\\packages\\codeql\\regex\\1.0.11",
                          "C:\\Users\\CYTech Student\\.codeql\\packages\\codeql\\ssa\\1.0.11",
                          "C:\\Users\\CYTech Student\\.codeql\\packages\\codeql\\threat-models\\1.0.11",
                          "C:\\Users\\CYTech Student\\.codeql\\packages\\codeql\\tutorial\\1.0.11",
                          "C:\\Users\\CYTech Student\\.codeql\\packages\\codeql\\typetracking\\1.0.11",
                          "C:\\Users\\CYTech Student\\.codeql\\packages\\codeql\\util\\1.0.11",
                          "C:\\Users\\CYTech Student\\.codeql\\packages\\codeql\\xml\\1.0.11",
                          "C:\\Users\\CYTech Student\\.codeql\\packages\\codeql\\yaml\\1.0.11"
                        ],
                        "dbscheme" : "C:\\Users\\CYTech Student\\.codeql\\packages\\codeql\\python-all\\2.1.2\\semmlecode.python.dbscheme",
                        "compilationCache" : [
                          "C:\\Users\\CYTech Student\\.codeql\\compile-cache"
                        ],
                        "relativeName" : "getting-started\\codeql-extra-queries-python\\example.ql",
                        "qlPackName" : "getting-started/codeql-extra-queries-python"
                      }
[2024-11-29 13:52:35] [PROGRESS] execute queries> Compiling query plan for H:\Desktop\Codeql\codeql-custom-queries-python\example.ql.
[2024-11-29 13:52:35] [DETAILS] execute queries> Resolving imports for H:\Desktop\Codeql\codeql-custom-queries-python\example.ql.
[2024-11-29 13:52:39] Resolved file set for H:\Desktop\Codeql\codeql-custom-queries-python\example.ql hashes to 4e1927459bcf78b1a6ce1293b5dac1bdf0255453.
[2024-11-29 13:52:39] [DETAILS] execute queries> Checking QL for H:\Desktop\Codeql\codeql-custom-queries-python\example.ql.
[2024-11-29 13:52:39] Stale frontend caches are invalidated based on import graph reachability.
[2024-11-29 13:52:39] ExternalModuleBindingPass ...
[2024-11-29 13:52:40] ExternalModuleBindingPass time: 00:00.804
[2024-11-29 13:52:40] CollectInstantiationsPass ...
[2024-11-29 13:52:40] CollectInstantiationsPass time: 00:00.295
[2024-11-29 13:52:40] Ql checks ...
[2024-11-29 13:52:44] Ql checks time: 00:03.251
[2024-11-29 13:52:51] Compilation pipeline
[2024-11-29 13:52:51] Type Inference ...
[2024-11-29 13:52:51] CSV_TYPE_HIERARCHY: Best number of iterations,Maximum number of runs,Number of BDD variables,Size of BDD for typefacts
[2024-11-29 13:52:51] CSV_TYPE_HIERARCHY: 0,0,1,1
[2024-11-29 13:52:51] CSV_TYPE_HIERARCHY: 0,0,0,0
[2024-11-29 13:52:51] CSV_TYPE_HIERARCHY: 0,0,0,0
[2024-11-29 13:52:51] CSV_TYPE_HIERARCHY: 0,0,95,97
[2024-11-29 13:52:51] CSV_TYPE_HIERARCHY: 0,0,4,4
[2024-11-29 13:52:51] CSV_TYPE_HIERARCHY: 0,0,0,0
[2024-11-29 13:52:51] CSV_TYPE_HIERARCHY: 0,0,325,389
[2024-11-29 13:52:51] CSV_TYPE_HIERARCHY: 0,0,0,0
[2024-11-29 13:52:51] CSV_TYPE_HIERARCHY: 0,0,24,24
[2024-11-29 13:52:51] CSV_TYPE_HIERARCHY: 0,0,48,72
[2024-11-29 13:52:51] CSV_TYPE_HIERARCHY: 0,0,5,5
[2024-11-29 13:52:51] CSV_TYPE_HIERARCHY: 0,0,2,2
[2024-11-29 13:52:51] CSV_TYPE_HIERARCHY: 0,0,2,2
[2024-11-29 13:52:51] CSV_TYPE_HIERARCHY: 0,0,7,7
[2024-11-29 13:52:51] CSV_TYPE_HIERARCHY: 0,0,541,15421
[2024-11-29 13:52:51] CSV_TYPE_HIERARCHY: 0,0,2,2
[2024-11-29 13:52:51] CSV_TYPE_HIERARCHY: 0,0,2,2
[2024-11-29 13:52:51] CSV_TYPE_HIERARCHY: 0,0,12,13
[2024-11-29 13:52:51] CSV_TYPE_HIERARCHY: 0,0,2,2
[2024-11-29 13:52:51] CSV_TYPE_HIERARCHY: 0,0,4,4
[2024-11-29 13:52:51] CSV_TYPE_HIERARCHY: 0,0,2,2
[2024-11-29 13:52:51] CSV_TYPE_HIERARCHY: 0,0,2,2
[2024-11-29 13:52:51] CSV_TYPE_HIERARCHY: 0,0,7,7
[2024-11-29 13:52:51] CSV_TYPE_HIERARCHY: 0,0,6,6
[2024-11-29 13:52:51] CSV_TYPE_HIERARCHY: 0,0,9,9
[2024-11-29 13:52:51] CSV_TYPE_HIERARCHY: 0,0,1,1
[2024-11-29 13:52:51] CSV_TYPE_HIERARCHY: 0,0,10,11
[2024-11-29 13:52:51] CSV_TYPE_HIERARCHY: 0,0,10,10
[2024-11-29 13:52:51] CSV_TYPE_HIERARCHY: 0,0,7,8
[2024-11-29 13:52:51] CSV_TYPE_HIERARCHY: 0,0,2,2
[2024-11-29 13:52:51] CSV_TYPE_HIERARCHY: 0,0,2,2
[2024-11-29 13:52:51] CSV_TYPE_HIERARCHY: 0,0,1,1
[2024-11-29 13:52:51] CSV_TYPE_HIERARCHY: 0,0,3,3
[2024-11-29 13:52:51] CSV_TYPE_HIERARCHY: 0,0,1,1
[2024-11-29 13:52:51] CSV_TYPE_HIERARCHY: 0,0,9,9
[2024-11-29 13:52:51] CSV_TYPE_HIERARCHY: 0,0,8,10
[2024-11-29 13:52:51] CSV_TYPE_HIERARCHY: 0,0,2,2
[2024-11-29 13:52:51] CSV_TYPE_HIERARCHY: 0,0,44,54
[2024-11-29 13:52:51] CSV_TYPE_HIERARCHY: 0,0,17,17
[2024-11-29 13:52:51] CSV_TYPE_HIERARCHY: 0,0,4,4
[2024-11-29 13:52:51] CSV_TYPE_HIERARCHY: 0,0,2,2
[2024-11-29 13:52:51] CSV_TYPE_HIERARCHY: 0,0,9,9
[2024-11-29 13:52:51] CSV_TYPE_HIERARCHY: 0,0,2,2
[2024-11-29 13:52:51] CSV_TYPE_HIERARCHY: 0,0,2,2
[2024-11-29 13:52:51] CSV_TYPE_HIERARCHY: 0,0,1,1
[2024-11-29 13:52:51] CSV_TYPE_HIERARCHY: 0,0,1,1
[2024-11-29 13:52:51] CSV_TYPE_HIERARCHY: 0,0,3,3
[2024-11-29 13:52:51] CSV_TYPE_HIERARCHY: 0,0,2,2
[2024-11-29 13:52:51] CSV_TYPE_HIERARCHY: 0,0,3,3
[2024-11-29 13:52:51] CSV_TYPE_HIERARCHY: 0,0,2,2
[2024-11-29 13:52:51] CSV_TYPE_HIERARCHY: 0,0,2,2
[2024-11-29 13:52:51] CSV_TYPE_HIERARCHY: 0,0,3,3
[2024-11-29 13:52:51] CSV_TYPE_HIERARCHY: 0,0,2,2
[2024-11-29 13:52:51] CSV_TYPE_HIERARCHY: 0,0,1,1
[2024-11-29 13:52:51] CSV_TYPE_HIERARCHY: 0,0,3,3
[2024-11-29 13:52:51] CSV_TYPE_HIERARCHY: 0,0,1,1
[2024-11-29 13:52:51] CSV_TYPE_HIERARCHY: 0,0,4,4
[2024-11-29 13:52:51] CSV_TYPE_HIERARCHY: 0,0,2,2
[2024-11-29 13:52:51] CSV_TYPE_HIERARCHY: 0,0,2,2
[2024-11-29 13:52:51] CSV_TYPE_HIERARCHY: 0,0,2,2
[2024-11-29 13:52:51] CSV_TYPE_HIERARCHY: 0,0,1,1
[2024-11-29 13:52:51] CSV_TYPE_HIERARCHY: 0,0,1,1
[2024-11-29 13:52:51] CSV_TYPE_HIERARCHY: 0,0,2,2
[2024-11-29 13:52:51] CSV_TYPE_HIERARCHY: 0,0,2,2
[2024-11-29 13:52:51] CSV_TYPE_HIERARCHY: 0,0,2,2
[2024-11-29 13:52:51] CSV_TYPE_HIERARCHY: 0,0,9,9
[2024-11-29 13:52:51] CSV_TYPE_HIERARCHY: 0,0,6,7
[2024-11-29 13:52:51] CSV_TYPE_HIERARCHY: 0,0,41,52
[2024-11-29 13:52:51] CSV_TYPE_HIERARCHY: 0,0,7,8
[2024-11-29 13:52:51] CSV_TYPE_HIERARCHY: 0,0,1,1
[2024-11-29 13:52:51] CSV_TYPE_HIERARCHY: 0,0,1,1
[2024-11-29 13:52:51] CSV_TYPE_HIERARCHY: 0,0,2,2
[2024-11-29 13:52:51] CSV_TYPE_HIERARCHY: 0,0,2,2
[2024-11-29 13:52:51] CSV_TYPE_HIERARCHY: 0,0,2,2
[2024-11-29 13:52:51] CSV_TYPE_HIERARCHY: 0,0,2,2
[2024-11-29 13:52:51] CSV_TYPE_HIERARCHY: 0,0,2,2
[2024-11-29 13:52:51] CSV_TYPE_HIERARCHY: 0,0,2,2
[2024-11-29 13:52:51] CSV_TYPE_HIERARCHY: 0,0,2,2
[2024-11-29 13:52:51] CSV_TYPE_HIERARCHY: 0,0,3,3
[2024-11-29 13:52:51] CSV_TYPE_HIERARCHY: 0,0,3,3
[2024-11-29 13:52:51] CSV_TYPE_HIERARCHY: 0,0,1,1
[2024-11-29 13:52:51] CSV_TYPE_HIERARCHY: 0,0,1,1
[2024-11-29 13:52:51] CSV_TYPE_HIERARCHY: 0,0,4,4
[2024-11-29 13:52:51] CSV_TYPE_HIERARCHY: 0,0,1,1
[2024-11-29 13:52:51] CSV_TYPE_HIERARCHY: 0,0,1,1
[2024-11-29 13:52:51] CSV_TYPE_HIERARCHY: 0,0,4,4
[2024-11-29 13:52:51] CSV_TYPE_HIERARCHY: 0,0,1,1
[2024-11-29 13:52:51] CSV_TYPE_HIERARCHY: 0,0,1,1
[2024-11-29 13:52:51] CSV_TYPE_HIERARCHY: 0,0,4,4
[2024-11-29 13:52:51] CSV_TYPE_HIERARCHY: 0,0,7,9
[2024-11-29 13:52:51] CSV_TYPE_HIERARCHY: 0,0,2,2
[2024-11-29 13:52:51] CSV_TYPE_HIERARCHY: 0,0,7,7
[2024-11-29 13:52:51] CSV_TYPE_HIERARCHY: 0,0,3,3
[2024-11-29 13:52:51] CSV_TYPE_HIERARCHY: 0,0,3,3
[2024-11-29 13:52:51] CSV_TYPE_HIERARCHY: 0,0,3,3
[2024-11-29 13:52:51] CSV_TYPE_HIERARCHY: 0,0,3,3
[2024-11-29 13:52:51] CSV_TYPE_HIERARCHY: 0,0,3,3
[2024-11-29 13:52:51] CSV_TYPE_HIERARCHY: 0,0,7,7
[2024-11-29 13:52:51] CSV_TYPE_HIERARCHY: 0,0,7,7
[2024-11-29 13:52:51] CSV_TYPE_HIERARCHY: 0,0,7,7
[2024-11-29 13:52:51] CSV_TYPE_HIERARCHY: 0,0,7,7
[2024-11-29 13:52:53] Type Inference time: 00:02.031
[2024-11-29 13:52:53] [DETAILS] execute queries> Optimizing H:\Desktop\Codeql\codeql-custom-queries-python\example.ql.
[2024-11-29 13:52:53] Processing compilation pipeline
[2024-11-29 13:52:53] Started compiling a query
[2024-11-29 13:52:53] Initialising compiler...
[2024-11-29 13:52:53] 	 ... compiler initialised
[2024-11-29 13:52:53] About to start query optimisation
[2024-11-29 13:52:54] Compilation cache miss for 624fedf4b8042d8c716c48fc6f8cd010a4e56f86.
[2024-11-29 13:52:54] Stored compiled program for 624fedf4b8042d8c716c48fc6f8cd010a4e56f86.
[2024-11-29 13:52:54] CSV_COMPILATION: NONE,MISC,RA_TRANSLATION,OPTIMISATIONS
[2024-11-29 13:52:54] CSV_COMPILATION: 89,35,130,220
[2024-11-29 13:52:54] [SPAMMY] execute queries> No database upgrade/downgrade needed for H:\Desktop\Codeql\codeql-custom-queries-python\example.ql
[2024-11-29 13:52:54] [PROGRESS] execute queries> [1/1 comp 19.4s] Compiled H:\Desktop\Codeql\codeql-custom-queries-python\example.ql.
[2024-11-29 13:52:54] [PROGRESS] execute queries> Starting evaluation of getting-started\codeql-extra-queries-python\example.ql.
[2024-11-29 13:52:54] Starting evaluation of H:\Desktop\Codeql\codeql-custom-queries-python\example.ql
[2024-11-29 13:52:54] (0s) Start query execution
[2024-11-29 13:52:54] (0s) Beginning execution of H:\Desktop\Codeql\codeql-custom-queries-python\example.ql
[2024-11-29 13:52:54] (0s)  >>> Created relation files/2@1ebcd3es with 2 rows and digest 12691211bspmq03r9gctcojlkf4.
[2024-11-29 13:52:54] (0s)  >>> Created relation folders/2@6d7e6b0i with 4 rows and digest b5b717aqcgp7qaik3j92iec0i44.
[2024-11-29 13:52:54] (0s) Starting to evaluate predicate Files::Impl::Container.getAbsolutePath/0#dispred#72663ca4/2@db2709ka
[2024-11-29 13:52:54] (0s)  >>> Created relation Files::Impl::Container.getAbsolutePath/0#dispred#72663ca4/2@db2709ka with 6 rows and digest 14f48d1ck4gonn3q4pv6658i8v1.
[2024-11-29 13:52:54] (0s) Starting to evaluate predicate Files::Impl::File.getURL/0#dispred#3648064d/2@e8f010l4
[2024-11-29 13:52:54] (0s)  >>> Created relation Files::Impl::File.getURL/0#dispred#3648064d/2@e8f010l4 with 2 rows and digest 50154b3e7l45mp35c7s54rru0vd.
[2024-11-29 13:52:54] (0s) Starting to evaluate predicate Files::Impl::File.getURL/0#dispred#3648064d_0#antijoin_rhs/1@3922ecsh
[2024-11-29 13:52:54] (0s)  >>> Created relation Files::Impl::File.getURL/0#dispred#3648064d_0#antijoin_rhs/1@3922ecsh with 2 rows and digest 706564otejr9uov03pr8c30fmfd.
[2024-11-29 13:52:54] (0s) Starting to evaluate predicate Files::Impl::Container.getAbsolutePath/0#dispred#72663ca4_0#antijoin_rhs/1@40c4eagi
[2024-11-29 13:52:54] (0s)  >>> Created relation Files::Impl::Container.getAbsolutePath/0#dispred#72663ca4_0#antijoin_rhs/1@40c4eagi with 6 rows and digest 3925e4r6l8pmijipun7t3lu7347.
[2024-11-29 13:52:54] (0s) Starting to evaluate predicate #select#query/4@500d33sq
[2024-11-29 13:52:54] (0s)  >>> Created relation #select#query/4@500d33sq with 2 rows and digest 0c0b66bo9p99klf9r1vh3ttu5hb.
[2024-11-29 13:52:54] (0s) Query done
[2024-11-29 13:52:54] (0s) Sequence stamp origin is -6111202652123818954
[2024-11-29 13:52:54] (0s) Pausing evaluation to sync to disk at sequence stamp o+0
[2024-11-29 13:52:54] (0s) Unpausing evaluation
[2024-11-29 13:52:54] Evaluation of H:\Desktop\Codeql\codeql-custom-queries-python\example.ql produced BQRS results.
[2024-11-29 13:52:54] [PROGRESS] execute queries> Evaluation completed (135ms).
[2024-11-29 13:52:54] Constructing in-process plumbing: codeql bqrs decode dummy.bqrs
[2024-11-29 13:52:54] [PROGRESS] execute queries> Shutting down query evaluator.
[2024-11-29 13:52:54] Pausing evaluation to close the cache at sequence stamp o+1
[2024-11-29 13:52:54] The disk cache is freshly trimmed; leave it be.
[2024-11-29 13:52:54] Unpausing evaluation
[2024-11-29 13:52:54] Exiting with code 0
