[2024-12-01 11:52:36] This is codeql execute queries -J-Xmx3264M --off-heap-ram=4062 --verbosity=progress --logdir=C:\Users\Saaru\Desktop\CodeQl\CodeQl\database\log --evaluator-log-level=5 --warnings=show --dynamic-join-order-mode=none --qlconfig-file=C:\Users\Saaru\Desktop\CodeQl\CodeQl\qlconfig.yml -- C:\Users\Saaru\Desktop\CodeQl\CodeQl\database\db-python path:C:\Users\Saaru\Desktop\CodeQl\CodeQl\codeql-custom-queries-python\example3.ql
[2024-12-01 11:52:36] Calling plumbing command: codeql resolve queries --qlconfig-file=C:\Users\Saaru\Desktop\CodeQl\CodeQl\qlconfig.yml --format=json -- path:C:\Users\Saaru\Desktop\CodeQl\CodeQl\codeql-custom-queries-python\example3.ql
[2024-12-01 11:52:36] [PROGRESS] resolve queries> Recording pack reference getting-started/codeql-extra-queries-python at C:\Users\Saaru\Desktop\CodeQl\CodeQl\codeql-custom-queries-python.
[2024-12-01 11:52:36] Plumbing command codeql resolve queries completed:
                      [
                        "C:\\Users\\Saaru\\Desktop\\CodeQl\\CodeQl\\codeql-custom-queries-python\\example3.ql"
                      ]
[2024-12-01 11:52:36] Refusing fancy output: The terminal is not an xterm: 
[2024-12-01 11:52:36] Creating executor with 1 threads.
[2024-12-01 11:52:37] Calling plumbing command: codeql resolve extensions --qlconfig-file=C:\Users\Saaru\Desktop\CodeQl\CodeQl\qlconfig.yml --include-extension-row-locations path:C:\Users\Saaru\Desktop\CodeQl\CodeQl\codeql-custom-queries-python\example3.ql
[2024-12-01 11:52:37] Calling plumbing command: codeql resolve queries --qlconfig-file=C:\Users\Saaru\Desktop\CodeQl\CodeQl\qlconfig.yml --allow-library-packs --format startingpacks -- path:C:\Users\Saaru\Desktop\CodeQl\CodeQl\codeql-custom-queries-python\example3.ql
[2024-12-01 11:52:37] [PROGRESS] resolve queries> Recording pack reference getting-started/codeql-extra-queries-python at C:\Users\Saaru\Desktop\CodeQl\CodeQl\codeql-custom-queries-python.
[2024-12-01 11:52:37] Plumbing command codeql resolve queries completed:
                      [
                        "C:\\Users\\Saaru\\Desktop\\CodeQl\\CodeQl\\codeql-custom-queries-python"
                      ]
[2024-12-01 11:52:37] Calling plumbing command: codeql resolve extensions-by-pack --qlconfig-file=C:\Users\Saaru\Desktop\CodeQl\CodeQl\qlconfig.yml --include-extension-row-locations -- C:\Users\Saaru\Desktop\CodeQl\CodeQl\codeql-custom-queries-python
[2024-12-01 11:52:37] [SPAMMY] resolve extensions-by-pack> [INCOMPATIBILITY] getting-started/codeql-extra-queries-python: not 1.0.0 {root: getting-started/codeql-extra-queries-python@1.0.0}
[2024-12-01 11:52:37] [SPAMMY] resolve extensions-by-pack> [DERIVATION] getting-started/codeql-extra-queries-python: 1.0.0 {getting-started/codeql-extra-queries-python: not 1.0.0 {root: getting-started/codeql-extra-queries-python@1.0.0}}
[2024-12-01 11:52:37] [SPAMMY] resolve extensions-by-pack> [INCOMPATIBILITY] getting-started/codeql-extra-queries-python: * [*], codeql/python-all: not * [*] {dependency: getting-started/codeql-extra-queries-python@* [*] requires codeql/python-all@2.1.2}
[2024-12-01 11:52:37] [SPAMMY] resolve extensions-by-pack> [DECISION 1] getting-started/codeql-extra-queries-python: 1.0.0
[2024-12-01 11:52:37] [SPAMMY] resolve extensions-by-pack> [DERIVATION] codeql/python-all: * [*] {getting-started/codeql-extra-queries-python: * [*], codeql/python-all: not * [*] {dependency: getting-started/codeql-extra-queries-python@* [*] requires codeql/python-all@2.1.2}}
[2024-12-01 11:52:37] [SPAMMY] resolve extensions-by-pack> [INCOMPATIBILITY] codeql/python-all: * [*], codeql/dataflow: not * [*] {dependency: codeql/python-all@* [*] requires codeql/dataflow@1.1.5}
[2024-12-01 11:52:37] [SPAMMY] resolve extensions-by-pack> [INCOMPATIBILITY] codeql/python-all: * [*], codeql/mad: not * [*] {dependency: codeql/python-all@* [*] requires codeql/mad@1.0.11}
[2024-12-01 11:52:37] [SPAMMY] resolve extensions-by-pack> [INCOMPATIBILITY] codeql/python-all: * [*], codeql/regex: not * [*] {dependency: codeql/python-all@* [*] requires codeql/regex@1.0.11}
[2024-12-01 11:52:37] [SPAMMY] resolve extensions-by-pack> [INCOMPATIBILITY] codeql/python-all: * [*], codeql/threat-models: not * [*] {dependency: codeql/python-all@* [*] requires codeql/threat-models@1.0.11}
[2024-12-01 11:52:37] [SPAMMY] resolve extensions-by-pack> [INCOMPATIBILITY] codeql/python-all: * [*], codeql/tutorial: not * [*] {dependency: codeql/python-all@* [*] requires codeql/tutorial@1.0.11}
[2024-12-01 11:52:37] [SPAMMY] resolve extensions-by-pack> [INCOMPATIBILITY] codeql/python-all: * [*], codeql/util: not * [*] {dependency: codeql/python-all@* [*] requires codeql/util@1.0.11}
[2024-12-01 11:52:37] [SPAMMY] resolve extensions-by-pack> [INCOMPATIBILITY] codeql/python-all: * [*], codeql/xml: not * [*] {dependency: codeql/python-all@* [*] requires codeql/xml@1.0.11}
[2024-12-01 11:52:37] [SPAMMY] resolve extensions-by-pack> [INCOMPATIBILITY] codeql/python-all: * [*], codeql/yaml: not * [*] {dependency: codeql/python-all@* [*] requires codeql/yaml@1.0.11}
[2024-12-01 11:52:37] [SPAMMY] resolve extensions-by-pack> [DECISION 2] codeql/python-all: 2.1.2
[2024-12-01 11:52:37] [SPAMMY] resolve extensions-by-pack> [DERIVATION] codeql/yaml: * [*] {codeql/python-all: * [*], codeql/yaml: not * [*] {dependency: codeql/python-all@* [*] requires codeql/yaml@1.0.11}}
[2024-12-01 11:52:37] [SPAMMY] resolve extensions-by-pack> [DERIVATION] codeql/xml: * [*] {codeql/python-all: * [*], codeql/xml: not * [*] {dependency: codeql/python-all@* [*] requires codeql/xml@1.0.11}}
[2024-12-01 11:52:37] [SPAMMY] resolve extensions-by-pack> [DERIVATION] codeql/util: * [*] {codeql/python-all: * [*], codeql/util: not * [*] {dependency: codeql/python-all@* [*] requires codeql/util@1.0.11}}
[2024-12-01 11:52:37] [SPAMMY] resolve extensions-by-pack> [DERIVATION] codeql/tutorial: * [*] {codeql/python-all: * [*], codeql/tutorial: not * [*] {dependency: codeql/python-all@* [*] requires codeql/tutorial@1.0.11}}
[2024-12-01 11:52:37] [SPAMMY] resolve extensions-by-pack> [DERIVATION] codeql/threat-models: * [*] {codeql/python-all: * [*], codeql/threat-models: not * [*] {dependency: codeql/python-all@* [*] requires codeql/threat-models@1.0.11}}
[2024-12-01 11:52:37] [SPAMMY] resolve extensions-by-pack> [DERIVATION] codeql/regex: * [*] {codeql/python-all: * [*], codeql/regex: not * [*] {dependency: codeql/python-all@* [*] requires codeql/regex@1.0.11}}
[2024-12-01 11:52:37] [SPAMMY] resolve extensions-by-pack> [DERIVATION] codeql/mad: * [*] {codeql/python-all: * [*], codeql/mad: not * [*] {dependency: codeql/python-all@* [*] requires codeql/mad@1.0.11}}
[2024-12-01 11:52:37] [SPAMMY] resolve extensions-by-pack> [DERIVATION] codeql/dataflow: * [*] {codeql/python-all: * [*], codeql/dataflow: not * [*] {dependency: codeql/python-all@* [*] requires codeql/dataflow@1.1.5}}
[2024-12-01 11:52:37] [SPAMMY] resolve extensions-by-pack> [INCOMPATIBILITY] codeql/dataflow: * [*], codeql/ssa: not * [*] {dependency: codeql/dataflow@* [*] requires codeql/ssa@1.0.11}
[2024-12-01 11:52:37] [SPAMMY] resolve extensions-by-pack> [INCOMPATIBILITY] codeql/dataflow: * [*], codeql/typetracking: not * [*] {dependency: codeql/dataflow@* [*] requires codeql/typetracking@1.0.11}
[2024-12-01 11:52:37] [SPAMMY] resolve extensions-by-pack> [INCOMPATIBILITY] codeql/dataflow: * [*], codeql/util: not * [*] {dependency: codeql/dataflow@* [*] requires codeql/util@1.0.11}
[2024-12-01 11:52:37] [SPAMMY] resolve extensions-by-pack> [DECISION 3] codeql/dataflow: 1.1.5
[2024-12-01 11:52:37] [SPAMMY] resolve extensions-by-pack> [DERIVATION] codeql/typetracking: * [*] {codeql/dataflow: * [*], codeql/typetracking: not * [*] {dependency: codeql/dataflow@* [*] requires codeql/typetracking@1.0.11}}
[2024-12-01 11:52:37] [SPAMMY] resolve extensions-by-pack> [DERIVATION] codeql/ssa: * [*] {codeql/dataflow: * [*], codeql/ssa: not * [*] {dependency: codeql/dataflow@* [*] requires codeql/ssa@1.0.11}}
[2024-12-01 11:52:37] [SPAMMY] resolve extensions-by-pack> [INCOMPATIBILITY] codeql/mad: * [*], codeql/dataflow: not * [*] {dependency: codeql/mad@* [*] requires codeql/dataflow@1.1.5}
[2024-12-01 11:52:37] [SPAMMY] resolve extensions-by-pack> [INCOMPATIBILITY] codeql/mad: * [*], codeql/util: not * [*] {dependency: codeql/mad@* [*] requires codeql/util@1.0.11}
[2024-12-01 11:52:37] [SPAMMY] resolve extensions-by-pack> [DECISION 4] codeql/mad: 1.0.11
[2024-12-01 11:52:37] [SPAMMY] resolve extensions-by-pack> [INCOMPATIBILITY] codeql/regex: * [*], codeql/util: not * [*] {dependency: codeql/regex@* [*] requires codeql/util@1.0.11}
[2024-12-01 11:52:37] [SPAMMY] resolve extensions-by-pack> [DECISION 5] codeql/regex: 1.0.11
[2024-12-01 11:52:37] [SPAMMY] resolve extensions-by-pack> [INCOMPATIBILITY] codeql/ssa: * [*], codeql/util: not * [*] {dependency: codeql/ssa@* [*] requires codeql/util@1.0.11}
[2024-12-01 11:52:37] [SPAMMY] resolve extensions-by-pack> [DECISION 6] codeql/ssa: 1.0.11
[2024-12-01 11:52:37] [SPAMMY] resolve extensions-by-pack> [DECISION 7] codeql/threat-models: 1.0.11
[2024-12-01 11:52:37] [SPAMMY] resolve extensions-by-pack> [DECISION 8] codeql/tutorial: 1.0.11
[2024-12-01 11:52:37] [SPAMMY] resolve extensions-by-pack> [INCOMPATIBILITY] codeql/typetracking: * [*], codeql/util: not * [*] {dependency: codeql/typetracking@* [*] requires codeql/util@1.0.11}
[2024-12-01 11:52:37] [SPAMMY] resolve extensions-by-pack> [DECISION 9] codeql/typetracking: 1.0.11
[2024-12-01 11:52:37] [SPAMMY] resolve extensions-by-pack> [DECISION 10] codeql/util: 1.0.11
[2024-12-01 11:52:37] [SPAMMY] resolve extensions-by-pack> [INCOMPATIBILITY] codeql/xml: * [*], codeql/util: not * [*] {dependency: codeql/xml@* [*] requires codeql/util@1.0.11}
[2024-12-01 11:52:37] [SPAMMY] resolve extensions-by-pack> [DECISION 11] codeql/xml: 1.0.11
[2024-12-01 11:52:37] [SPAMMY] resolve extensions-by-pack> [DECISION 12] codeql/yaml: 1.0.11
[2024-12-01 11:52:37] [PROGRESS] resolve extensions-by-pack> Loading data extensions in C:\Users\Saaru\.codeql\packages\codeql\python-all\2.1.2\ext\default-threat-models-fixup.model.yml.
[2024-12-01 11:52:37] [DETAILS] resolve extensions-by-pack>   Found extension targeting codeql/threat-models:threatModelConfiguration: 1 tuples.
[2024-12-01 11:52:37] [PROGRESS] resolve extensions-by-pack> Loading data extensions in C:\Users\Saaru\.codeql\packages\codeql\python-all\2.1.2\semmle\python\frameworks\Asyncpg.model.yml.
[2024-12-01 11:52:37] [DETAILS] resolve extensions-by-pack>   Found extension targeting codeql/python-all:sinkModel: 5 tuples.
[2024-12-01 11:52:37] [DETAILS] resolve extensions-by-pack>   Found extension targeting codeql/python-all:typeModel: 6 tuples.
[2024-12-01 11:52:37] [PROGRESS] resolve extensions-by-pack> Loading data extensions in C:\Users\Saaru\.codeql\packages\codeql\python-all\2.1.2\semmle\python\frameworks\Stdlib.model.yml.
[2024-12-01 11:52:37] [DETAILS] resolve extensions-by-pack>   Found extension targeting codeql/python-all:sourceModel: 12 tuples.
[2024-12-01 11:52:37] [DETAILS] resolve extensions-by-pack>   Found extension targeting codeql/python-all:sinkModel: 1 tuples.
[2024-12-01 11:52:37] [DETAILS] resolve extensions-by-pack>   Found extension targeting codeql/python-all:summaryModel: 66 tuples.
[2024-12-01 11:52:37] [DETAILS] resolve extensions-by-pack>   Found extension targeting codeql/python-all:neutralModel: 0 tuples.
[2024-12-01 11:52:37] [DETAILS] resolve extensions-by-pack>   Found extension targeting codeql/python-all:typeModel: 0 tuples.
[2024-12-01 11:52:37] [DETAILS] resolve extensions-by-pack>   Found extension targeting codeql/python-all:typeVariableModel: 0 tuples.
[2024-12-01 11:52:37] [PROGRESS] resolve extensions-by-pack> Loading data extensions in C:\Users\Saaru\.codeql\packages\codeql\python-all\2.1.2\semmle\python\frameworks\data\internal\empty.model.yml.
[2024-12-01 11:52:37] [DETAILS] resolve extensions-by-pack>   Found extension targeting codeql/python-all:sourceModel: 0 tuples.
[2024-12-01 11:52:37] [DETAILS] resolve extensions-by-pack>   Found extension targeting codeql/python-all:sinkModel: 0 tuples.
[2024-12-01 11:52:37] [DETAILS] resolve extensions-by-pack>   Found extension targeting codeql/python-all:summaryModel: 0 tuples.
[2024-12-01 11:52:37] [DETAILS] resolve extensions-by-pack>   Found extension targeting codeql/python-all:neutralModel: 0 tuples.
[2024-12-01 11:52:37] [DETAILS] resolve extensions-by-pack>   Found extension targeting codeql/python-all:typeModel: 0 tuples.
[2024-12-01 11:52:37] [DETAILS] resolve extensions-by-pack>   Found extension targeting codeql/python-all:typeVariableModel: 0 tuples.
[2024-12-01 11:52:37] [PROGRESS] resolve extensions-by-pack> Loading data extensions in C:\Users\Saaru\.codeql\packages\codeql\python-all\2.1.2\semmle\python\frameworks\data\internal\subclass-capture\ALL.model.yml.
[2024-12-01 11:52:37] [DETAILS] resolve extensions-by-pack>   Found extension targeting codeql/python-all:typeModel: 58275 tuples.
[2024-12-01 11:52:37] [PROGRESS] resolve extensions-by-pack> Loading data extensions in C:\Users\Saaru\.codeql\packages\codeql\threat-models\1.0.11\ext\supported-threat-models.model.yml.
[2024-12-01 11:52:37] [DETAILS] resolve extensions-by-pack>   Found extension targeting codeql/threat-models:threatModelConfiguration: 1 tuples.
[2024-12-01 11:52:37] [PROGRESS] resolve extensions-by-pack> Loading data extensions in C:\Users\Saaru\.codeql\packages\codeql\threat-models\1.0.11\ext\threat-model-grouping.model.yml.
[2024-12-01 11:52:37] [DETAILS] resolve extensions-by-pack>   Found extension targeting codeql/threat-models:threatModelGrouping: 14 tuples.
[2024-12-01 11:52:37] [PROGRESS] resolve extensions-by-pack> Loading data extensions in C:\Users\Saaru\.codeql\packages\codeql\util\1.0.11\ext\default-alert-filter.yml.
[2024-12-01 11:52:37] [DETAILS] resolve extensions-by-pack>   Found extension targeting codeql/util:restrictAlertsTo: 0 tuples.
[2024-12-01 11:52:37] Plumbing command codeql resolve extensions-by-pack completed:
                      {
                        "models" : [ ],
                        "data" : {
                          "C:\\Users\\Saaru\\Desktop\\CodeQl\\CodeQl\\codeql-custom-queries-python" : [
                            {
                              "predicate" : "threatModelConfiguration",
                              "file" : "C:\\Users\\Saaru\\.codeql\\packages\\codeql\\python-all\\2.1.2\\ext\\default-threat-models-fixup.model.yml",
                              "index" : 0,
                              "firstRowId" : 0,
                              "rowCount" : 1,
                              "predicateHasOrigin" : false,
                              "locations" : {
                                "lineNumbers" : "A=8",
                                "columnNumbers" : "A=9"
                              }
                            },
                            {
                              "predicate" : "sinkModel",
                              "file" : "C:\\Users\\Saaru\\.codeql\\packages\\codeql\\python-all\\2.1.2\\semmle\\python\\frameworks\\Asyncpg.model.yml",
                              "index" : 0,
                              "firstRowId" : 1,
                              "rowCount" : 5,
                              "predicateHasOrigin" : true,
                              "locations" : {
                                "lineNumbers" : "A=7+1+2+1+2",
                                "columnNumbers" : "A=9*5"
                              }
                            },
                            {
                              "predicate" : "typeModel",
                              "file" : "C:\\Users\\Saaru\\.codeql\\packages\\codeql\\python-all\\2.1.2\\semmle\\python\\frameworks\\Asyncpg.model.yml",
                              "index" : 1,
                              "firstRowId" : 6,
                              "rowCount" : 6,
                              "predicateHasOrigin" : false,
                              "locations" : {
                                "lineNumbers" : "A=20+4+1*2+2+1",
                                "columnNumbers" : "A=9*6"
                              }
                            },
                            {
                              "predicate" : "sourceModel",
                              "file" : "C:\\Users\\Saaru\\.codeql\\packages\\codeql\\python-all\\2.1.2\\semmle\\python\\frameworks\\Stdlib.model.yml",
                              "index" : 0,
                              "firstRowId" : 12,
                              "rowCount" : 12,
                              "predicateHasOrigin" : true,
                              "locations" : {
                                "lineNumbers" : "A=6+1*4+2+1+2+1*2+4+2",
                                "columnNumbers" : "A=9*12"
                              }
                            },
                            {
                              "predicate" : "sinkModel",
                              "file" : "C:\\Users\\Saaru\\.codeql\\packages\\codeql\\python-all\\2.1.2\\semmle\\python\\frameworks\\Stdlib.model.yml",
                              "index" : 1,
                              "firstRowId" : 24,
                              "rowCount" : 1,
                              "predicateHasOrigin" : true,
                              "locations" : {
                                "lineNumbers" : "A=29",
                                "columnNumbers" : "A=9"
                              }
                            },
                            {
                              "predicate" : "summaryModel",
                              "file" : "C:\\Users\\Saaru\\.codeql\\packages\\codeql\\python-all\\2.1.2\\semmle\\python\\frameworks\\Stdlib.model.yml",
                              "index" : 2,
                              "firstRowId" : 25,
                              "rowCount" : 66,
                              "predicateHasOrigin" : true,
                              "locations" : {
                                "lineNumbers" : "A=37+1+2+4+2*2+4+2*3+1+2+1+2+1+2+4+2+4+2*2+3+2*2+3+1+2*4+4+1+4+1+4+1*5+2*4+4+1+2*11+3+2+3+4+1+2*2+1+2",
                                "columnNumbers" : "A=9*66"
                              }
                            },
                            {
                              "predicate" : "neutralModel",
                              "file" : "C:\\Users\\Saaru\\.codeql\\packages\\codeql\\python-all\\2.1.2\\semmle\\python\\frameworks\\Stdlib.model.yml",
                              "index" : 3,
                              "firstRowId" : 91,
                              "rowCount" : 0,
                              "predicateHasOrigin" : false,
                              "locations" : {
                                "lineNumbers" : "A",
                                "columnNumbers" : "A"
                              }
                            },
                            {
                              "predicate" : "typeModel",
                              "file" : "C:\\Users\\Saaru\\.codeql\\packages\\codeql\\python-all\\2.1.2\\semmle\\python\\frameworks\\Stdlib.model.yml",
                              "index" : 4,
                              "firstRowId" : 91,
                              "rowCount" : 0,
                              "predicateHasOrigin" : false,
                              "locations" : {
                                "lineNumbers" : "A",
                                "columnNumbers" : "A"
                              }
                            },
                            {
                              "predicate" : "typeVariableModel",
                              "file" : "C:\\Users\\Saaru\\.codeql\\packages\\codeql\\python-all\\2.1.2\\semmle\\python\\frameworks\\Stdlib.model.yml",
                              "index" : 5,
                              "firstRowId" : 91,
                              "rowCount" : 0,
                              "predicateHasOrigin" : false,
                              "locations" : {
                                "lineNumbers" : "A",
                                "columnNumbers" : "A"
                              }
                            },
                            {
                              "predicate" : "sourceModel",
                              "file" : "C:\\Users\\Saaru\\.codeql\\packages\\codeql\\python-all\\2.1.2\\semmle\\python\\frameworks\\data\\internal\\empty.model.yml",
                              "index" : 0,
                              "firstRowId" : 91,
                              "rowCount" : 0,
                              "predicateHasOrigin" : true,
                              "locations" : {
                                "lineNumbers" : "A",
                                "columnNumbers" : "A"
                              }
                            },
                            {
                              "predicate" : "sinkModel",
                              "file" : "C:\\Users\\Saaru\\.codeql\\packages\\codeql\\python-all\\2.1.2\\semmle\\python\\frameworks\\data\\internal\\empty.model.yml",
                              "index" : 1,
                              "firstRowId" : 91,
                              "rowCount" : 0,
                              "predicateHasOrigin" : true,
                              "locations" : {
                                "lineNumbers" : "A",
                                "columnNumbers" : "A"
                              }
                            },
                            {
                              "predicate" : "summaryModel",
                              "file" : "C:\\Users\\Saaru\\.codeql\\packages\\codeql\\python-all\\2.1.2\\semmle\\python\\frameworks\\data\\internal\\empty.model.yml",
                              "index" : 2,
                              "firstRowId" : 91,
                              "rowCount" : 0,
                              "predicateHasOrigin" : true,
                              "locations" : {
                                "lineNumbers" : "A",
                                "columnNumbers" : "A"
                              }
                            },
                            {
                              "predicate" : "neutralModel",
                              "file" : "C:\\Users\\Saaru\\.codeql\\packages\\codeql\\python-all\\2.1.2\\semmle\\python\\frameworks\\data\\internal\\empty.model.yml",
                              "index" : 3,
                              "firstRowId" : 91,
                              "rowCount" : 0,
                              "predicateHasOrigin" : false,
                              "locations" : {
                                "lineNumbers" : "A",
                                "columnNumbers" : "A"
                              }
                            },
                            {
                              "predicate" : "typeModel",
                              "file" : "C:\\Users\\Saaru\\.codeql\\packages\\codeql\\python-all\\2.1.2\\semmle\\python\\frameworks\\data\\internal\\empty.model.yml",
                              "index" : 4,
                              "firstRowId" : 91,
                              "rowCount" : 0,
                              "predicateHasOrigin" : false,
                              "locations" : {
                                "lineNumbers" : "A",
                                "columnNumbers" : "A"
                              }
                            },
                            {
                              "predicate" : "typeVariableModel",
                              "file" : "C:\\Users\\Saaru\\.codeql\\packages\\codeql\\python-all\\2.1.2\\semmle\\python\\frameworks\\data\\internal\\empty.model.yml",
                              "index" : 5,
                              "firstRowId" : 91,
                              "rowCount" : 0,
                              "predicateHasOrigin" : false,
                              "locations" : {
                                "lineNumbers" : "A",
                                "columnNumbers" : "A"
                              }
                            },
                            {
                              "predicate" : "typeModel",
                              "file" : "C:\\Users\\Saaru\\.codeql\\packages\\codeql\\python-all\\2.1.2\\semmle\\python\\frameworks\\data\\internal\\subclass-capture\\ALL.model.yml",
                              "index" : 0,
                              "firstRowId" : 91,
                              "rowCount" : 58275,
                              "predicateHasOrigin" : false,
                              "locations" : {
                                "lineNumbers" : "A=7+3*58274",
                                "columnNumbers" : "A=5*58275"
                              }
                            },
                            {
                              "predicate" : "threatModelConfiguration",
                              "file" : "C:\\Users\\Saaru\\.codeql\\packages\\codeql\\threat-models\\1.0.11\\ext\\supported-threat-models.model.yml",
                              "index" : 0,
                              "firstRowId" : 58366,
                              "rowCount" : 1,
                              "predicateHasOrigin" : false,
                              "locations" : {
                                "lineNumbers" : "A=6",
                                "columnNumbers" : "A=9"
                              }
                            },
                            {
                              "predicate" : "threatModelGrouping",
                              "file" : "C:\\Users\\Saaru\\.codeql\\packages\\codeql\\threat-models\\1.0.11\\ext\\threat-model-grouping.model.yml",
                              "index" : 0,
                              "firstRowId" : 58367,
                              "rowCount" : 14,
                              "predicateHasOrigin" : false,
                              "locations" : {
                                "lineNumbers" : "A=8+3+1+3+1*5+3+1+5+1*2",
                                "columnNumbers" : "A=9*14"
                              }
                            },
                            {
                              "predicate" : "restrictAlertsTo",
                              "file" : "C:\\Users\\Saaru\\.codeql\\packages\\codeql\\util\\1.0.11\\ext\\default-alert-filter.yml",
                              "index" : 0,
                              "firstRowId" : 58381,
                              "rowCount" : 0,
                              "predicateHasOrigin" : false,
                              "locations" : {
                                "lineNumbers" : "A",
                                "columnNumbers" : "A"
                              }
                            }
                          ]
                        },
                        "threatModels" : {
                          "C:\\Users\\Saaru\\Desktop\\CodeQl\\CodeQl\\codeql-custom-queries-python" : {
                            "extensions" : [
                              {
                                "data" : [ ],
                                "addsTo" : {
                                  "extensible" : "threatModelConfiguration",
                                  "packName" : "codeql/threat-models"
                                }
                              }
                            ]
                          }
                        },
                        "extensionPacks" : [ ]
                      }
[2024-12-01 11:52:37] Plumbing command codeql resolve extensions completed:
                      {
                        "models" : [ ],
                        "data" : {
                          "C:\\Users\\Saaru\\Desktop\\CodeQl\\CodeQl\\codeql-custom-queries-python" : [
                            {
                              "predicate" : "threatModelConfiguration",
                              "file" : "C:\\Users\\Saaru\\.codeql\\packages\\codeql\\python-all\\2.1.2\\ext\\default-threat-models-fixup.model.yml",
                              "index" : 0,
                              "firstRowId" : 0,
                              "rowCount" : 1,
                              "predicateHasOrigin" : false,
                              "locations" : {
                                "lineNumbers" : "A=8",
                                "columnNumbers" : "A=9"
                              }
                            },
                            {
                              "predicate" : "sinkModel",
                              "file" : "C:\\Users\\Saaru\\.codeql\\packages\\codeql\\python-all\\2.1.2\\semmle\\python\\frameworks\\Asyncpg.model.yml",
                              "index" : 0,
                              "firstRowId" : 1,
                              "rowCount" : 5,
                              "predicateHasOrigin" : true,
                              "locations" : {
                                "lineNumbers" : "A=7+1+2+1+2",
                                "columnNumbers" : "A=9*5"
                              }
                            },
                            {
                              "predicate" : "typeModel",
                              "file" : "C:\\Users\\Saaru\\.codeql\\packages\\codeql\\python-all\\2.1.2\\semmle\\python\\frameworks\\Asyncpg.model.yml",
                              "index" : 1,
                              "firstRowId" : 6,
                              "rowCount" : 6,
                              "predicateHasOrigin" : false,
                              "locations" : {
                                "lineNumbers" : "A=20+4+1*2+2+1",
                                "columnNumbers" : "A=9*6"
                              }
                            },
                            {
                              "predicate" : "sourceModel",
                              "file" : "C:\\Users\\Saaru\\.codeql\\packages\\codeql\\python-all\\2.1.2\\semmle\\python\\frameworks\\Stdlib.model.yml",
                              "index" : 0,
                              "firstRowId" : 12,
                              "rowCount" : 12,
                              "predicateHasOrigin" : true,
                              "locations" : {
                                "lineNumbers" : "A=6+1*4+2+1+2+1*2+4+2",
                                "columnNumbers" : "A=9*12"
                              }
                            },
                            {
                              "predicate" : "sinkModel",
                              "file" : "C:\\Users\\Saaru\\.codeql\\packages\\codeql\\python-all\\2.1.2\\semmle\\python\\frameworks\\Stdlib.model.yml",
                              "index" : 1,
                              "firstRowId" : 24,
                              "rowCount" : 1,
                              "predicateHasOrigin" : true,
                              "locations" : {
                                "lineNumbers" : "A=29",
                                "columnNumbers" : "A=9"
                              }
                            },
                            {
                              "predicate" : "summaryModel",
                              "file" : "C:\\Users\\Saaru\\.codeql\\packages\\codeql\\python-all\\2.1.2\\semmle\\python\\frameworks\\Stdlib.model.yml",
                              "index" : 2,
                              "firstRowId" : 25,
                              "rowCount" : 66,
                              "predicateHasOrigin" : true,
                              "locations" : {
                                "lineNumbers" : "A=37+1+2+4+2*2+4+2*3+1+2+1+2+1+2+4+2+4+2*2+3+2*2+3+1+2*4+4+1+4+1+4+1*5+2*4+4+1+2*11+3+2+3+4+1+2*2+1+2",
                                "columnNumbers" : "A=9*66"
                              }
                            },
                            {
                              "predicate" : "neutralModel",
                              "file" : "C:\\Users\\Saaru\\.codeql\\packages\\codeql\\python-all\\2.1.2\\semmle\\python\\frameworks\\Stdlib.model.yml",
                              "index" : 3,
                              "firstRowId" : 91,
                              "rowCount" : 0,
                              "predicateHasOrigin" : false,
                              "locations" : {
                                "lineNumbers" : "A",
                                "columnNumbers" : "A"
                              }
                            },
                            {
                              "predicate" : "typeModel",
                              "file" : "C:\\Users\\Saaru\\.codeql\\packages\\codeql\\python-all\\2.1.2\\semmle\\python\\frameworks\\Stdlib.model.yml",
                              "index" : 4,
                              "firstRowId" : 91,
                              "rowCount" : 0,
                              "predicateHasOrigin" : false,
                              "locations" : {
                                "lineNumbers" : "A",
                                "columnNumbers" : "A"
                              }
                            },
                            {
                              "predicate" : "typeVariableModel",
                              "file" : "C:\\Users\\Saaru\\.codeql\\packages\\codeql\\python-all\\2.1.2\\semmle\\python\\frameworks\\Stdlib.model.yml",
                              "index" : 5,
                              "firstRowId" : 91,
                              "rowCount" : 0,
                              "predicateHasOrigin" : false,
                              "locations" : {
                                "lineNumbers" : "A",
                                "columnNumbers" : "A"
                              }
                            },
                            {
                              "predicate" : "sourceModel",
                              "file" : "C:\\Users\\Saaru\\.codeql\\packages\\codeql\\python-all\\2.1.2\\semmle\\python\\frameworks\\data\\internal\\empty.model.yml",
                              "index" : 0,
                              "firstRowId" : 91,
                              "rowCount" : 0,
                              "predicateHasOrigin" : true,
                              "locations" : {
                                "lineNumbers" : "A",
                                "columnNumbers" : "A"
                              }
                            },
                            {
                              "predicate" : "sinkModel",
                              "file" : "C:\\Users\\Saaru\\.codeql\\packages\\codeql\\python-all\\2.1.2\\semmle\\python\\frameworks\\data\\internal\\empty.model.yml",
                              "index" : 1,
                              "firstRowId" : 91,
                              "rowCount" : 0,
                              "predicateHasOrigin" : true,
                              "locations" : {
                                "lineNumbers" : "A",
                                "columnNumbers" : "A"
                              }
                            },
                            {
                              "predicate" : "summaryModel",
                              "file" : "C:\\Users\\Saaru\\.codeql\\packages\\codeql\\python-all\\2.1.2\\semmle\\python\\frameworks\\data\\internal\\empty.model.yml",
                              "index" : 2,
                              "firstRowId" : 91,
                              "rowCount" : 0,
                              "predicateHasOrigin" : true,
                              "locations" : {
                                "lineNumbers" : "A",
                                "columnNumbers" : "A"
                              }
                            },
                            {
                              "predicate" : "neutralModel",
                              "file" : "C:\\Users\\Saaru\\.codeql\\packages\\codeql\\python-all\\2.1.2\\semmle\\python\\frameworks\\data\\internal\\empty.model.yml",
                              "index" : 3,
                              "firstRowId" : 91,
                              "rowCount" : 0,
                              "predicateHasOrigin" : false,
                              "locations" : {
                                "lineNumbers" : "A",
                                "columnNumbers" : "A"
                              }
                            },
                            {
                              "predicate" : "typeModel",
                              "file" : "C:\\Users\\Saaru\\.codeql\\packages\\codeql\\python-all\\2.1.2\\semmle\\python\\frameworks\\data\\internal\\empty.model.yml",
                              "index" : 4,
                              "firstRowId" : 91,
                              "rowCount" : 0,
                              "predicateHasOrigin" : false,
                              "locations" : {
                                "lineNumbers" : "A",
                                "columnNumbers" : "A"
                              }
                            },
                            {
                              "predicate" : "typeVariableModel",
                              "file" : "C:\\Users\\Saaru\\.codeql\\packages\\codeql\\python-all\\2.1.2\\semmle\\python\\frameworks\\data\\internal\\empty.model.yml",
                              "index" : 5,
                              "firstRowId" : 91,
                              "rowCount" : 0,
                              "predicateHasOrigin" : false,
                              "locations" : {
                                "lineNumbers" : "A",
                                "columnNumbers" : "A"
                              }
                            },
                            {
                              "predicate" : "typeModel",
                              "file" : "C:\\Users\\Saaru\\.codeql\\packages\\codeql\\python-all\\2.1.2\\semmle\\python\\frameworks\\data\\internal\\subclass-capture\\ALL.model.yml",
                              "index" : 0,
                              "firstRowId" : 91,
                              "rowCount" : 58275,
                              "predicateHasOrigin" : false,
                              "locations" : {
                                "lineNumbers" : "A=7+3*58274",
                                "columnNumbers" : "A=5*58275"
                              }
                            },
                            {
                              "predicate" : "threatModelConfiguration",
                              "file" : "C:\\Users\\Saaru\\.codeql\\packages\\codeql\\threat-models\\1.0.11\\ext\\supported-threat-models.model.yml",
                              "index" : 0,
                              "firstRowId" : 58366,
                              "rowCount" : 1,
                              "predicateHasOrigin" : false,
                              "locations" : {
                                "lineNumbers" : "A=6",
                                "columnNumbers" : "A=9"
                              }
                            },
                            {
                              "predicate" : "threatModelGrouping",
                              "file" : "C:\\Users\\Saaru\\.codeql\\packages\\codeql\\threat-models\\1.0.11\\ext\\threat-model-grouping.model.yml",
                              "index" : 0,
                              "firstRowId" : 58367,
                              "rowCount" : 14,
                              "predicateHasOrigin" : false,
                              "locations" : {
                                "lineNumbers" : "A=8+3+1+3+1*5+3+1+5+1*2",
                                "columnNumbers" : "A=9*14"
                              }
                            },
                            {
                              "predicate" : "restrictAlertsTo",
                              "file" : "C:\\Users\\Saaru\\.codeql\\packages\\codeql\\util\\1.0.11\\ext\\default-alert-filter.yml",
                              "index" : 0,
                              "firstRowId" : 58381,
                              "rowCount" : 0,
                              "predicateHasOrigin" : false,
                              "locations" : {
                                "lineNumbers" : "A",
                                "columnNumbers" : "A"
                              }
                            }
                          ]
                        },
                        "threatModels" : {
                          "C:\\Users\\Saaru\\Desktop\\CodeQl\\CodeQl\\codeql-custom-queries-python" : {
                            "extensions" : [
                              {
                                "data" : [ ],
                                "addsTo" : {
                                  "extensible" : "threatModelConfiguration",
                                  "packName" : "codeql/threat-models"
                                }
                              }
                            ]
                          }
                        },
                        "extensionPacks" : [ ]
                      }
[2024-12-01 11:52:37] Calling plumbing command: codeql resolve library-path --qlconfig-file=C:\Users\Saaru\Desktop\CodeQl\CodeQl\qlconfig.yml --query=C:\Users\Saaru\Desktop\CodeQl\CodeQl\codeql-custom-queries-python\example3.ql --format=json
[2024-12-01 11:52:37] [DETAILS] resolve library-path> Resolving query at normalized path C:\Users\Saaru\Desktop\CodeQl\CodeQl\codeql-custom-queries-python\example3.ql.
[2024-12-01 11:52:37] [DETAILS] resolve library-path> Found enclosing pack 'getting-started/codeql-extra-queries-python' at C:\Users\Saaru\Desktop\CodeQl\CodeQl\codeql-custom-queries-python.
[2024-12-01 11:52:37] [DETAILS] resolve library-path> Adding compilation cache at C:\Users\Saaru\.codeql\compile-cache.
[2024-12-01 11:52:37] [DETAILS] resolve library-path> Resolving library dependencies from C:\Users\Saaru\Desktop\CodeQl\CodeQl\codeql-custom-queries-python\codeql-pack.yml.
[2024-12-01 11:52:37] [SPAMMY] resolve library-path> [INCOMPATIBILITY] getting-started/codeql-extra-queries-python: not 1.0.0 {root: getting-started/codeql-extra-queries-python@1.0.0}
[2024-12-01 11:52:37] [SPAMMY] resolve library-path> [DERIVATION] getting-started/codeql-extra-queries-python: 1.0.0 {getting-started/codeql-extra-queries-python: not 1.0.0 {root: getting-started/codeql-extra-queries-python@1.0.0}}
[2024-12-01 11:52:37] [SPAMMY] resolve library-path> [INCOMPATIBILITY] getting-started/codeql-extra-queries-python: * [*], codeql/python-all: not * [*] {dependency: getting-started/codeql-extra-queries-python@* [*] requires codeql/python-all@2.1.2}
[2024-12-01 11:52:37] [SPAMMY] resolve library-path> [DECISION 1] getting-started/codeql-extra-queries-python: 1.0.0
[2024-12-01 11:52:37] [SPAMMY] resolve library-path> [DERIVATION] codeql/python-all: * [*] {getting-started/codeql-extra-queries-python: * [*], codeql/python-all: not * [*] {dependency: getting-started/codeql-extra-queries-python@* [*] requires codeql/python-all@2.1.2}}
[2024-12-01 11:52:38] [SPAMMY] resolve library-path> [INCOMPATIBILITY] codeql/python-all: * [*], codeql/dataflow: not * [*] {dependency: codeql/python-all@* [*] requires codeql/dataflow@1.1.5}
[2024-12-01 11:52:38] [SPAMMY] resolve library-path> [INCOMPATIBILITY] codeql/python-all: * [*], codeql/mad: not * [*] {dependency: codeql/python-all@* [*] requires codeql/mad@1.0.11}
[2024-12-01 11:52:38] [SPAMMY] resolve library-path> [INCOMPATIBILITY] codeql/python-all: * [*], codeql/regex: not * [*] {dependency: codeql/python-all@* [*] requires codeql/regex@1.0.11}
[2024-12-01 11:52:38] [SPAMMY] resolve library-path> [INCOMPATIBILITY] codeql/python-all: * [*], codeql/threat-models: not * [*] {dependency: codeql/python-all@* [*] requires codeql/threat-models@1.0.11}
[2024-12-01 11:52:38] [SPAMMY] resolve library-path> [INCOMPATIBILITY] codeql/python-all: * [*], codeql/tutorial: not * [*] {dependency: codeql/python-all@* [*] requires codeql/tutorial@1.0.11}
[2024-12-01 11:52:38] [SPAMMY] resolve library-path> [INCOMPATIBILITY] codeql/python-all: * [*], codeql/util: not * [*] {dependency: codeql/python-all@* [*] requires codeql/util@1.0.11}
[2024-12-01 11:52:38] [SPAMMY] resolve library-path> [INCOMPATIBILITY] codeql/python-all: * [*], codeql/xml: not * [*] {dependency: codeql/python-all@* [*] requires codeql/xml@1.0.11}
[2024-12-01 11:52:38] [SPAMMY] resolve library-path> [INCOMPATIBILITY] codeql/python-all: * [*], codeql/yaml: not * [*] {dependency: codeql/python-all@* [*] requires codeql/yaml@1.0.11}
[2024-12-01 11:52:38] [SPAMMY] resolve library-path> [DECISION 2] codeql/python-all: 2.1.2
[2024-12-01 11:52:38] [SPAMMY] resolve library-path> [DERIVATION] codeql/yaml: * [*] {codeql/python-all: * [*], codeql/yaml: not * [*] {dependency: codeql/python-all@* [*] requires codeql/yaml@1.0.11}}
[2024-12-01 11:52:38] [SPAMMY] resolve library-path> [DERIVATION] codeql/xml: * [*] {codeql/python-all: * [*], codeql/xml: not * [*] {dependency: codeql/python-all@* [*] requires codeql/xml@1.0.11}}
[2024-12-01 11:52:38] [SPAMMY] resolve library-path> [DERIVATION] codeql/util: * [*] {codeql/python-all: * [*], codeql/util: not * [*] {dependency: codeql/python-all@* [*] requires codeql/util@1.0.11}}
[2024-12-01 11:52:38] [SPAMMY] resolve library-path> [DERIVATION] codeql/tutorial: * [*] {codeql/python-all: * [*], codeql/tutorial: not * [*] {dependency: codeql/python-all@* [*] requires codeql/tutorial@1.0.11}}
[2024-12-01 11:52:38] [SPAMMY] resolve library-path> [DERIVATION] codeql/threat-models: * [*] {codeql/python-all: * [*], codeql/threat-models: not * [*] {dependency: codeql/python-all@* [*] requires codeql/threat-models@1.0.11}}
[2024-12-01 11:52:38] [SPAMMY] resolve library-path> [DERIVATION] codeql/regex: * [*] {codeql/python-all: * [*], codeql/regex: not * [*] {dependency: codeql/python-all@* [*] requires codeql/regex@1.0.11}}
[2024-12-01 11:52:38] [SPAMMY] resolve library-path> [DERIVATION] codeql/mad: * [*] {codeql/python-all: * [*], codeql/mad: not * [*] {dependency: codeql/python-all@* [*] requires codeql/mad@1.0.11}}
[2024-12-01 11:52:38] [SPAMMY] resolve library-path> [DERIVATION] codeql/dataflow: * [*] {codeql/python-all: * [*], codeql/dataflow: not * [*] {dependency: codeql/python-all@* [*] requires codeql/dataflow@1.1.5}}
[2024-12-01 11:52:38] [SPAMMY] resolve library-path> [INCOMPATIBILITY] codeql/dataflow: * [*], codeql/ssa: not * [*] {dependency: codeql/dataflow@* [*] requires codeql/ssa@1.0.11}
[2024-12-01 11:52:38] [SPAMMY] resolve library-path> [INCOMPATIBILITY] codeql/dataflow: * [*], codeql/typetracking: not * [*] {dependency: codeql/dataflow@* [*] requires codeql/typetracking@1.0.11}
[2024-12-01 11:52:38] [SPAMMY] resolve library-path> [INCOMPATIBILITY] codeql/dataflow: * [*], codeql/util: not * [*] {dependency: codeql/dataflow@* [*] requires codeql/util@1.0.11}
[2024-12-01 11:52:38] [SPAMMY] resolve library-path> [DECISION 3] codeql/dataflow: 1.1.5
[2024-12-01 11:52:38] [SPAMMY] resolve library-path> [DERIVATION] codeql/typetracking: * [*] {codeql/dataflow: * [*], codeql/typetracking: not * [*] {dependency: codeql/dataflow@* [*] requires codeql/typetracking@1.0.11}}
[2024-12-01 11:52:38] [SPAMMY] resolve library-path> [DERIVATION] codeql/ssa: * [*] {codeql/dataflow: * [*], codeql/ssa: not * [*] {dependency: codeql/dataflow@* [*] requires codeql/ssa@1.0.11}}
[2024-12-01 11:52:38] [SPAMMY] resolve library-path> [INCOMPATIBILITY] codeql/mad: * [*], codeql/dataflow: not * [*] {dependency: codeql/mad@* [*] requires codeql/dataflow@1.1.5}
[2024-12-01 11:52:38] [SPAMMY] resolve library-path> [INCOMPATIBILITY] codeql/mad: * [*], codeql/util: not * [*] {dependency: codeql/mad@* [*] requires codeql/util@1.0.11}
[2024-12-01 11:52:38] [SPAMMY] resolve library-path> [DECISION 4] codeql/mad: 1.0.11
[2024-12-01 11:52:38] [SPAMMY] resolve library-path> [INCOMPATIBILITY] codeql/regex: * [*], codeql/util: not * [*] {dependency: codeql/regex@* [*] requires codeql/util@1.0.11}
[2024-12-01 11:52:38] [SPAMMY] resolve library-path> [DECISION 5] codeql/regex: 1.0.11
[2024-12-01 11:52:38] [SPAMMY] resolve library-path> [INCOMPATIBILITY] codeql/ssa: * [*], codeql/util: not * [*] {dependency: codeql/ssa@* [*] requires codeql/util@1.0.11}
[2024-12-01 11:52:38] [SPAMMY] resolve library-path> [DECISION 6] codeql/ssa: 1.0.11
[2024-12-01 11:52:38] [SPAMMY] resolve library-path> [DECISION 7] codeql/threat-models: 1.0.11
[2024-12-01 11:52:38] [SPAMMY] resolve library-path> [DECISION 8] codeql/tutorial: 1.0.11
[2024-12-01 11:52:38] [SPAMMY] resolve library-path> [INCOMPATIBILITY] codeql/typetracking: * [*], codeql/util: not * [*] {dependency: codeql/typetracking@* [*] requires codeql/util@1.0.11}
[2024-12-01 11:52:38] [SPAMMY] resolve library-path> [DECISION 9] codeql/typetracking: 1.0.11
[2024-12-01 11:52:38] [SPAMMY] resolve library-path> [DECISION 10] codeql/util: 1.0.11
[2024-12-01 11:52:38] [SPAMMY] resolve library-path> [INCOMPATIBILITY] codeql/xml: * [*], codeql/util: not * [*] {dependency: codeql/xml@* [*] requires codeql/util@1.0.11}
[2024-12-01 11:52:38] [SPAMMY] resolve library-path> [DECISION 11] codeql/xml: 1.0.11
[2024-12-01 11:52:38] [SPAMMY] resolve library-path> [DECISION 12] codeql/yaml: 1.0.11
[2024-12-01 11:52:38] [DETAILS] resolve library-path> QL pack dependencies for C:\Users\Saaru\Desktop\CodeQl\CodeQl\codeql-custom-queries-python resolved OK.
[2024-12-01 11:52:38] [DETAILS] resolve library-path> Found dbscheme through QL packs: C:\Users\Saaru\.codeql\packages\codeql\python-all\2.1.2\semmlecode.python.dbscheme.
[2024-12-01 11:52:38] Plumbing command codeql resolve library-path completed:
                      {
                        "libraryPath" : [
                          "C:\\Users\\Saaru\\Desktop\\CodeQl\\CodeQl\\codeql-custom-queries-python",
                          "C:\\Users\\Saaru\\.codeql\\packages\\codeql\\python-all\\2.1.2",
                          "C:\\Users\\Saaru\\.codeql\\packages\\codeql\\dataflow\\1.1.5",
                          "C:\\Users\\Saaru\\.codeql\\packages\\codeql\\mad\\1.0.11",
                          "C:\\Users\\Saaru\\.codeql\\packages\\codeql\\regex\\1.0.11",
                          "C:\\Users\\Saaru\\.codeql\\packages\\codeql\\ssa\\1.0.11",
                          "C:\\Users\\Saaru\\.codeql\\packages\\codeql\\threat-models\\1.0.11",
                          "C:\\Users\\Saaru\\.codeql\\packages\\codeql\\tutorial\\1.0.11",
                          "C:\\Users\\Saaru\\.codeql\\packages\\codeql\\typetracking\\1.0.11",
                          "C:\\Users\\Saaru\\.codeql\\packages\\codeql\\util\\1.0.11",
                          "C:\\Users\\Saaru\\.codeql\\packages\\codeql\\xml\\1.0.11",
                          "C:\\Users\\Saaru\\.codeql\\packages\\codeql\\yaml\\1.0.11"
                        ],
                        "dbscheme" : "C:\\Users\\Saaru\\.codeql\\packages\\codeql\\python-all\\2.1.2\\semmlecode.python.dbscheme",
                        "compilationCache" : [
                          "C:\\Users\\Saaru\\.codeql\\compile-cache"
                        ],
                        "relativeName" : "getting-started\\codeql-extra-queries-python\\example3.ql",
                        "qlPackName" : "getting-started/codeql-extra-queries-python"
                      }
[2024-12-01 11:52:38] [PROGRESS] execute queries> Compiling query plan for C:\Users\Saaru\Desktop\CodeQl\CodeQl\codeql-custom-queries-python\example3.ql.
[2024-12-01 11:52:38] [DETAILS] execute queries> Resolving imports for C:\Users\Saaru\Desktop\CodeQl\CodeQl\codeql-custom-queries-python\example3.ql.
[2024-12-01 11:52:38] Resolved file set for C:\Users\Saaru\Desktop\CodeQl\CodeQl\codeql-custom-queries-python\example3.ql hashes to 5b03557b3e6d24ebf64865ee4d823c204b164885.
[2024-12-01 11:52:38] [DETAILS] execute queries> Compilation cache hit for C:\Users\Saaru\Desktop\CodeQl\CodeQl\codeql-custom-queries-python\example3.ql.
[2024-12-01 11:52:38] [WARN] execute queries> WARNING: A problem query must define the @id property. (C:\Users\Saaru\Desktop\CodeQl\CodeQl\codeql-custom-queries-python\example3.ql:1,1-7,4)
[2024-12-01 11:52:38] [SPAMMY] execute queries> Resolving database upgrades/downgrades in search path for C:\Users\Saaru\Desktop\CodeQl\CodeQl\codeql-custom-queries-python\example3.ql
[2024-12-01 11:52:38] Calling plumbing command: codeql resolve upgrades --additional-packs=C:\Users\Saaru\Desktop\CodeQl\CodeQl\codeql-custom-queries-python;C:\Users\Saaru\.codeql\packages\codeql\python-all\2.1.2;C:\Users\Saaru\.codeql\packages\codeql\dataflow\1.1.5;C:\Users\Saaru\.codeql\packages\codeql\mad\1.0.11;C:\Users\Saaru\.codeql\packages\codeql\regex\1.0.11;C:\Users\Saaru\.codeql\packages\codeql\ssa\1.0.11;C:\Users\Saaru\.codeql\packages\codeql\threat-models\1.0.11;C:\Users\Saaru\.codeql\packages\codeql\tutorial\1.0.11;C:\Users\Saaru\.codeql\packages\codeql\typetracking\1.0.11;C:\Users\Saaru\.codeql\packages\codeql\util\1.0.11;C:\Users\Saaru\.codeql\packages\codeql\xml\1.0.11;C:\Users\Saaru\.codeql\packages\codeql\yaml\1.0.11 --target-sha=5af903da088e3746aa283700a43a779302453523 --allow-downgrades --dbscheme=C:\Users\Saaru\Desktop\CodeQl\CodeQl\database\db-python\semmlecode.python.dbscheme --format=json
[2024-12-01 11:52:38] [DETAILS] resolve upgrades> Searching for upgrades that apply to 1795e2de7a79257973aca07dca3afe01ecb71421.
[2024-12-01 11:52:38] [DETAILS] resolve upgrades> Scanning for [codeql-pack.yml, qlpack.yml] from C:\Users\Saaru\Desktop\CodeQl\CodeQl\codeql-custom-queries-python\
[2024-12-01 11:52:38] [DETAILS] resolve upgrades> Scanning for [codeql-pack.yml, qlpack.yml] from C:\Users\Saaru\.codeql\packages\codeql\python-all\2.1.2\
[2024-12-01 11:52:38] [DETAILS] resolve upgrades> Scanning for [codeql-pack.yml, qlpack.yml] from C:\Users\Saaru\.codeql\packages\codeql\dataflow\1.1.5\
[2024-12-01 11:52:38] [DETAILS] resolve upgrades> Scanning for [codeql-pack.yml, qlpack.yml] from C:\Users\Saaru\.codeql\packages\codeql\mad\1.0.11\
[2024-12-01 11:52:38] [DETAILS] resolve upgrades> Scanning for [codeql-pack.yml, qlpack.yml] from C:\Users\Saaru\.codeql\packages\codeql\regex\1.0.11\
[2024-12-01 11:52:38] [DETAILS] resolve upgrades> Scanning for [codeql-pack.yml, qlpack.yml] from C:\Users\Saaru\.codeql\packages\codeql\ssa\1.0.11\
[2024-12-01 11:52:38] [DETAILS] resolve upgrades> Scanning for [codeql-pack.yml, qlpack.yml] from C:\Users\Saaru\.codeql\packages\codeql\threat-models\1.0.11\
[2024-12-01 11:52:38] [DETAILS] resolve upgrades> Scanning for [codeql-pack.yml, qlpack.yml] from C:\Users\Saaru\.codeql\packages\codeql\tutorial\1.0.11\
[2024-12-01 11:52:38] [DETAILS] resolve upgrades> Scanning for [codeql-pack.yml, qlpack.yml] from C:\Users\Saaru\.codeql\packages\codeql\typetracking\1.0.11\
[2024-12-01 11:52:38] [DETAILS] resolve upgrades> Scanning for [codeql-pack.yml, qlpack.yml] from C:\Users\Saaru\.codeql\packages\codeql\util\1.0.11\
[2024-12-01 11:52:38] [DETAILS] resolve upgrades> Scanning for [codeql-pack.yml, qlpack.yml] from C:\Users\Saaru\.codeql\packages\codeql\xml\1.0.11\
[2024-12-01 11:52:38] [DETAILS] resolve upgrades> Scanning for [codeql-pack.yml, qlpack.yml] from C:\Users\Saaru\.codeql\packages\codeql\yaml\1.0.11\
[2024-12-01 11:52:38] [DETAILS] resolve upgrades> Scanning for [codeql-pack.yml, qlpack.yml] from C:\Users\Saaru\Downloads\codeql-win64\codeql\.codeqlmanifest.json
[2024-12-01 11:52:38] [DETAILS] resolve upgrades> Scanning for [codeql-pack.yml, qlpack.yml] from C:\Users\Saaru\Downloads\codeql-win64\
[2024-12-01 11:52:38] [DETAILS] resolve upgrades> Not scanning from C:\Users\Saaru\Downloads\codeql-win64\codeql which is already done.
[2024-12-01 11:52:38] [DETAILS] resolve upgrades> Will look for upgrades in C:\Users\Saaru\.codeql\packages\codeql\python-all\2.1.2\upgrades
[2024-12-01 11:52:38] [DETAILS] resolve upgrades> Will look for upgrades in C:\Users\Saaru\Downloads\codeql-win64\codeql\legacy-upgrades\upgrades
[2024-12-01 11:52:38] [DETAILS] resolve upgrades> Found upgrade run ending at 1795e2de7a79257973aca07dca3afe01ecb71421.
[2024-12-01 11:52:38] [DETAILS] resolve upgrades> Searching for downgrades that apply to 1795e2de7a79257973aca07dca3afe01ecb71421.
[2024-12-01 11:52:38] [DETAILS] resolve upgrades> Found downgrade run ending at 1795e2de7a79257973aca07dca3afe01ecb71421.
[2024-12-01 11:52:38] [SPAMMY] execute queries> Error resolving upgrades/downgrades with search paths []:
                      Cannot downgrade to 5af903da088e3746aa283700a43a779302453523: there are no downgrades beyond 1795e2de7a79257973aca07dca3afe01ecb71421
                      com.semmle.util.exception.ResourceError: Cannot downgrade to 5af903da088e3746aa283700a43a779302453523: there are no downgrades beyond 1795e2de7a79257973aca07dca3afe01ecb71421
                      	at com.semmle.cli2.resolve.ResolveUpgradesCommand$AdaptationSequenceBuilder.checkPartialAdaptations(ResolveUpgradesCommand.java:372)
                      	at com.semmle.cli2.resolve.ResolveUpgradesCommand$AdaptationSequenceBuilder.build(ResolveUpgradesCommand.java:354)
                      	at com.semmle.cli2.resolve.ResolveUpgradesCommand.executeJSON(ResolveUpgradesCommand.java:98)
                      	at com.semmle.cli2.resolve.ResolveUpgradesCommand.executeJSON(ResolveUpgradesCommand.java:36)
                      	at com.semmle.cli2.picocli.SimpleJsonSubcommand.executeInsistingOnJSONWithExistingMessages(SimpleJsonSubcommand.java:121)
                      	at com.semmle.cli2.picocli.SubcommandCommon.withCompilationMessages(SubcommandCommon.java:443)
                      	at com.semmle.cli2.picocli.SimpleJsonSubcommand.executeInsistingOnJSON(SimpleJsonSubcommand.java:110)
                      	at com.semmle.cli2.picocli.PlumbingRunner.call(PlumbingRunner.java:61)
                      	at com.semmle.cli2.picocli.SubcommandCommon.callPlumbingInProcess(SubcommandCommon.java:169)
                      	at com.semmle.cli2.ql.QuerySchemaAdapter.resolveAdaptationUsingPaths(QuerySchemaAdapter.java:163)
                      	at com.semmle.cli2.ql.QuerySchemaAdapter.resolveAdaptationWithCache(QuerySchemaAdapter.java:114)
                      	at com.semmle.cli2.ql.QuerySchemaAdapter.adaptToSchema(QuerySchemaAdapter.java:82)
                      	at com.semmle.cli2.execute.ExecuteQueriesCommand$ExecutionIterator.startImpl(ExecuteQueriesCommand.java:229)
                      	at com.semmle.cli2.execute.ExecuteQueriesCommand$ExecutionIterator.start(ExecuteQueriesCommand.java:192)
                      	at com.semmle.cli2.execute.ExecuteQueriesCommand$ExecutionIterator.lambda$next$0(ExecuteQueriesCommand.java:187)
                      	at com.semmle.util.concurrent.FutureUtils.supplyCompose(FutureUtils.java:248)
                      	at com.semmle.util.concurrent.Paralleliser.lambda$startMoreJobs$3(Paralleliser.java:109)
                      	at java.base/java.util.concurrent.ThreadPoolExecutor.runWorker(Unknown Source)
                      	at java.base/java.util.concurrent.ThreadPoolExecutor$Worker.run(Unknown Source)
                      	at java.base/java.lang.Thread.run(Unknown Source)
[2024-12-01 11:52:38] [SPAMMY] execute queries> Resolving database downgrades in extractor directories for C:\Users\Saaru\Desktop\CodeQl\CodeQl\codeql-custom-queries-python\example3.ql
[2024-12-01 11:52:38] Calling plumbing command: codeql resolve languages --format=json
[2024-12-01 11:52:38] [DETAILS] resolve languages> Scanning for [codeql-extractor.yml] from C:\Users\Saaru\Downloads\codeql-win64\codeql\.codeqlmanifest.json
[2024-12-01 11:52:38] [DETAILS] resolve languages> Parsing C:\Users\Saaru\Downloads\codeql-win64\codeql\cpp\codeql-extractor.yml.
[2024-12-01 11:52:38] [DETAILS] resolve languages> Parsing C:\Users\Saaru\Downloads\codeql-win64\codeql\csharp\codeql-extractor.yml.
[2024-12-01 11:52:38] [DETAILS] resolve languages> Parsing C:\Users\Saaru\Downloads\codeql-win64\codeql\csv\codeql-extractor.yml.
[2024-12-01 11:52:38] [DETAILS] resolve languages> Parsing C:\Users\Saaru\Downloads\codeql-win64\codeql\go\codeql-extractor.yml.
[2024-12-01 11:52:38] [DETAILS] resolve languages> Parsing C:\Users\Saaru\Downloads\codeql-win64\codeql\html\codeql-extractor.yml.
[2024-12-01 11:52:38] [DETAILS] resolve languages> Parsing C:\Users\Saaru\Downloads\codeql-win64\codeql\java\codeql-extractor.yml.
[2024-12-01 11:52:38] [DETAILS] resolve languages> Parsing C:\Users\Saaru\Downloads\codeql-win64\codeql\javascript\codeql-extractor.yml.
[2024-12-01 11:52:38] [DETAILS] resolve languages> Parsing C:\Users\Saaru\Downloads\codeql-win64\codeql\properties\codeql-extractor.yml.
[2024-12-01 11:52:38] [DETAILS] resolve languages> Parsing C:\Users\Saaru\Downloads\codeql-win64\codeql\python\codeql-extractor.yml.
[2024-12-01 11:52:38] [DETAILS] resolve languages> Parsing C:\Users\Saaru\Downloads\codeql-win64\codeql\ruby\codeql-extractor.yml.
[2024-12-01 11:52:38] [DETAILS] resolve languages> Parsing C:\Users\Saaru\Downloads\codeql-win64\codeql\swift\codeql-extractor.yml.
[2024-12-01 11:52:38] [DETAILS] resolve languages> Parsing C:\Users\Saaru\Downloads\codeql-win64\codeql\xml\codeql-extractor.yml.
[2024-12-01 11:52:38] [DETAILS] resolve languages> Parsing C:\Users\Saaru\Downloads\codeql-win64\codeql\yaml\codeql-extractor.yml.
[2024-12-01 11:52:38] Plumbing command codeql resolve languages completed:
                      {
                        "aliases" : {
                          "c" : "cpp",
                          "c++" : "cpp",
                          "c-c++" : "cpp",
                          "c-cpp" : "cpp",
                          "c#" : "csharp",
                          "java-kotlin" : "java",
                          "kotlin" : "java",
                          "javascript-typescript" : "javascript",
                          "typescript" : "javascript"
                        },
                        "extractors" : {
                          "cpp" : [
                            {
                              "extractor_root" : "C:\\Users\\Saaru\\Downloads\\codeql-win64\\codeql\\cpp",
                              "extractor_options" : {
                                "scale_timeouts" : {
                                  "title" : "Value to scale compiler introspection timeouts with",
                                  "description" : "The extractor attempts to determine what compiler the source code being extracted is compiled with. To this end the extractor makes additional calls to the compiler, some of which are expected to return within a certain fixed time (either 10s or 15s). On some systems that are under high load this time might be too short, and can be scaled up using this option.\n",
                                  "type" : "string",
                                  "pattern" : "[0-9]+"
                                },
                                "log_verbosity" : {
                                  "title" : "Verbosity of the extractor logging",
                                  "description" : "Set the verbosity of the extractor logging to 'quiet' (0), 'normal' (1), 'chatty' (2), or 'noisy' (3). The default is 'normal'.\n",
                                  "type" : "string",
                                  "pattern" : "[0-3]"
                                }
                              }
                            }
                          ],
                          "csharp" : [
                            {
                              "extractor_root" : "C:\\Users\\Saaru\\Downloads\\codeql-win64\\codeql\\csharp",
                              "extractor_options" : {
                                "trap" : {
                                  "title" : "Options pertaining to TRAP.",
                                  "description" : "Options pertaining to TRAP.",
                                  "type" : "object",
                                  "properties" : {
                                    "compression" : {
                                      "title" : "Controls compression for the TRAP files written by the extractor.",
                                      "description" : "This option is only intended for use in debugging the extractor. Accepted values are 'brotli' (the default, to write brotli-compressed TRAP), 'gzip', and 'none' (to write uncompressed TRAP).\n",
                                      "type" : "string",
                                      "pattern" : "^(none|gzip|brotli)$"
                                    }
                                  }
                                },
                                "buildless" : {
                                  "title" : "DEPRECATED - Whether to use buildless (standalone) extraction.",
                                  "description" : "DEPRECATED: Use `--build-mode none` instead.\nA value indicating, which type of extraction the autobuilder should perform. If 'true', then the standalone extractor will be used, otherwise tracing extraction will be performed. The default is 'false'. Note that buildless extraction will generally yield less accurate analysis results, and should only be used in cases where it is not possible to build the code (for example if it uses inaccessible dependencies).\n",
                                  "type" : "string",
                                  "pattern" : "^(false|true)$"
                                },
                                "logging" : {
                                  "title" : "Options pertaining to logging.",
                                  "description" : "Options pertaining to logging.",
                                  "type" : "object",
                                  "properties" : {
                                    "verbosity" : {
                                      "title" : "Extractor logging verbosity level.",
                                      "description" : "Controls the level of verbosity of the extractor. The supported levels are (in order of increasing verbosity):\n  - off\n  - errors\n  - warnings\n  - info or progress\n  - debug or progress+\n  - trace or progress++\n  - progress+++\n",
                                      "type" : "string",
                                      "pattern" : "^(off|errors|warnings|(info|progress)|(debug|progress\\+)|(trace|progress\\+\\+)|progress\\+\\+\\+)$"
                                    }
                                  }
                                },
                                "binlog" : {
                                  "title" : "Binlog",
                                  "description" : "[EXPERIMENTAL] The value is a path to the MsBuild binary log file that should be extracted. This option only works when `--build-mode none` is also specified.\n",
                                  "type" : "string"
                                }
                              }
                            }
                          ],
                          "csv" : [
                            {
                              "extractor_root" : "C:\\Users\\Saaru\\Downloads\\codeql-win64\\codeql\\csv"
                            }
                          ],
                          "go" : [
                            {
                              "extractor_root" : "C:\\Users\\Saaru\\Downloads\\codeql-win64\\codeql\\go",
                              "extractor_options" : {
                                "extract_tests" : {
                                  "title" : "Whether to include Go test files in the CodeQL database.",
                                  "description" : "A value indicating whether Go test files should be included in the CodeQL database. The default is 'false'.\n",
                                  "type" : "string",
                                  "pattern" : "^(false|true)$"
                                },
                                "extract_vendor_dirs" : {
                                  "title" : "Whether to include Go vendor directories in the CodeQL database.",
                                  "description" : "A value indicating whether Go vendor directories should be included in the CodeQL database. The default is 'false'.\n",
                                  "type" : "string",
                                  "pattern" : "^(false|true)$"
                                }
                              }
                            }
                          ],
                          "html" : [
                            {
                              "extractor_root" : "C:\\Users\\Saaru\\Downloads\\codeql-win64\\codeql\\html"
                            }
                          ],
                          "java" : [
                            {
                              "extractor_root" : "C:\\Users\\Saaru\\Downloads\\codeql-win64\\codeql\\java",
                              "extractor_options" : {
                                "exclude" : {
                                  "title" : "A glob excluding files from analysis.",
                                  "description" : "A glob indicating what files to exclude from the analysis.\n",
                                  "type" : "string"
                                },
                                "add_prefer_source" : {
                                  "title" : "Whether to always prefer source files over class files.",
                                  "description" : "A value indicating whether source files should be preferred over class files. If set to 'true', the extraction adds '-Xprefer:source' to the javac command line. If set to 'false', the extraction uses the default javac behavior ('-Xprefer:newer'). The default is 'true'.\n",
                                  "type" : "string",
                                  "pattern" : "^(false|true)$"
                                },
                                "buildless" : {
                                  "title" : "Whether to use buildless (standalone) extraction (experimental).",
                                  "description" : "A value indicating, which type of extraction the autobuilder should perform. If 'true', then the standalone extractor will be used, otherwise tracing extraction will be performed. The default is 'false'. Note that buildless extraction will generally yield less accurate analysis results, and should only be used in cases where it is not possible to build the code (for example if it uses inaccessible dependencies).\n",
                                  "type" : "string",
                                  "pattern" : "^(false|true)$"
                                }
                              }
                            }
                          ],
                          "javascript" : [
                            {
                              "extractor_root" : "C:\\Users\\Saaru\\Downloads\\codeql-win64\\codeql\\javascript",
                              "extractor_options" : {
                                "skip_types" : {
                                  "title" : "Skip type extraction for TypeScript",
                                  "description" : "Whether to skip the extraction of types in a TypeScript application",
                                  "type" : "string",
                                  "pattern" : "^(false|true)$"
                                }
                              }
                            }
                          ],
                          "properties" : [
                            {
                              "extractor_root" : "C:\\Users\\Saaru\\Downloads\\codeql-win64\\codeql\\properties"
                            }
                          ],
                          "python" : [
                            {
                              "extractor_root" : "C:\\Users\\Saaru\\Downloads\\codeql-win64\\codeql\\python",
                              "extractor_options" : {
                                "logging" : {
                                  "title" : "Options pertaining to logging.",
                                  "description" : "Options pertaining to logging.",
                                  "type" : "object",
                                  "properties" : {
                                    "verbosity" : {
                                      "title" : "Python extractor logging verbosity level.",
                                      "description" : "Controls the level of verbosity of the CodeQL Python extractor.\nThe supported levels are (in order of increasing verbosity):\n\n  - off\n  - errors\n  - warnings\n  - info or progress\n  - debug or progress+\n  - trace or progress++\n  - progress+++\n",
                                      "type" : "string",
                                      "pattern" : "^(off|errors|warnings|(info|progress)|(debug|progress\\+)|(trace|progress\\+\\+)|progress\\+\\+\\+)$"
                                    }
                                  }
                                },
                                "python_executable_name" : {
                                  "title" : "Controls the name of the Python executable used by the Python extractor.",
                                  "description" : "The Python extractor uses platform-dependent heuristics to determine the name of the Python executable to use. Specifying a value for this option overrides the name of the Python executable used by the extractor. Accepted values are py, python and python3. Use this setting with caution, the Python extractor requires Python 3 to run.\n",
                                  "type" : "string",
                                  "pattern" : "^(py|python|python3)$"
                                }
                              }
                            }
                          ],
                          "ruby" : [
                            {
                              "extractor_root" : "C:\\Users\\Saaru\\Downloads\\codeql-win64\\codeql\\ruby",
                              "extractor_options" : {
                                "trap" : {
                                  "title" : "Options pertaining to TRAP.",
                                  "description" : "Options pertaining to TRAP.",
                                  "type" : "object",
                                  "properties" : {
                                    "compression" : {
                                      "title" : "Controls compression for the TRAP files written by the extractor.",
                                      "description" : "This option is only intended for use in debugging the extractor. Accepted values are 'gzip' (the default, to write gzip-compressed TRAP) and 'none' (to write uncompressed TRAP).\n",
                                      "type" : "string",
                                      "pattern" : "^(none|gzip)$"
                                    }
                                  }
                                }
                              }
                            }
                          ],
                          "swift" : [
                            {
                              "extractor_root" : "C:\\Users\\Saaru\\Downloads\\codeql-win64\\codeql\\swift"
                            }
                          ],
                          "xml" : [
                            {
                              "extractor_root" : "C:\\Users\\Saaru\\Downloads\\codeql-win64\\codeql\\xml"
                            }
                          ],
                          "yaml" : [
                            {
                              "extractor_root" : "C:\\Users\\Saaru\\Downloads\\codeql-win64\\codeql\\yaml"
                            }
                          ]
                        }
                      }
[2024-12-01 11:52:38] Calling plumbing command: codeql resolve upgrades --search-path=C:\Users\Saaru\Downloads\codeql-win64\codeql\python --target-sha=5af903da088e3746aa283700a43a779302453523 --allow-downgrades --dbscheme=C:\Users\Saaru\Desktop\CodeQl\CodeQl\database\db-python\semmlecode.python.dbscheme --format=json
[2024-12-01 11:52:38] [DETAILS] resolve upgrades> Searching for upgrades that apply to 1795e2de7a79257973aca07dca3afe01ecb71421.
[2024-12-01 11:52:38] [DETAILS] resolve upgrades> Scanning for [codeql-pack.yml, qlpack.yml] from C:\Users\Saaru\Downloads\codeql-win64\codeql\python\
[2024-12-01 11:52:38] [DETAILS] resolve upgrades> Scanning for [codeql-pack.yml, qlpack.yml] from C:\Users\Saaru\Downloads\codeql-win64\codeql\.codeqlmanifest.json
[2024-12-01 11:52:38] [DETAILS] resolve upgrades> Scanning for [codeql-pack.yml, qlpack.yml] from C:\Users\Saaru\Downloads\codeql-win64\
[2024-12-01 11:52:38] [DETAILS] resolve upgrades> Not scanning from C:\Users\Saaru\Downloads\codeql-win64\codeql which is already done.
[2024-12-01 11:52:38] [DETAILS] resolve upgrades> Will look for upgrades in C:\Users\Saaru\Downloads\codeql-win64\codeql\legacy-upgrades\upgrades
[2024-12-01 11:52:38] [DETAILS] resolve upgrades> Found upgrade run ending at 1795e2de7a79257973aca07dca3afe01ecb71421.
[2024-12-01 11:52:38] [DETAILS] resolve upgrades> Searching for downgrades that apply to 1795e2de7a79257973aca07dca3afe01ecb71421.
[2024-12-01 11:52:38] [DETAILS] resolve upgrades> Will look for downgrades in C:\Users\Saaru\Downloads\codeql-win64\codeql\python\downgrades
[2024-12-01 11:52:38] [DETAILS] resolve upgrades> Found downgrade run ending at 1795e2de7a79257973aca07dca3afe01ecb71421.
[2024-12-01 11:52:38] [SPAMMY] execute queries> Error resolving upgrades/downgrades with search paths [C:\Users\Saaru\Downloads\codeql-win64\codeql\python]:
                      Cannot downgrade to 5af903da088e3746aa283700a43a779302453523: there are no downgrades beyond 1795e2de7a79257973aca07dca3afe01ecb71421
                      com.semmle.util.exception.ResourceError: Cannot downgrade to 5af903da088e3746aa283700a43a779302453523: there are no downgrades beyond 1795e2de7a79257973aca07dca3afe01ecb71421
                      	at com.semmle.cli2.resolve.ResolveUpgradesCommand$AdaptationSequenceBuilder.checkPartialAdaptations(ResolveUpgradesCommand.java:372)
                      	at com.semmle.cli2.resolve.ResolveUpgradesCommand$AdaptationSequenceBuilder.build(ResolveUpgradesCommand.java:354)
                      	at com.semmle.cli2.resolve.ResolveUpgradesCommand.executeJSON(ResolveUpgradesCommand.java:98)
                      	at com.semmle.cli2.resolve.ResolveUpgradesCommand.executeJSON(ResolveUpgradesCommand.java:36)
                      	at com.semmle.cli2.picocli.SimpleJsonSubcommand.executeInsistingOnJSONWithExistingMessages(SimpleJsonSubcommand.java:121)
                      	at com.semmle.cli2.picocli.SubcommandCommon.withCompilationMessages(SubcommandCommon.java:443)
                      	at com.semmle.cli2.picocli.SimpleJsonSubcommand.executeInsistingOnJSON(SimpleJsonSubcommand.java:110)
                      	at com.semmle.cli2.picocli.PlumbingRunner.call(PlumbingRunner.java:61)
                      	at com.semmle.cli2.picocli.SubcommandCommon.callPlumbingInProcess(SubcommandCommon.java:169)
                      	at com.semmle.cli2.ql.QuerySchemaAdapter.resolveAdaptationUsingPaths(QuerySchemaAdapter.java:163)
                      	at com.semmle.cli2.ql.QuerySchemaAdapter.resolveDowngradesForDataset(QuerySchemaAdapter.java:155)
                      	at com.semmle.cli2.ql.QuerySchemaAdapter.resolveAdaptationWithCache(QuerySchemaAdapter.java:123)
                      	at com.semmle.cli2.ql.QuerySchemaAdapter.adaptToSchema(QuerySchemaAdapter.java:82)
                      	at com.semmle.cli2.execute.ExecuteQueriesCommand$ExecutionIterator.startImpl(ExecuteQueriesCommand.java:229)
                      	at com.semmle.cli2.execute.ExecuteQueriesCommand$ExecutionIterator.start(ExecuteQueriesCommand.java:192)
                      	at com.semmle.cli2.execute.ExecuteQueriesCommand$ExecutionIterator.lambda$next$0(ExecuteQueriesCommand.java:187)
                      	at com.semmle.util.concurrent.FutureUtils.supplyCompose(FutureUtils.java:248)
                      	at com.semmle.util.concurrent.Paralleliser.lambda$startMoreJobs$3(Paralleliser.java:109)
                      	at java.base/java.util.concurrent.ThreadPoolExecutor.runWorker(Unknown Source)
                      	at java.base/java.util.concurrent.ThreadPoolExecutor$Worker.run(Unknown Source)
                      	at java.base/java.lang.Thread.run(Unknown Source)
[2024-12-01 11:52:38] [ERROR] Dbscheme mismatch!
                              Query name: C:\Users\Saaru\Desktop\CodeQl\CodeQl\codeql-custom-queries-python\example3.ql
                              Query dbscheme: (5af903da088e3746aa283700a43a779302453523) C:\Users\Saaru\.codeql\packages\codeql\python-all\2.1.2\semmlecode.python.dbscheme
                              Dataset dbscheme: (1795e2de7a79257973aca07dca3afe01ecb71421) C:\Users\Saaru\Desktop\CodeQl\CodeQl\database\db-python\semmlecode.python.dbscheme
[2024-12-01 11:52:38] Calling plumbing command: codeql resolve upgrades --dbscheme=C:\Users\Saaru\Desktop\CodeQl\CodeQl\database\db-python\semmlecode.python.dbscheme --format=json
[2024-12-01 11:52:38] [DETAILS] resolve upgrades> Searching for upgrades that apply to 1795e2de7a79257973aca07dca3afe01ecb71421.
[2024-12-01 11:52:38] [DETAILS] resolve upgrades> Scanning for [codeql-pack.yml, qlpack.yml] from C:\Users\Saaru\Downloads\codeql-win64\codeql\.codeqlmanifest.json
[2024-12-01 11:52:38] [DETAILS] resolve upgrades> Scanning for [codeql-pack.yml, qlpack.yml] from C:\Users\Saaru\Downloads\codeql-win64\
[2024-12-01 11:52:38] [DETAILS] resolve upgrades> Not scanning from C:\Users\Saaru\Downloads\codeql-win64\codeql which is already done.
[2024-12-01 11:52:38] [DETAILS] resolve upgrades> Will look for upgrades in C:\Users\Saaru\Downloads\codeql-win64\codeql\legacy-upgrades\upgrades
[2024-12-01 11:52:38] [DETAILS] resolve upgrades> Found upgrade run ending at 1795e2de7a79257973aca07dca3afe01ecb71421.
[2024-12-01 11:52:38] Plumbing command codeql resolve upgrades completed:
                      {
                        "scripts" : [ ],
                        "finalDbscheme" : "C:\\Users\\Saaru\\Desktop\\CodeQl\\CodeQl\\database\\db-python\\semmlecode.python.dbscheme"
                      }
[2024-12-01 11:52:38] [ERROR] Exception collected asynchronously; saving it while cancelling everything
                              com.semmle.util.exception.UserError: The CodeQL database is not compatible with a QL library referenced by the query you are trying to run.
                              	CodeQL database location: database
                              	Query location: codeql-custom-queries-python\example3.ql
                              The database may be too new for the QL libraries the query is using; try upgrading them.
                              Alternatively, running 'codeql database upgrade database' with an appropriate --search-path option might help.
                              	at com.semmle.cli2.ql.dataset.DatasetLayout.verifyQueryDbscheme(DatasetLayout.java:171)
                              	at com.semmle.cli2.ql.EvaluationCommon.verifyDbscheme(EvaluationCommon.java:145)
                              	at com.semmle.cli2.ql.EvaluationCommon.armQuery(EvaluationCommon.java:159)
                              	at com.semmle.cli2.execute.ExecuteQueriesCommand$ExecutionIterator.startImpl(ExecuteQueriesCommand.java:264)
                              	at com.semmle.cli2.execute.ExecuteQueriesCommand$ExecutionIterator.start(ExecuteQueriesCommand.java:192)
                              	at com.semmle.cli2.execute.ExecuteQueriesCommand$ExecutionIterator.lambda$next$0(ExecuteQueriesCommand.java:187)
                              	at com.semmle.util.concurrent.FutureUtils.supplyCompose(FutureUtils.java:248)
                              	at com.semmle.util.concurrent.Paralleliser.lambda$startMoreJobs$3(Paralleliser.java:109)
                              	at java.base/java.util.concurrent.ThreadPoolExecutor.runWorker(Unknown Source)
                              	at java.base/java.util.concurrent.ThreadPoolExecutor$Worker.run(Unknown Source)
                              	at java.base/java.lang.Thread.run(Unknown Source)
[2024-12-01 11:52:38] Sequence stamp origin is -6110491388234452728
[2024-12-01 11:52:38] Pausing evaluation to close the cache at sequence stamp o+0
[2024-12-01 11:52:38] The disk cache is freshly trimmed; leave it be.
[2024-12-01 11:52:38] Unpausing evaluation
[2024-12-01 11:52:38] This NaiveBuddyAllocator requested 0 eviction rounds.
[2024-12-01 11:52:38] Exception caught in async task: The CodeQL database is not compatible with a QL library referenced by the query you are trying to run.
                      	CodeQL database location: database
                      	Query location: codeql-custom-queries-python\example3.ql
                      The database may be too new for the QL libraries the query is using; try upgrading them.
                      Alternatively, running 'codeql database upgrade database' with an appropriate --search-path option might help.
                      com.semmle.cli2.ql.dataset.DatasetLayout.verifyQueryDbscheme(DatasetLayout.java:171)
                      com.semmle.cli2.ql.EvaluationCommon.verifyDbscheme(EvaluationCommon.java:145)
                      com.semmle.cli2.ql.EvaluationCommon.armQuery(EvaluationCommon.java:159)
                      com.semmle.cli2.execute.ExecuteQueriesCommand$ExecutionIterator.startImpl(ExecuteQueriesCommand.java:264)
                      com.semmle.cli2.execute.ExecuteQueriesCommand$ExecutionIterator.start(ExecuteQueriesCommand.java:192)
                      com.semmle.cli2.execute.ExecuteQueriesCommand$ExecutionIterator.lambda$next$0(ExecuteQueriesCommand.java:187)
                      com.semmle.util.concurrent.FutureUtils.supplyCompose(FutureUtils.java:248)
                      com.semmle.util.concurrent.Paralleliser.lambda$startMoreJobs$3(Paralleliser.java:109)
                      java.base/java.util.concurrent.ThreadPoolExecutor.runWorker(Unknown Source)
                      java.base/java.util.concurrent.ThreadPoolExecutor$Worker.run(Unknown Source)
                      java.base/java.lang.Thread.run(Unknown Source)
